{"/Users/mac/千逐数字资产/刷题网站开发/backend/src/app-v2.ts": {"path":"/Users/mac/千逐数字资产/刷题网站开发/backend/src/app-v2.ts","statementMap":{"0":{"start":{"line":168,"column":0},"end":{"line":168,"column":7}},"1":{"start":{"line":1,"column":0},"end":{"line":1,"column":28}},"2":{"start":{"line":2,"column":0},"end":{"line":2,"column":24}},"3":{"start":{"line":5,"column":0},"end":{"line":5,"column":57}},"4":{"start":{"line":7,"column":0},"end":{"line":7,"column":30}},"5":{"start":{"line":8,"column":0},"end":{"line":8,"column":24}},"6":{"start":{"line":9,"column":0},"end":{"line":9,"column":28}},"7":{"start":{"line":10,"column":0},"end":{"line":10,"column":38}},"8":{"start":{"line":11,"column":0},"end":{"line":11,"column":28}},"9":{"start":{"line":12,"column":0},"end":{"line":12,"column":41}},"10":{"start":{"line":15,"column":0},"end":{"line":15,"column":84}},"11":{"start":{"line":16,"column":0},"end":{"line":16,"column":71}},"12":{"start":{"line":17,"column":0},"end":{"line":17,"column":40}},"13":{"start":{"line":18,"column":0},"end":{"line":18,"column":50}},"14":{"start":{"line":19,"column":0},"end":{"line":19,"column":54}},"15":{"start":{"line":22,"column":0},"end":{"line":22,"column":42}},"16":{"start":{"line":23,"column":0},"end":{"line":23,"column":46}},"17":{"start":{"line":24,"column":0},"end":{"line":24,"column":42}},"18":{"start":{"line":25,"column":0},"end":{"line":25,"column":40}},"19":{"start":{"line":26,"column":0},"end":{"line":26,"column":38}},"20":{"start":{"line":29,"column":0},"end":{"line":29,"column":47}},"21":{"start":{"line":30,"column":0},"end":{"line":30,"column":47}},"22":{"start":{"line":34,"column":0},"end":{"line":34,"column":30}},"23":{"start":{"line":36,"column":12},"end":{"line":36,"column":21}},"24":{"start":{"line":37,"column":13},"end":{"line":37,"column":37}},"25":{"start":{"line":38,"column":13},"end":{"line":38,"column":44}},"26":{"start":{"line":41,"column":0},"end":{"line":43,"column":4}},"27":{"start":{"line":44,"column":0},"end":{"line":44,"column":23}},"28":{"start":{"line":45,"column":0},"end":{"line":48,"column":4}},"29":{"start":{"line":49,"column":0},"end":{"line":51,"column":4}},"30":{"start":{"line":50,"column":32},"end":{"line":50,"column":59}},"31":{"start":{"line":52,"column":0},"end":{"line":52,"column":41}},"32":{"start":{"line":53,"column":0},"end":{"line":53,"column":63}},"33":{"start":{"line":54,"column":0},"end":{"line":54,"column":24}},"34":{"start":{"line":57,"column":0},"end":{"line":57,"column":73}},"35":{"start":{"line":60,"column":0},"end":{"line":89,"column":3}},"36":{"start":{"line":61,"column":2},"end":{"line":88,"column":3}},"37":{"start":{"line":62,"column":36},"end":{"line":65,"column":6}},"38":{"start":{"line":67,"column":19},"end":{"line":77,"column":6}},"39":{"start":{"line":79,"column":23},"end":{"line":79,"column":79}},"40":{"start":{"line":80,"column":4},"end":{"line":80,"column":40}},"41":{"start":{"line":82,"column":4},"end":{"line":82,"column":35}},"42":{"start":{"line":83,"column":4},"end":{"line":87,"column":7}},"43":{"start":{"line":92,"column":0},"end":{"line":92,"column":33}},"44":{"start":{"line":93,"column":0},"end":{"line":93,"column":37}},"45":{"start":{"line":94,"column":0},"end":{"line":94,"column":33}},"46":{"start":{"line":95,"column":0},"end":{"line":95,"column":31}},"47":{"start":{"line":96,"column":0},"end":{"line":96,"column":29}},"48":{"start":{"line":99,"column":0},"end":{"line":99,"column":38}},"49":{"start":{"line":100,"column":0},"end":{"line":100,"column":38}},"50":{"start":{"line":104,"column":0},"end":{"line":125,"column":3}},"51":{"start":{"line":105,"column":2},"end":{"line":124,"column":5}},"52":{"start":{"line":128,"column":0},"end":{"line":142,"column":3}},"53":{"start":{"line":129,"column":2},"end":{"line":141,"column":5}},"54":{"start":{"line":145,"column":0},"end":{"line":165,"column":3}},"55":{"start":{"line":146,"column":2},"end":{"line":153,"column":5}},"56":{"start":{"line":155,"column":2},"end":{"line":164,"column":5}},"57":{"start":{"line":169,"column":2},"end":{"line":268,"column":3}},"58":{"start":{"line":170,"column":4},"end":{"line":170,"column":48}},"59":{"start":{"line":173,"column":4},"end":{"line":173,"column":32}},"60":{"start":{"line":174,"column":22},"end":{"line":174,"column":43}},"61":{"start":{"line":175,"column":33},"end":{"line":175,"column":62}},"62":{"start":{"line":177,"column":4},"end":{"line":184,"column":5}},"63":{"start":{"line":178,"column":6},"end":{"line":178,"column":32}},"64":{"start":{"line":179,"column":6},"end":{"line":179,"column":46}},"65":{"start":{"line":180,"column":6},"end":{"line":180,"column":60}},"66":{"start":{"line":181,"column":6},"end":{"line":181,"column":47}},"67":{"start":{"line":182,"column":6},"end":{"line":182,"column":35}},"68":{"start":{"line":186,"column":4},"end":{"line":186,"column":30}},"69":{"start":{"line":189,"column":4},"end":{"line":191,"column":5}},"70":{"start":{"line":190,"column":6},"end":{"line":190,"column":71}},"71":{"start":{"line":194,"column":4},"end":{"line":194,"column":23}},"72":{"start":{"line":195,"column":4},"end":{"line":195,"column":35}},"73":{"start":{"line":198,"column":4},"end":{"line":198,"column":22}},"74":{"start":{"line":199,"column":4},"end":{"line":199,"column":31}},"75":{"start":{"line":202,"column":4},"end":{"line":202,"column":23}},"76":{"start":{"line":203,"column":4},"end":{"line":203,"column":28}},"77":{"start":{"line":206,"column":19},"end":{"line":237,"column":6}},"78":{"start":{"line":207,"column":6},"end":{"line":213,"column":9}},"79":{"start":{"line":215,"column":6},"end":{"line":215,"column":39}},"80":{"start":{"line":216,"column":6},"end":{"line":216,"column":32}},"81":{"start":{"line":217,"column":6},"end":{"line":217,"column":73}},"82":{"start":{"line":218,"column":6},"end":{"line":218,"column":70}},"83":{"start":{"line":220,"column":6},"end":{"line":220,"column":32}},"84":{"start":{"line":221,"column":6},"end":{"line":221,"column":66}},"85":{"start":{"line":222,"column":6},"end":{"line":222,"column":71}},"86":{"start":{"line":224,"column":6},"end":{"line":224,"column":32}},"87":{"start":{"line":225,"column":6},"end":{"line":225,"column":68}},"88":{"start":{"line":226,"column":6},"end":{"line":226,"column":64}},"89":{"start":{"line":227,"column":6},"end":{"line":227,"column":68}},"90":{"start":{"line":229,"column":6},"end":{"line":229,"column":32}},"91":{"start":{"line":230,"column":6},"end":{"line":230,"column":67}},"92":{"start":{"line":231,"column":6},"end":{"line":231,"column":63}},"93":{"start":{"line":232,"column":6},"end":{"line":232,"column":67}},"94":{"start":{"line":234,"column":6},"end":{"line":234,"column":33}},"95":{"start":{"line":235,"column":6},"end":{"line":235,"column":62}},"96":{"start":{"line":236,"column":6},"end":{"line":236,"column":59}},"97":{"start":{"line":240,"column":29},"end":{"line":258,"column":5}},"98":{"start":{"line":241,"column":6},"end":{"line":241,"column":47}},"99":{"start":{"line":243,"column":6},"end":{"line":251,"column":9}},"100":{"start":{"line":244,"column":8},"end":{"line":244,"column":34}},"101":{"start":{"line":247,"column":8},"end":{"line":247,"column":33}},"102":{"start":{"line":248,"column":8},"end":{"line":248,"column":32}},"103":{"start":{"line":250,"column":8},"end":{"line":250,"column":24}},"104":{"start":{"line":254,"column":6},"end":{"line":257,"column":16}},"105":{"start":{"line":255,"column":8},"end":{"line":255,"column":32}},"106":{"start":{"line":256,"column":8},"end":{"line":256,"column":24}},"107":{"start":{"line":260,"column":4},"end":{"line":260,"column":61}},"108":{"start":{"line":260,"column":32},"end":{"line":260,"column":59}},"109":{"start":{"line":261,"column":4},"end":{"line":261,"column":59}},"110":{"start":{"line":261,"column":31},"end":{"line":261,"column":57}},"111":{"start":{"line":263,"column":4},"end":{"line":263,"column":18}},"112":{"start":{"line":266,"column":4},"end":{"line":266,"column":36}},"113":{"start":{"line":267,"column":4},"end":{"line":267,"column":20}},"114":{"start":{"line":272,"column":0},"end":{"line":274,"column":1}},"115":{"start":{"line":273,"column":2},"end":{"line":273,"column":16}},"116":{"start":{"line":276,"column":0},"end":{"line":276,"column":19}}},"fnMap":{"0":{"name":"(anonymous_1)","decl":{"start":{"line":50,"column":19},"end":{"line":50,"column":20}},"loc":{"start":{"line":50,"column":32},"end":{"line":50,"column":59}}},"1":{"name":"(anonymous_2)","decl":{"start":{"line":60,"column":19},"end":{"line":60,"column":24}},"loc":{"start":{"line":60,"column":38},"end":{"line":89,"column":1}}},"2":{"name":"(anonymous_3)","decl":{"start":{"line":104,"column":16},"end":{"line":104,"column":17}},"loc":{"start":{"line":104,"column":29},"end":{"line":125,"column":1}}},"3":{"name":"(anonymous_4)","decl":{"start":{"line":128,"column":13},"end":{"line":128,"column":14}},"loc":{"start":{"line":128,"column":26},"end":{"line":142,"column":1}}},"4":{"name":"(anonymous_5)","decl":{"start":{"line":145,"column":8},"end":{"line":145,"column":9}},"loc":{"start":{"line":145,"column":96},"end":{"line":165,"column":1}}},"5":{"name":"startServer","decl":{"start":{"line":168,"column":22},"end":{"line":168,"column":33}},"loc":{"start":{"line":168,"column":33},"end":{"line":269,"column":1}}},"6":{"name":"(anonymous_7)","decl":{"start":{"line":206,"column":36},"end":{"line":206,"column":39}},"loc":{"start":{"line":206,"column":41},"end":{"line":237,"column":5}}},"7":{"name":"(anonymous_8)","decl":{"start":{"line":240,"column":29},"end":{"line":240,"column":34}},"loc":{"start":{"line":240,"column":54},"end":{"line":258,"column":5}}},"8":{"name":"(anonymous_9)","decl":{"start":{"line":243,"column":19},"end":{"line":243,"column":24}},"loc":{"start":{"line":243,"column":30},"end":{"line":251,"column":7}}},"9":{"name":"(anonymous_10)","decl":{"start":{"line":254,"column":17},"end":{"line":254,"column":20}},"loc":{"start":{"line":254,"column":22},"end":{"line":257,"column":7}}},"10":{"name":"(anonymous_11)","decl":{"start":{"line":260,"column":26},"end":{"line":260,"column":29}},"loc":{"start":{"line":260,"column":32},"end":{"line":260,"column":59}}},"11":{"name":"(anonymous_12)","decl":{"start":{"line":261,"column":25},"end":{"line":261,"column":28}},"loc":{"start":{"line":261,"column":31},"end":{"line":261,"column":57}}}},"branchMap":{"0":{"loc":{"start":{"line":37,"column":13},"end":{"line":37,"column":37}},"type":"binary-expr","locations":[{"start":{"line":37,"column":13},"end":{"line":37,"column":29}},{"start":{"line":37,"column":33},"end":{"line":37,"column":37}}]},"1":{"loc":{"start":{"line":38,"column":13},"end":{"line":38,"column":44}},"type":"binary-expr","locations":[{"start":{"line":38,"column":13},"end":{"line":38,"column":29}},{"start":{"line":38,"column":33},"end":{"line":38,"column":44}}]},"2":{"loc":{"start":{"line":46,"column":10},"end":{"line":46,"column":87}},"type":"binary-expr","locations":[{"start":{"line":46,"column":10},"end":{"line":46,"column":33}},{"start":{"line":46,"column":37},"end":{"line":46,"column":87}}]},"3":{"loc":{"start":{"line":70,"column":15},"end":{"line":70,"column":57}},"type":"binary-expr","locations":[{"start":{"line":70,"column":15},"end":{"line":70,"column":46}},{"start":{"line":70,"column":50},"end":{"line":70,"column":57}}]},"4":{"loc":{"start":{"line":71,"column":19},"end":{"line":71,"column":56}},"type":"binary-expr","locations":[{"start":{"line":71,"column":19},"end":{"line":71,"column":39}},{"start":{"line":71,"column":43},"end":{"line":71,"column":56}}]},"5":{"loc":{"start":{"line":73,"column":18},"end":{"line":73,"column":52}},"type":"cond-expr","locations":[{"start":{"line":73,"column":29},"end":{"line":73,"column":38}},{"start":{"line":73,"column":41},"end":{"line":73,"column":52}}]},"6":{"loc":{"start":{"line":79,"column":23},"end":{"line":79,"column":79}},"type":"cond-expr","locations":[{"start":{"line":79,"column":70},"end":{"line":79,"column":73}},{"start":{"line":79,"column":76},"end":{"line":79,"column":79}}]},"7":{"loc":{"start":{"line":79,"column":23},"end":{"line":79,"column":67}},"type":"binary-expr","locations":[{"start":{"line":79,"column":23},"end":{"line":79,"column":31}},{"start":{"line":79,"column":35},"end":{"line":79,"column":67}}]},"8":{"loc":{"start":{"line":86,"column":13},"end":{"line":86,"column":69}},"type":"cond-expr","locations":[{"start":{"line":86,"column":38},"end":{"line":86,"column":51}},{"start":{"line":86,"column":54},"end":{"line":86,"column":69}}]},"9":{"loc":{"start":{"line":155,"column":13},"end":{"line":155,"column":32}},"type":"binary-expr","locations":[{"start":{"line":155,"column":13},"end":{"line":155,"column":25}},{"start":{"line":155,"column":29},"end":{"line":155,"column":32}}]},"10":{"loc":{"start":{"line":157,"column":13},"end":{"line":159,"column":21}},"type":"cond-expr","locations":[{"start":{"line":158,"column":8},"end":{"line":158,"column":17}},{"start":{"line":159,"column":8},"end":{"line":159,"column":21}}]},"11":{"loc":{"start":{"line":160,"column":8},"end":{"line":163,"column":6}},"type":"binary-expr","locations":[{"start":{"line":160,"column":8},"end":{"line":160,"column":45}},{"start":{"line":160,"column":49},"end":{"line":163,"column":6}}]},"12":{"loc":{"start":{"line":177,"column":4},"end":{"line":184,"column":5}},"type":"if","locations":[{"start":{"line":177,"column":4},"end":{"line":184,"column":5}}]},"13":{"loc":{"start":{"line":189,"column":4},"end":{"line":191,"column":5}},"type":"if","locations":[{"start":{"line":189,"column":4},"end":{"line":191,"column":5}}]},"14":{"loc":{"start":{"line":210,"column":21},"end":{"line":210,"column":58}},"type":"binary-expr","locations":[{"start":{"line":210,"column":21},"end":{"line":210,"column":41}},{"start":{"line":210,"column":45},"end":{"line":210,"column":58}}]},"15":{"loc":{"start":{"line":272,"column":0},"end":{"line":274,"column":1}},"type":"if","locations":[{"start":{"line":272,"column":0},"end":{"line":274,"column":1}}]}},"s":{"0":0,"1":0,"2":0,"3":0,"4":0,"5":0,"6":0,"7":0,"8":0,"9":0,"10":0,"11":0,"12":0,"13":0,"14":0,"15":0,"16":0,"17":0,"18":0,"19":0,"20":0,"21":0,"22":0,"23":0,"24":0,"25":0,"26":0,"27":0,"28":0,"29":0,"30":0,"31":0,"32":0,"33":0,"34":0,"35":0,"36":0,"37":0,"38":0,"39":0,"40":0,"41":0,"42":0,"43":0,"44":0,"45":0,"46":0,"47":0,"48":0,"49":0,"50":0,"51":0,"52":0,"53":0,"54":0,"55":0,"56":0,"57":0,"58":0,"59":0,"60":0,"61":0,"62":0,"63":0,"64":0,"65":0,"66":0,"67":0,"68":0,"69":0,"70":0,"71":0,"72":0,"73":0,"74":0,"75":0,"76":0,"77":0,"78":0,"79":0,"80":0,"81":0,"82":0,"83":0,"84":0,"85":0,"86":0,"87":0,"88":0,"89":0,"90":0,"91":0,"92":0,"93":0,"94":0,"95":0,"96":0,"97":0,"98":0,"99":0,"100":0,"101":0,"102":0,"103":0,"104":0,"105":0,"106":0,"107":0,"108":0,"109":0,"110":0,"111":0,"112":0,"113":0,"114":0,"115":0,"116":0},"f":{"0":0,"1":0,"2":0,"3":0,"4":0,"5":0,"6":0,"7":0,"8":0,"9":0,"10":0,"11":0},"b":{"0":[0,0],"1":[0,0],"2":[0,0],"3":[0,0],"4":[0,0],"5":[0,0],"6":[0,0],"7":[0,0],"8":[0,0],"9":[0,0],"10":[0,0],"11":[0,0],"12":[0],"13":[0],"14":[0,0],"15":[0]}}
,"/Users/mac/千逐数字资产/刷题网站开发/backend/src/app.ts": {"path":"/Users/mac/千逐数字资产/刷题网站开发/backend/src/app.ts","statementMap":{"0":{"start":{"line":1,"column":0},"end":{"line":1,"column":67}},"1":{"start":{"line":2,"column":0},"end":{"line":2,"column":24}},"2":{"start":{"line":3,"column":0},"end":{"line":3,"column":28}},"3":{"start":{"line":4,"column":0},"end":{"line":4,"column":28}},"4":{"start":{"line":5,"column":0},"end":{"line":5,"column":38}},"5":{"start":{"line":6,"column":0},"end":{"line":6,"column":41}},"6":{"start":{"line":7,"column":0},"end":{"line":7,"column":47}},"7":{"start":{"line":9,"column":0},"end":{"line":9,"column":40}},"8":{"start":{"line":10,"column":0},"end":{"line":10,"column":44}},"9":{"start":{"line":13,"column":0},"end":{"line":13,"column":45}},"10":{"start":{"line":14,"column":0},"end":{"line":14,"column":45}},"11":{"start":{"line":15,"column":0},"end":{"line":15,"column":41}},"12":{"start":{"line":16,"column":0},"end":{"line":16,"column":53}},"13":{"start":{"line":18,"column":12},"end":{"line":18,"column":21}},"14":{"start":{"line":21,"column":0},"end":{"line":21,"column":26}},"15":{"start":{"line":24,"column":0},"end":{"line":34,"column":4}},"16":{"start":{"line":37,"column":20},"end":{"line":57,"column":2}},"17":{"start":{"line":39,"column":27},"end":{"line":43,"column":6}},"18":{"start":{"line":46,"column":4},"end":{"line":46,"column":45}},"19":{"start":{"line":46,"column":17},"end":{"line":46,"column":45}},"20":{"start":{"line":48,"column":4},"end":{"line":52,"column":5}},"21":{"start":{"line":49,"column":6},"end":{"line":49,"column":27}},"22":{"start":{"line":51,"column":6},"end":{"line":51,"column":47}},"23":{"start":{"line":59,"column":0},"end":{"line":59,"column":27}},"24":{"start":{"line":62,"column":0},"end":{"line":72,"column":1}},"25":{"start":{"line":63,"column":2},"end":{"line":63,"column":25}},"26":{"start":{"line":65,"column":2},"end":{"line":71,"column":6}},"27":{"start":{"line":68,"column":8},"end":{"line":68,"column":36}},"28":{"start":{"line":75,"column":0},"end":{"line":75,"column":23}},"29":{"start":{"line":78,"column":0},"end":{"line":78,"column":41}},"30":{"start":{"line":79,"column":0},"end":{"line":79,"column":63}},"31":{"start":{"line":82,"column":0},"end":{"line":82,"column":24}},"32":{"start":{"line":85,"column":16},"end":{"line":94,"column":2}},"33":{"start":{"line":96,"column":0},"end":{"line":96,"column":26}},"34":{"start":{"line":99,"column":0},"end":{"line":106,"column":3}},"35":{"start":{"line":100,"column":2},"end":{"line":105,"column":5}},"36":{"start":{"line":109,"column":0},"end":{"line":109,"column":33}},"37":{"start":{"line":110,"column":0},"end":{"line":110,"column":36}},"38":{"start":{"line":111,"column":0},"end":{"line":111,"column":29}},"39":{"start":{"line":112,"column":0},"end":{"line":112,"column":41}},"40":{"start":{"line":115,"column":0},"end":{"line":117,"column":3}},"41":{"start":{"line":116,"column":2},"end":{"line":116,"column":55}},"42":{"start":{"line":120,"column":0},"end":{"line":169,"column":3}},"43":{"start":{"line":121,"column":12},"end":{"line":121,"column":24}},"44":{"start":{"line":122,"column":2},"end":{"line":122,"column":30}},"45":{"start":{"line":125,"column":2},"end":{"line":132,"column":5}},"46":{"start":{"line":135,"column":2},"end":{"line":138,"column":3}},"47":{"start":{"line":136,"column":20},"end":{"line":136,"column":27}},"48":{"start":{"line":137,"column":4},"end":{"line":137,"column":37}},"49":{"start":{"line":141,"column":2},"end":{"line":144,"column":3}},"50":{"start":{"line":142,"column":20},"end":{"line":142,"column":27}},"51":{"start":{"line":143,"column":4},"end":{"line":143,"column":37}},"52":{"start":{"line":147,"column":2},"end":{"line":150,"column":3}},"53":{"start":{"line":148,"column":20},"end":{"line":148,"column":89}},"54":{"start":{"line":148,"column":66},"end":{"line":148,"column":77}},"55":{"start":{"line":149,"column":4},"end":{"line":149,"column":37}},"56":{"start":{"line":153,"column":2},"end":{"line":156,"column":3}},"57":{"start":{"line":154,"column":20},"end":{"line":154,"column":27}},"58":{"start":{"line":155,"column":4},"end":{"line":155,"column":37}},"59":{"start":{"line":158,"column":2},"end":{"line":161,"column":3}},"60":{"start":{"line":159,"column":20},"end":{"line":159,"column":27}},"61":{"start":{"line":160,"column":4},"end":{"line":160,"column":37}},"62":{"start":{"line":164,"column":2},"end":{"line":168,"column":5}},"63":{"start":{"line":172,"column":0},"end":{"line":175,"column":3}},"64":{"start":{"line":173,"column":2},"end":{"line":173,"column":38}},"65":{"start":{"line":174,"column":2},"end":{"line":174,"column":18}},"66":{"start":{"line":177,"column":0},"end":{"line":180,"column":3}},"67":{"start":{"line":178,"column":2},"end":{"line":178,"column":31}},"68":{"start":{"line":179,"column":2},"end":{"line":179,"column":18}},"69":{"start":{"line":182,"column":0},"end":{"line":182,"column":19}}},"fnMap":{"0":{"name":"(anonymous_1)","decl":{"start":{"line":38,"column":10},"end":{"line":38,"column":20}},"loc":{"start":{"line":38,"column":102},"end":{"line":53,"column":3}}},"1":{"name":"(anonymous_2)","decl":{"start":{"line":67,"column":13},"end":{"line":67,"column":14}},"loc":{"start":{"line":67,"column":33},"end":{"line":69,"column":7}}},"2":{"name":"(anonymous_3)","decl":{"start":{"line":99,"column":19},"end":{"line":99,"column":20}},"loc":{"start":{"line":99,"column":51},"end":{"line":106,"column":1}}},"3":{"name":"(anonymous_4)","decl":{"start":{"line":115,"column":13},"end":{"line":115,"column":14}},"loc":{"start":{"line":115,"column":65},"end":{"line":117,"column":1}}},"4":{"name":"(anonymous_5)","decl":{"start":{"line":120,"column":8},"end":{"line":120,"column":9}},"loc":{"start":{"line":120,"column":72},"end":{"line":169,"column":1}}},"5":{"name":"(anonymous_6)","decl":{"start":{"line":148,"column":52},"end":{"line":148,"column":53}},"loc":{"start":{"line":148,"column":66},"end":{"line":148,"column":77}}},"6":{"name":"(anonymous_7)","decl":{"start":{"line":172,"column":33},"end":{"line":172,"column":34}},"loc":{"start":{"line":172,"column":48},"end":{"line":175,"column":1}}},"7":{"name":"(anonymous_8)","decl":{"start":{"line":177,"column":32},"end":{"line":177,"column":33}},"loc":{"start":{"line":177,"column":47},"end":{"line":180,"column":1}}}},"branchMap":{"0":{"loc":{"start":{"line":40,"column":6},"end":{"line":40,"column":56}},"type":"binary-expr","locations":[{"start":{"line":40,"column":6},"end":{"line":40,"column":29}},{"start":{"line":40,"column":33},"end":{"line":40,"column":56}}]},"1":{"loc":{"start":{"line":46,"column":4},"end":{"line":46,"column":45}},"type":"if","locations":[{"start":{"line":46,"column":4},"end":{"line":46,"column":45}}]},"2":{"loc":{"start":{"line":48,"column":4},"end":{"line":52,"column":5}},"type":"if","locations":[{"start":{"line":48,"column":4},"end":{"line":52,"column":5}},{"start":{"line":50,"column":11},"end":{"line":52,"column":5}}]},"3":{"loc":{"start":{"line":62,"column":0},"end":{"line":72,"column":1}},"type":"if","locations":[{"start":{"line":62,"column":0},"end":{"line":72,"column":1}},{"start":{"line":64,"column":7},"end":{"line":72,"column":1}}]},"4":{"loc":{"start":{"line":86,"column":21},"end":{"line":86,"column":65}},"type":"binary-expr","locations":[{"start":{"line":86,"column":21},"end":{"line":86,"column":53}},{"start":{"line":86,"column":57},"end":{"line":86,"column":65}}]},"5":{"loc":{"start":{"line":87,"column":16},"end":{"line":87,"column":60}},"type":"binary-expr","locations":[{"start":{"line":87,"column":16},"end":{"line":87,"column":51}},{"start":{"line":87,"column":55},"end":{"line":87,"column":60}}]},"6":{"loc":{"start":{"line":104,"column":17},"end":{"line":104,"column":54}},"type":"binary-expr","locations":[{"start":{"line":104,"column":17},"end":{"line":104,"column":37}},{"start":{"line":104,"column":41},"end":{"line":104,"column":54}}]},"7":{"loc":{"start":{"line":135,"column":2},"end":{"line":138,"column":3}},"type":"if","locations":[{"start":{"line":135,"column":2},"end":{"line":138,"column":3}}]},"8":{"loc":{"start":{"line":141,"column":2},"end":{"line":144,"column":3}},"type":"if","locations":[{"start":{"line":141,"column":2},"end":{"line":144,"column":3}}]},"9":{"loc":{"start":{"line":147,"column":2},"end":{"line":150,"column":3}},"type":"if","locations":[{"start":{"line":147,"column":2},"end":{"line":150,"column":3}}]},"10":{"loc":{"start":{"line":153,"column":2},"end":{"line":156,"column":3}},"type":"if","locations":[{"start":{"line":153,"column":2},"end":{"line":156,"column":3}}]},"11":{"loc":{"start":{"line":158,"column":2},"end":{"line":161,"column":3}},"type":"if","locations":[{"start":{"line":158,"column":2},"end":{"line":161,"column":3}}]},"12":{"loc":{"start":{"line":164,"column":13},"end":{"line":164,"column":34}},"type":"binary-expr","locations":[{"start":{"line":164,"column":13},"end":{"line":164,"column":27}},{"start":{"line":164,"column":31},"end":{"line":164,"column":34}}]},"13":{"loc":{"start":{"line":166,"column":13},"end":{"line":166,"column":37}},"type":"binary-expr","locations":[{"start":{"line":166,"column":13},"end":{"line":166,"column":24}},{"start":{"line":166,"column":28},"end":{"line":166,"column":37}}]},"14":{"loc":{"start":{"line":167,"column":8},"end":{"line":167,"column":72}},"type":"binary-expr","locations":[{"start":{"line":167,"column":8},"end":{"line":167,"column":46}},{"start":{"line":167,"column":50},"end":{"line":167,"column":72}}]}},"s":{"0":0,"1":0,"2":0,"3":0,"4":0,"5":0,"6":0,"7":0,"8":0,"9":0,"10":0,"11":0,"12":0,"13":0,"14":0,"15":0,"16":0,"17":0,"18":0,"19":0,"20":0,"21":0,"22":0,"23":0,"24":0,"25":0,"26":0,"27":0,"28":0,"29":0,"30":0,"31":0,"32":0,"33":0,"34":0,"35":0,"36":0,"37":0,"38":0,"39":0,"40":0,"41":0,"42":0,"43":0,"44":0,"45":0,"46":0,"47":0,"48":0,"49":0,"50":0,"51":0,"52":0,"53":0,"54":0,"55":0,"56":0,"57":0,"58":0,"59":0,"60":0,"61":0,"62":0,"63":0,"64":0,"65":0,"66":0,"67":0,"68":0,"69":0},"f":{"0":0,"1":0,"2":0,"3":0,"4":0,"5":0,"6":0,"7":0},"b":{"0":[0,0],"1":[0],"2":[0,0],"3":[0,0],"4":[0,0],"5":[0,0],"6":[0,0],"7":[0],"8":[0],"9":[0],"10":[0],"11":[0],"12":[0,0],"13":[0,0],"14":[0,0]}}
,"/Users/mac/千逐数字资产/刷题网站开发/backend/src/enhanced-server.ts": {"path":"/Users/mac/千逐数字资产/刷题网站开发/backend/src/enhanced-server.ts","statementMap":{"0":{"start":{"line":1,"column":0},"end":{"line":1,"column":30}},"1":{"start":{"line":2,"column":0},"end":{"line":2,"column":24}},"2":{"start":{"line":3,"column":0},"end":{"line":3,"column":28}},"3":{"start":{"line":4,"column":0},"end":{"line":4,"column":24}},"4":{"start":{"line":5,"column":0},"end":{"line":5,"column":28}},"5":{"start":{"line":6,"column":0},"end":{"line":6,"column":61}},"6":{"start":{"line":9,"column":0},"end":{"line":9,"column":57}},"7":{"start":{"line":11,"column":12},"end":{"line":11,"column":21}},"8":{"start":{"line":12,"column":13},"end":{"line":12,"column":37}},"9":{"start":{"line":15,"column":26},"end":{"line":15,"column":49}},"10":{"start":{"line":18,"column":15},"end":{"line":30,"column":2}},"11":{"start":{"line":24,"column":4},"end":{"line":28,"column":5}},"12":{"start":{"line":25,"column":6},"end":{"line":25,"column":21}},"13":{"start":{"line":27,"column":6},"end":{"line":27,"column":32}},"14":{"start":{"line":33,"column":0},"end":{"line":36,"column":4}},"15":{"start":{"line":37,"column":0},"end":{"line":37,"column":41}},"16":{"start":{"line":38,"column":0},"end":{"line":38,"column":48}},"17":{"start":{"line":41,"column":19},"end":{"line":41,"column":41}},"18":{"start":{"line":44,"column":0},"end":{"line":51,"column":3}},"19":{"start":{"line":45,"column":2},"end":{"line":50,"column":5}},"20":{"start":{"line":54,"column":0},"end":{"line":70,"column":3}},"21":{"start":{"line":55,"column":21},"end":{"line":55,"column":29}},"22":{"start":{"line":57,"column":2},"end":{"line":62,"column":3}},"23":{"start":{"line":58,"column":4},"end":{"line":61,"column":7}},"24":{"start":{"line":65,"column":2},"end":{"line":69,"column":5}},"25":{"start":{"line":73,"column":0},"end":{"line":180,"column":3}},"26":{"start":{"line":74,"column":2},"end":{"line":179,"column":3}},"27":{"start":{"line":75,"column":45},"end":{"line":75,"column":53}},"28":{"start":{"line":76,"column":25},"end":{"line":76,"column":33}},"29":{"start":{"line":78,"column":24},"end":{"line":78,"column":26}},"30":{"start":{"line":79,"column":25},"end":{"line":79,"column":50}},"31":{"start":{"line":81,"column":4},"end":{"line":104,"column":5}},"32":{"start":{"line":83,"column":6},"end":{"line":83,"column":118}},"33":{"start":{"line":85,"column":26},"end":{"line":88,"column":null}},"34":{"start":{"line":91,"column":6},"end":{"line":91,"column":39}},"35":{"start":{"line":92,"column":6},"end":{"line":92,"column":49}},"36":{"start":{"line":94,"column":6},"end":{"line":94,"column":68}},"37":{"start":{"line":95,"column":11},"end":{"line":104,"column":5}},"38":{"start":{"line":97,"column":6},"end":{"line":97,"column":34}},"39":{"start":{"line":98,"column":6},"end":{"line":98,"column":57}},"40":{"start":{"line":100,"column":6},"end":{"line":103,"column":9}},"41":{"start":{"line":106,"column":4},"end":{"line":111,"column":5}},"42":{"start":{"line":107,"column":6},"end":{"line":110,"column":9}},"43":{"start":{"line":114,"column":19},"end":{"line":114,"column":82}},"44":{"start":{"line":117,"column":4},"end":{"line":124,"column":7}},"45":{"start":{"line":127,"column":4},"end":{"line":165,"column":13}},"46":{"start":{"line":128,"column":6},"end":{"line":164,"column":7}},"47":{"start":{"line":130,"column":21},"end":{"line":130,"column":43}},"48":{"start":{"line":131,"column":8},"end":{"line":135,"column":9}},"49":{"start":{"line":132,"column":10},"end":{"line":132,"column":29}},"50":{"start":{"line":133,"column":10},"end":{"line":133,"column":37}},"51":{"start":{"line":134,"column":10},"end":{"line":134,"column":39}},"52":{"start":{"line":138,"column":8},"end":{"line":138,"column":64}},"53":{"start":{"line":138,"column":37},"end":{"line":138,"column":62}},"54":{"start":{"line":140,"column":25},"end":{"line":140,"column":83}},"55":{"start":{"line":143,"column":26},"end":{"line":143,"column":48}},"56":{"start":{"line":144,"column":8},"end":{"line":153,"column":9}},"57":{"start":{"line":145,"column":10},"end":{"line":145,"column":41}},"58":{"start":{"line":146,"column":10},"end":{"line":146,"column":35}},"59":{"start":{"line":147,"column":10},"end":{"line":151,"column":12}},"60":{"start":{"line":152,"column":10},"end":{"line":152,"column":44}},"61":{"start":{"line":155,"column":8},"end":{"line":155,"column":39}},"62":{"start":{"line":157,"column":8},"end":{"line":157,"column":48}},"63":{"start":{"line":158,"column":27},"end":{"line":158,"column":49}},"64":{"start":{"line":159,"column":8},"end":{"line":163,"column":9}},"65":{"start":{"line":160,"column":10},"end":{"line":160,"column":39}},"66":{"start":{"line":161,"column":10},"end":{"line":161,"column":77}},"67":{"start":{"line":162,"column":10},"end":{"line":162,"column":45}},"68":{"start":{"line":167,"column":4},"end":{"line":172,"column":7}},"69":{"start":{"line":174,"column":4},"end":{"line":174,"column":36}},"70":{"start":{"line":175,"column":4},"end":{"line":178,"column":7}},"71":{"start":{"line":183,"column":0},"end":{"line":202,"column":3}},"72":{"start":{"line":184,"column":21},"end":{"line":184,"column":31}},"73":{"start":{"line":186,"column":15},"end":{"line":186,"column":37}},"74":{"start":{"line":188,"column":2},"end":{"line":193,"column":3}},"75":{"start":{"line":189,"column":4},"end":{"line":192,"column":7}},"76":{"start":{"line":195,"column":2},"end":{"line":201,"column":5}},"77":{"start":{"line":206,"column":16},"end":{"line":206,"column":49}},"78":{"start":{"line":207,"column":20},"end":{"line":207,"column":54}},"79":{"start":{"line":208,"column":29},"end":{"line":208,"column":82}},"80":{"start":{"line":210,"column":2},"end":{"line":720,"column":9}},"81":{"start":{"line":724,"column":0},"end":{"line":731,"column":3}},"82":{"start":{"line":725,"column":2},"end":{"line":725,"column":31}},"83":{"start":{"line":726,"column":2},"end":{"line":730,"column":5}},"84":{"start":{"line":734,"column":0},"end":{"line":740,"column":3}},"85":{"start":{"line":735,"column":2},"end":{"line":739,"column":5}},"86":{"start":{"line":743,"column":0},"end":{"line":754,"column":3}},"87":{"start":{"line":744,"column":2},"end":{"line":744,"column":31}},"88":{"start":{"line":745,"column":2},"end":{"line":745,"column":49}},"89":{"start":{"line":746,"column":2},"end":{"line":746,"column":65}},"90":{"start":{"line":747,"column":2},"end":{"line":747,"column":32}},"91":{"start":{"line":748,"column":2},"end":{"line":748,"column":58}},"92":{"start":{"line":749,"column":2},"end":{"line":749,"column":71}},"93":{"start":{"line":750,"column":2},"end":{"line":750,"column":78}},"94":{"start":{"line":751,"column":2},"end":{"line":751,"column":79}},"95":{"start":{"line":752,"column":2},"end":{"line":752,"column":63}},"96":{"start":{"line":753,"column":2},"end":{"line":753,"column":100}}},"fnMap":{"0":{"name":"(anonymous_1)","decl":{"start":{"line":23,"column":14},"end":{"line":23,"column":15}},"loc":{"start":{"line":23,"column":32},"end":{"line":29,"column":3}}},"1":{"name":"(anonymous_2)","decl":{"start":{"line":44,"column":19},"end":{"line":44,"column":20}},"loc":{"start":{"line":44,"column":32},"end":{"line":51,"column":1}}},"2":{"name":"(anonymous_3)","decl":{"start":{"line":54,"column":33},"end":{"line":54,"column":34}},"loc":{"start":{"line":54,"column":46},"end":{"line":70,"column":1}}},"3":{"name":"(anonymous_4)","decl":{"start":{"line":73,"column":54},"end":{"line":73,"column":59}},"loc":{"start":{"line":73,"column":73},"end":{"line":180,"column":1}}},"4":{"name":"(anonymous_5)","decl":{"start":{"line":127,"column":15},"end":{"line":127,"column":20}},"loc":{"start":{"line":127,"column":26},"end":{"line":165,"column":5}}},"5":{"name":"(anonymous_6)","decl":{"start":{"line":138,"column":26},"end":{"line":138,"column":33}},"loc":{"start":{"line":138,"column":37},"end":{"line":138,"column":62}}},"6":{"name":"(anonymous_7)","decl":{"start":{"line":183,"column":40},"end":{"line":183,"column":41}},"loc":{"start":{"line":183,"column":53},"end":{"line":202,"column":1}}},"7":{"name":"generateDemoQuizHtml","decl":{"start":{"line":205,"column":9},"end":{"line":205,"column":29}},"loc":{"start":{"line":205,"column":78},"end":{"line":721,"column":1}}},"8":{"name":"(anonymous_9)","decl":{"start":{"line":724,"column":8},"end":{"line":724,"column":9}},"loc":{"start":{"line":724,"column":52},"end":{"line":731,"column":1}}},"9":{"name":"(anonymous_10)","decl":{"start":{"line":734,"column":8},"end":{"line":734,"column":9}},"loc":{"start":{"line":734,"column":21},"end":{"line":740,"column":1}}},"10":{"name":"(anonymous_11)","decl":{"start":{"line":743,"column":17},"end":{"line":743,"column":20}},"loc":{"start":{"line":743,"column":22},"end":{"line":754,"column":1}}}},"branchMap":{"0":{"loc":{"start":{"line":12,"column":13},"end":{"line":12,"column":37}},"type":"binary-expr","locations":[{"start":{"line":12,"column":13},"end":{"line":12,"column":29}},{"start":{"line":12,"column":33},"end":{"line":12,"column":37}}]},"1":{"loc":{"start":{"line":24,"column":4},"end":{"line":28,"column":5}},"type":"if","locations":[{"start":{"line":24,"column":4},"end":{"line":28,"column":5}},{"start":{"line":26,"column":11},"end":{"line":28,"column":5}}]},"2":{"loc":{"start":{"line":34,"column":10},"end":{"line":34,"column":60}},"type":"binary-expr","locations":[{"start":{"line":34,"column":10},"end":{"line":34,"column":33}},{"start":{"line":34,"column":37},"end":{"line":34,"column":60}}]},"3":{"loc":{"start":{"line":49,"column":17},"end":{"line":49,"column":54}},"type":"binary-expr","locations":[{"start":{"line":49,"column":17},"end":{"line":49,"column":37}},{"start":{"line":49,"column":41},"end":{"line":49,"column":54}}]},"4":{"loc":{"start":{"line":57,"column":2},"end":{"line":62,"column":3}},"type":"if","locations":[{"start":{"line":57,"column":2},"end":{"line":62,"column":3}}]},"5":{"loc":{"start":{"line":79,"column":25},"end":{"line":79,"column":50}},"type":"binary-expr","locations":[{"start":{"line":79,"column":25},"end":{"line":79,"column":33}},{"start":{"line":79,"column":37},"end":{"line":79,"column":50}}]},"6":{"loc":{"start":{"line":81,"column":4},"end":{"line":104,"column":5}},"type":"if","locations":[{"start":{"line":81,"column":4},"end":{"line":104,"column":5}},{"start":{"line":95,"column":11},"end":{"line":104,"column":5}}]},"7":{"loc":{"start":{"line":95,"column":11},"end":{"line":104,"column":5}},"type":"if","locations":[{"start":{"line":95,"column":11},"end":{"line":104,"column":5}},{"start":{"line":99,"column":11},"end":{"line":104,"column":5}}]},"8":{"loc":{"start":{"line":106,"column":4},"end":{"line":111,"column":5}},"type":"if","locations":[{"start":{"line":106,"column":4},"end":{"line":111,"column":5}}]},"9":{"loc":{"start":{"line":131,"column":8},"end":{"line":135,"column":9}},"type":"if","locations":[{"start":{"line":131,"column":8},"end":{"line":135,"column":9}}]},"10":{"loc":{"start":{"line":144,"column":8},"end":{"line":153,"column":9}},"type":"if","locations":[{"start":{"line":144,"column":8},"end":{"line":153,"column":9}}]},"11":{"loc":{"start":{"line":159,"column":8},"end":{"line":163,"column":9}},"type":"if","locations":[{"start":{"line":159,"column":8},"end":{"line":163,"column":9}}]},"12":{"loc":{"start":{"line":161,"column":29},"end":{"line":161,"column":76}},"type":"cond-expr","locations":[{"start":{"line":161,"column":54},"end":{"line":161,"column":67}},{"start":{"line":161,"column":70},"end":{"line":161,"column":76}}]},"13":{"loc":{"start":{"line":177,"column":15},"end":{"line":177,"column":64}},"type":"cond-expr","locations":[{"start":{"line":177,"column":40},"end":{"line":177,"column":53}},{"start":{"line":177,"column":56},"end":{"line":177,"column":64}}]},"14":{"loc":{"start":{"line":188,"column":2},"end":{"line":193,"column":3}},"type":"if","locations":[{"start":{"line":188,"column":2},"end":{"line":193,"column":3}}]},"15":{"loc":{"start":{"line":728,"column":13},"end":{"line":728,"column":37}},"type":"binary-expr","locations":[{"start":{"line":728,"column":13},"end":{"line":728,"column":24}},{"start":{"line":728,"column":28},"end":{"line":728,"column":37}}]},"16":{"loc":{"start":{"line":729,"column":11},"end":{"line":729,"column":75}},"type":"cond-expr","locations":[{"start":{"line":729,"column":52},"end":{"line":729,"column":63}},{"start":{"line":729,"column":66},"end":{"line":729,"column":75}}]},"17":{"loc":{"start":{"line":746,"column":24},"end":{"line":746,"column":61}},"type":"binary-expr","locations":[{"start":{"line":746,"column":24},"end":{"line":746,"column":44}},{"start":{"line":746,"column":48},"end":{"line":746,"column":61}}]}},"s":{"0":0,"1":0,"2":0,"3":0,"4":0,"5":0,"6":0,"7":0,"8":0,"9":0,"10":0,"11":0,"12":0,"13":0,"14":0,"15":0,"16":0,"17":0,"18":0,"19":0,"20":0,"21":0,"22":0,"23":0,"24":0,"25":0,"26":0,"27":0,"28":0,"29":0,"30":0,"31":0,"32":0,"33":0,"34":0,"35":0,"36":0,"37":0,"38":0,"39":0,"40":0,"41":0,"42":0,"43":0,"44":0,"45":0,"46":0,"47":0,"48":0,"49":0,"50":0,"51":0,"52":0,"53":0,"54":0,"55":0,"56":0,"57":0,"58":0,"59":0,"60":0,"61":0,"62":0,"63":0,"64":0,"65":0,"66":0,"67":0,"68":0,"69":0,"70":0,"71":0,"72":0,"73":0,"74":0,"75":0,"76":0,"77":0,"78":0,"79":0,"80":0,"81":0,"82":0,"83":0,"84":0,"85":0,"86":0,"87":0,"88":0,"89":0,"90":0,"91":0,"92":0,"93":0,"94":0,"95":0,"96":0},"f":{"0":0,"1":0,"2":0,"3":0,"4":0,"5":0,"6":0,"7":0,"8":0,"9":0,"10":0},"b":{"0":[0,0],"1":[0,0],"2":[0,0],"3":[0,0],"4":[0],"5":[0,0],"6":[0,0],"7":[0,0],"8":[0],"9":[0],"10":[0],"11":[0],"12":[0,0],"13":[0,0],"14":[0],"15":[0,0],"16":[0,0],"17":[0,0]}}
,"/Users/mac/千逐数字资产/刷题网站开发/backend/src/index.ts": {"path":"/Users/mac/千逐数字资产/刷题网站开发/backend/src/index.ts","statementMap":{"0":{"start":{"line":1,"column":0},"end":{"line":1,"column":28}},"1":{"start":{"line":2,"column":0},"end":{"line":2,"column":24}},"2":{"start":{"line":5,"column":0},"end":{"line":5,"column":57}},"3":{"start":{"line":7,"column":0},"end":{"line":7,"column":24}},"4":{"start":{"line":8,"column":0},"end":{"line":8,"column":52}},"5":{"start":{"line":9,"column":0},"end":{"line":9,"column":40}},"6":{"start":{"line":11,"column":13},"end":{"line":11,"column":37}},"7":{"start":{"line":12,"column":13},"end":{"line":12,"column":44}},"8":{"start":{"line":15,"column":2},"end":{"line":82,"column":3}},"9":{"start":{"line":17,"column":4},"end":{"line":17,"column":28}},"10":{"start":{"line":20,"column":19},"end":{"line":58,"column":6}},"11":{"start":{"line":21,"column":6},"end":{"line":26,"column":9}},"12":{"start":{"line":28,"column":6},"end":{"line":28,"column":34}},"13":{"start":{"line":29,"column":6},"end":{"line":29,"column":32}},"14":{"start":{"line":30,"column":6},"end":{"line":30,"column":73}},"15":{"start":{"line":31,"column":6},"end":{"line":31,"column":70}},"16":{"start":{"line":32,"column":6},"end":{"line":32,"column":71}},"17":{"start":{"line":33,"column":6},"end":{"line":33,"column":80}},"18":{"start":{"line":34,"column":6},"end":{"line":34,"column":67}},"19":{"start":{"line":36,"column":6},"end":{"line":36,"column":32}},"20":{"start":{"line":37,"column":6},"end":{"line":37,"column":67}},"21":{"start":{"line":38,"column":6},"end":{"line":38,"column":67}},"22":{"start":{"line":39,"column":6},"end":{"line":39,"column":71}},"23":{"start":{"line":40,"column":6},"end":{"line":40,"column":71}},"24":{"start":{"line":41,"column":6},"end":{"line":41,"column":71}},"25":{"start":{"line":43,"column":6},"end":{"line":43,"column":32}},"26":{"start":{"line":44,"column":6},"end":{"line":44,"column":75}},"27":{"start":{"line":45,"column":6},"end":{"line":45,"column":73}},"28":{"start":{"line":46,"column":6},"end":{"line":46,"column":83}},"29":{"start":{"line":47,"column":6},"end":{"line":47,"column":75}},"30":{"start":{"line":48,"column":6},"end":{"line":48,"column":85}},"31":{"start":{"line":50,"column":6},"end":{"line":50,"column":32}},"32":{"start":{"line":51,"column":6},"end":{"line":51,"column":77}},"33":{"start":{"line":52,"column":6},"end":{"line":52,"column":81}},"34":{"start":{"line":53,"column":6},"end":{"line":53,"column":90}},"35":{"start":{"line":54,"column":6},"end":{"line":54,"column":76}},"36":{"start":{"line":56,"column":6},"end":{"line":56,"column":33}},"37":{"start":{"line":57,"column":6},"end":{"line":57,"column":62}},"38":{"start":{"line":61,"column":29},"end":{"line":74,"column":5}},"39":{"start":{"line":62,"column":6},"end":{"line":62,"column":47}},"40":{"start":{"line":64,"column":6},"end":{"line":67,"column":9}},"41":{"start":{"line":65,"column":8},"end":{"line":65,"column":34}},"42":{"start":{"line":66,"column":8},"end":{"line":66,"column":24}},"43":{"start":{"line":70,"column":6},"end":{"line":73,"column":16}},"44":{"start":{"line":71,"column":8},"end":{"line":71,"column":32}},"45":{"start":{"line":72,"column":8},"end":{"line":72,"column":24}},"46":{"start":{"line":76,"column":4},"end":{"line":76,"column":61}},"47":{"start":{"line":76,"column":32},"end":{"line":76,"column":59}},"48":{"start":{"line":77,"column":4},"end":{"line":77,"column":59}},"49":{"start":{"line":77,"column":31},"end":{"line":77,"column":57}},"50":{"start":{"line":80,"column":4},"end":{"line":80,"column":36}},"51":{"start":{"line":81,"column":4},"end":{"line":81,"column":20}},"52":{"start":{"line":86,"column":0},"end":{"line":86,"column":14}}},"fnMap":{"0":{"name":"startServer","decl":{"start":{"line":14,"column":15},"end":{"line":14,"column":26}},"loc":{"start":{"line":14,"column":26},"end":{"line":83,"column":1}}},"1":{"name":"(anonymous_2)","decl":{"start":{"line":20,"column":36},"end":{"line":20,"column":39}},"loc":{"start":{"line":20,"column":41},"end":{"line":58,"column":5}}},"2":{"name":"(anonymous_3)","decl":{"start":{"line":61,"column":29},"end":{"line":61,"column":30}},"loc":{"start":{"line":61,"column":48},"end":{"line":74,"column":5}}},"3":{"name":"(anonymous_4)","decl":{"start":{"line":64,"column":19},"end":{"line":64,"column":22}},"loc":{"start":{"line":64,"column":24},"end":{"line":67,"column":7}}},"4":{"name":"(anonymous_5)","decl":{"start":{"line":70,"column":17},"end":{"line":70,"column":20}},"loc":{"start":{"line":70,"column":22},"end":{"line":73,"column":7}}},"5":{"name":"(anonymous_6)","decl":{"start":{"line":76,"column":26},"end":{"line":76,"column":29}},"loc":{"start":{"line":76,"column":32},"end":{"line":76,"column":59}}},"6":{"name":"(anonymous_7)","decl":{"start":{"line":77,"column":25},"end":{"line":77,"column":28}},"loc":{"start":{"line":77,"column":31},"end":{"line":77,"column":57}}}},"branchMap":{"0":{"loc":{"start":{"line":11,"column":13},"end":{"line":11,"column":37}},"type":"binary-expr","locations":[{"start":{"line":11,"column":13},"end":{"line":11,"column":29}},{"start":{"line":11,"column":33},"end":{"line":11,"column":37}}]},"1":{"loc":{"start":{"line":12,"column":13},"end":{"line":12,"column":44}},"type":"binary-expr","locations":[{"start":{"line":12,"column":13},"end":{"line":12,"column":29}},{"start":{"line":12,"column":33},"end":{"line":12,"column":44}}]},"2":{"loc":{"start":{"line":24,"column":21},"end":{"line":24,"column":58}},"type":"binary-expr","locations":[{"start":{"line":24,"column":21},"end":{"line":24,"column":41}},{"start":{"line":24,"column":45},"end":{"line":24,"column":58}}]}},"s":{"0":0,"1":0,"2":0,"3":0,"4":0,"5":0,"6":0,"7":0,"8":0,"9":0,"10":0,"11":0,"12":0,"13":0,"14":0,"15":0,"16":0,"17":0,"18":0,"19":0,"20":0,"21":0,"22":0,"23":0,"24":0,"25":0,"26":0,"27":0,"28":0,"29":0,"30":0,"31":0,"32":0,"33":0,"34":0,"35":0,"36":0,"37":0,"38":0,"39":0,"40":0,"41":0,"42":0,"43":0,"44":0,"45":0,"46":0,"47":0,"48":0,"49":0,"50":0,"51":0,"52":0},"f":{"0":0,"1":0,"2":0,"3":0,"4":0,"5":0,"6":0},"b":{"0":[0,0],"1":[0,0],"2":[0,0]}}
,"/Users/mac/千逐数字资产/刷题网站开发/backend/src/server.ts": {"path":"/Users/mac/千逐数字资产/刷题网站开发/backend/src/server.ts","statementMap":{"0":{"start":{"line":1,"column":0},"end":{"line":1,"column":28}},"1":{"start":{"line":2,"column":0},"end":{"line":2,"column":24}},"2":{"start":{"line":5,"column":0},"end":{"line":5,"column":57}},"3":{"start":{"line":7,"column":0},"end":{"line":7,"column":30}},"4":{"start":{"line":8,"column":0},"end":{"line":8,"column":24}},"5":{"start":{"line":9,"column":0},"end":{"line":9,"column":28}},"6":{"start":{"line":10,"column":0},"end":{"line":10,"column":38}},"7":{"start":{"line":11,"column":0},"end":{"line":11,"column":28}},"8":{"start":{"line":12,"column":0},"end":{"line":12,"column":41}},"9":{"start":{"line":15,"column":0},"end":{"line":15,"column":84}},"10":{"start":{"line":16,"column":0},"end":{"line":16,"column":71}},"11":{"start":{"line":17,"column":0},"end":{"line":17,"column":40}},"12":{"start":{"line":20,"column":0},"end":{"line":20,"column":45}},"13":{"start":{"line":21,"column":0},"end":{"line":21,"column":49}},"14":{"start":{"line":22,"column":0},"end":{"line":22,"column":43}},"15":{"start":{"line":23,"column":0},"end":{"line":23,"column":45}},"16":{"start":{"line":26,"column":0},"end":{"line":26,"column":30}},"17":{"start":{"line":28,"column":12},"end":{"line":28,"column":21}},"18":{"start":{"line":29,"column":13},"end":{"line":29,"column":37}},"19":{"start":{"line":30,"column":13},"end":{"line":30,"column":44}},"20":{"start":{"line":33,"column":0},"end":{"line":33,"column":18}},"21":{"start":{"line":34,"column":0},"end":{"line":34,"column":23}},"22":{"start":{"line":35,"column":0},"end":{"line":38,"column":4}},"23":{"start":{"line":39,"column":0},"end":{"line":41,"column":4}},"24":{"start":{"line":40,"column":32},"end":{"line":40,"column":59}},"25":{"start":{"line":42,"column":0},"end":{"line":42,"column":41}},"26":{"start":{"line":43,"column":0},"end":{"line":43,"column":63}},"27":{"start":{"line":44,"column":0},"end":{"line":44,"column":24}},"28":{"start":{"line":47,"column":0},"end":{"line":47,"column":73}},"29":{"start":{"line":50,"column":0},"end":{"line":77,"column":3}},"30":{"start":{"line":51,"column":2},"end":{"line":76,"column":3}},"31":{"start":{"line":52,"column":36},"end":{"line":55,"column":6}},"32":{"start":{"line":57,"column":19},"end":{"line":65,"column":6}},"33":{"start":{"line":67,"column":23},"end":{"line":67,"column":79}},"34":{"start":{"line":68,"column":4},"end":{"line":68,"column":40}},"35":{"start":{"line":70,"column":4},"end":{"line":70,"column":35}},"36":{"start":{"line":71,"column":4},"end":{"line":75,"column":7}},"37":{"start":{"line":80,"column":0},"end":{"line":80,"column":33}},"38":{"start":{"line":81,"column":0},"end":{"line":81,"column":37}},"39":{"start":{"line":82,"column":0},"end":{"line":82,"column":31}},"40":{"start":{"line":83,"column":0},"end":{"line":83,"column":33}},"41":{"start":{"line":86,"column":0},"end":{"line":91,"column":3}},"42":{"start":{"line":87,"column":2},"end":{"line":90,"column":5}},"43":{"start":{"line":94,"column":0},"end":{"line":111,"column":3}},"44":{"start":{"line":95,"column":2},"end":{"line":102,"column":5}},"45":{"start":{"line":104,"column":2},"end":{"line":110,"column":5}},"46":{"start":{"line":114,"column":2},"end":{"line":184,"column":3}},"47":{"start":{"line":116,"column":4},"end":{"line":116,"column":23}},"48":{"start":{"line":117,"column":4},"end":{"line":117,"column":35}},"49":{"start":{"line":120,"column":4},"end":{"line":120,"column":22}},"50":{"start":{"line":121,"column":4},"end":{"line":121,"column":31}},"51":{"start":{"line":124,"column":4},"end":{"line":124,"column":23}},"52":{"start":{"line":125,"column":4},"end":{"line":125,"column":28}},"53":{"start":{"line":128,"column":19},"end":{"line":155,"column":6}},"54":{"start":{"line":129,"column":6},"end":{"line":134,"column":9}},"55":{"start":{"line":136,"column":6},"end":{"line":136,"column":33}},"56":{"start":{"line":137,"column":6},"end":{"line":137,"column":32}},"57":{"start":{"line":138,"column":6},"end":{"line":138,"column":73}},"58":{"start":{"line":139,"column":6},"end":{"line":139,"column":70}},"59":{"start":{"line":141,"column":6},"end":{"line":141,"column":32}},"60":{"start":{"line":142,"column":6},"end":{"line":142,"column":66}},"61":{"start":{"line":143,"column":6},"end":{"line":143,"column":71}},"62":{"start":{"line":145,"column":6},"end":{"line":145,"column":32}},"63":{"start":{"line":146,"column":6},"end":{"line":146,"column":67}},"64":{"start":{"line":147,"column":6},"end":{"line":147,"column":73}},"65":{"start":{"line":148,"column":6},"end":{"line":148,"column":67}},"66":{"start":{"line":150,"column":6},"end":{"line":150,"column":32}},"67":{"start":{"line":151,"column":6},"end":{"line":151,"column":68}},"68":{"start":{"line":153,"column":6},"end":{"line":153,"column":33}},"69":{"start":{"line":154,"column":6},"end":{"line":154,"column":62}},"70":{"start":{"line":158,"column":29},"end":{"line":176,"column":5}},"71":{"start":{"line":159,"column":6},"end":{"line":159,"column":47}},"72":{"start":{"line":161,"column":6},"end":{"line":169,"column":9}},"73":{"start":{"line":162,"column":8},"end":{"line":162,"column":34}},"74":{"start":{"line":165,"column":8},"end":{"line":165,"column":33}},"75":{"start":{"line":166,"column":8},"end":{"line":166,"column":32}},"76":{"start":{"line":168,"column":8},"end":{"line":168,"column":24}},"77":{"start":{"line":172,"column":6},"end":{"line":175,"column":16}},"78":{"start":{"line":173,"column":8},"end":{"line":173,"column":32}},"79":{"start":{"line":174,"column":8},"end":{"line":174,"column":24}},"80":{"start":{"line":178,"column":4},"end":{"line":178,"column":61}},"81":{"start":{"line":178,"column":32},"end":{"line":178,"column":59}},"82":{"start":{"line":179,"column":4},"end":{"line":179,"column":59}},"83":{"start":{"line":179,"column":31},"end":{"line":179,"column":57}},"84":{"start":{"line":182,"column":4},"end":{"line":182,"column":36}},"85":{"start":{"line":183,"column":4},"end":{"line":183,"column":20}},"86":{"start":{"line":188,"column":0},"end":{"line":188,"column":14}}},"fnMap":{"0":{"name":"(anonymous_1)","decl":{"start":{"line":40,"column":19},"end":{"line":40,"column":20}},"loc":{"start":{"line":40,"column":32},"end":{"line":40,"column":59}}},"1":{"name":"(anonymous_2)","decl":{"start":{"line":50,"column":19},"end":{"line":50,"column":24}},"loc":{"start":{"line":50,"column":38},"end":{"line":77,"column":1}}},"2":{"name":"(anonymous_3)","decl":{"start":{"line":86,"column":13},"end":{"line":86,"column":14}},"loc":{"start":{"line":86,"column":26},"end":{"line":91,"column":1}}},"3":{"name":"(anonymous_4)","decl":{"start":{"line":94,"column":8},"end":{"line":94,"column":9}},"loc":{"start":{"line":94,"column":96},"end":{"line":111,"column":1}}},"4":{"name":"startServer","decl":{"start":{"line":113,"column":15},"end":{"line":113,"column":26}},"loc":{"start":{"line":113,"column":26},"end":{"line":185,"column":1}}},"5":{"name":"(anonymous_6)","decl":{"start":{"line":128,"column":36},"end":{"line":128,"column":39}},"loc":{"start":{"line":128,"column":41},"end":{"line":155,"column":5}}},"6":{"name":"(anonymous_7)","decl":{"start":{"line":158,"column":29},"end":{"line":158,"column":34}},"loc":{"start":{"line":158,"column":54},"end":{"line":176,"column":5}}},"7":{"name":"(anonymous_8)","decl":{"start":{"line":161,"column":19},"end":{"line":161,"column":24}},"loc":{"start":{"line":161,"column":30},"end":{"line":169,"column":7}}},"8":{"name":"(anonymous_9)","decl":{"start":{"line":172,"column":17},"end":{"line":172,"column":20}},"loc":{"start":{"line":172,"column":22},"end":{"line":175,"column":7}}},"9":{"name":"(anonymous_10)","decl":{"start":{"line":178,"column":26},"end":{"line":178,"column":29}},"loc":{"start":{"line":178,"column":32},"end":{"line":178,"column":59}}},"10":{"name":"(anonymous_11)","decl":{"start":{"line":179,"column":25},"end":{"line":179,"column":28}},"loc":{"start":{"line":179,"column":31},"end":{"line":179,"column":57}}}},"branchMap":{"0":{"loc":{"start":{"line":29,"column":13},"end":{"line":29,"column":37}},"type":"binary-expr","locations":[{"start":{"line":29,"column":13},"end":{"line":29,"column":29}},{"start":{"line":29,"column":33},"end":{"line":29,"column":37}}]},"1":{"loc":{"start":{"line":30,"column":13},"end":{"line":30,"column":44}},"type":"binary-expr","locations":[{"start":{"line":30,"column":13},"end":{"line":30,"column":29}},{"start":{"line":30,"column":33},"end":{"line":30,"column":44}}]},"2":{"loc":{"start":{"line":36,"column":10},"end":{"line":36,"column":60}},"type":"binary-expr","locations":[{"start":{"line":36,"column":10},"end":{"line":36,"column":33}},{"start":{"line":36,"column":37},"end":{"line":36,"column":60}}]},"3":{"loc":{"start":{"line":61,"column":18},"end":{"line":61,"column":52}},"type":"cond-expr","locations":[{"start":{"line":61,"column":29},"end":{"line":61,"column":38}},{"start":{"line":61,"column":41},"end":{"line":61,"column":52}}]},"4":{"loc":{"start":{"line":67,"column":23},"end":{"line":67,"column":79}},"type":"cond-expr","locations":[{"start":{"line":67,"column":70},"end":{"line":67,"column":73}},{"start":{"line":67,"column":76},"end":{"line":67,"column":79}}]},"5":{"loc":{"start":{"line":67,"column":23},"end":{"line":67,"column":67}},"type":"binary-expr","locations":[{"start":{"line":67,"column":23},"end":{"line":67,"column":31}},{"start":{"line":67,"column":35},"end":{"line":67,"column":67}}]},"6":{"loc":{"start":{"line":74,"column":13},"end":{"line":74,"column":69}},"type":"cond-expr","locations":[{"start":{"line":74,"column":38},"end":{"line":74,"column":51}},{"start":{"line":74,"column":54},"end":{"line":74,"column":69}}]},"7":{"loc":{"start":{"line":104,"column":13},"end":{"line":104,"column":32}},"type":"binary-expr","locations":[{"start":{"line":104,"column":13},"end":{"line":104,"column":25}},{"start":{"line":104,"column":29},"end":{"line":104,"column":32}}]},"8":{"loc":{"start":{"line":106,"column":13},"end":{"line":108,"column":21}},"type":"cond-expr","locations":[{"start":{"line":107,"column":8},"end":{"line":107,"column":17}},{"start":{"line":108,"column":8},"end":{"line":108,"column":21}}]},"9":{"loc":{"start":{"line":109,"column":8},"end":{"line":109,"column":71}},"type":"binary-expr","locations":[{"start":{"line":109,"column":8},"end":{"line":109,"column":45}},{"start":{"line":109,"column":49},"end":{"line":109,"column":71}}]},"10":{"loc":{"start":{"line":132,"column":21},"end":{"line":132,"column":58}},"type":"binary-expr","locations":[{"start":{"line":132,"column":21},"end":{"line":132,"column":41}},{"start":{"line":132,"column":45},"end":{"line":132,"column":58}}]}},"s":{"0":0,"1":0,"2":0,"3":0,"4":0,"5":0,"6":0,"7":0,"8":0,"9":0,"10":0,"11":0,"12":0,"13":0,"14":0,"15":0,"16":0,"17":0,"18":0,"19":0,"20":0,"21":0,"22":0,"23":0,"24":0,"25":0,"26":0,"27":0,"28":0,"29":0,"30":0,"31":0,"32":0,"33":0,"34":0,"35":0,"36":0,"37":0,"38":0,"39":0,"40":0,"41":0,"42":0,"43":0,"44":0,"45":0,"46":0,"47":0,"48":0,"49":0,"50":0,"51":0,"52":0,"53":0,"54":0,"55":0,"56":0,"57":0,"58":0,"59":0,"60":0,"61":0,"62":0,"63":0,"64":0,"65":0,"66":0,"67":0,"68":0,"69":0,"70":0,"71":0,"72":0,"73":0,"74":0,"75":0,"76":0,"77":0,"78":0,"79":0,"80":0,"81":0,"82":0,"83":0,"84":0,"85":0,"86":0},"f":{"0":0,"1":0,"2":0,"3":0,"4":0,"5":0,"6":0,"7":0,"8":0,"9":0,"10":0},"b":{"0":[0,0],"1":[0,0],"2":[0,0],"3":[0,0],"4":[0,0],"5":[0,0],"6":[0,0],"7":[0,0],"8":[0,0],"9":[0,0],"10":[0,0]}}
,"/Users/mac/千逐数字资产/刷题网站开发/backend/src/setupTests.ts": {"path":"/Users/mac/千逐数字资产/刷题网站开发/backend/src/setupTests.ts","statementMap":{"0":{"start":{"line":4,"column":0},"end":{"line":4,"column":30}},"1":{"start":{"line":5,"column":0},"end":{"line":5,"column":43}},"2":{"start":{"line":6,"column":0},"end":{"line":6,"column":44}},"3":{"start":{"line":7,"column":0},"end":{"line":7,"column":49}},"4":{"start":{"line":8,"column":0},"end":{"line":8,"column":44}}},"fnMap":{},"branchMap":{},"s":{"0":0,"1":0,"2":0,"3":0,"4":0},"f":{},"b":{}}
,"/Users/mac/千逐数字资产/刷题网站开发/backend/src/simple-server.ts": {"path":"/Users/mac/千逐数字资产/刷题网站开发/backend/src/simple-server.ts","statementMap":{"0":{"start":{"line":1,"column":0},"end":{"line":1,"column":30}},"1":{"start":{"line":2,"column":0},"end":{"line":2,"column":24}},"2":{"start":{"line":3,"column":0},"end":{"line":3,"column":28}},"3":{"start":{"line":4,"column":0},"end":{"line":4,"column":24}},"4":{"start":{"line":7,"column":0},"end":{"line":7,"column":57}},"5":{"start":{"line":9,"column":12},"end":{"line":9,"column":21}},"6":{"start":{"line":10,"column":13},"end":{"line":10,"column":37}},"7":{"start":{"line":13,"column":0},"end":{"line":16,"column":4}},"8":{"start":{"line":17,"column":0},"end":{"line":17,"column":41}},"9":{"start":{"line":18,"column":0},"end":{"line":18,"column":48}},"10":{"start":{"line":21,"column":0},"end":{"line":28,"column":3}},"11":{"start":{"line":22,"column":2},"end":{"line":27,"column":5}},"12":{"start":{"line":31,"column":0},"end":{"line":47,"column":3}},"13":{"start":{"line":32,"column":21},"end":{"line":32,"column":29}},"14":{"start":{"line":34,"column":2},"end":{"line":39,"column":3}},"15":{"start":{"line":35,"column":4},"end":{"line":38,"column":7}},"16":{"start":{"line":42,"column":2},"end":{"line":46,"column":5}},"17":{"start":{"line":50,"column":0},"end":{"line":75,"column":3}},"18":{"start":{"line":51,"column":43},"end":{"line":51,"column":51}},"19":{"start":{"line":53,"column":2},"end":{"line":58,"column":3}},"20":{"start":{"line":54,"column":4},"end":{"line":57,"column":7}},"21":{"start":{"line":61,"column":17},"end":{"line":61,"column":80}},"22":{"start":{"line":64,"column":2},"end":{"line":67,"column":11}},"23":{"start":{"line":66,"column":4},"end":{"line":66,"column":51}},"24":{"start":{"line":69,"column":2},"end":{"line":74,"column":5}},"25":{"start":{"line":78,"column":0},"end":{"line":248,"column":3}},"26":{"start":{"line":79,"column":21},"end":{"line":79,"column":31}},"27":{"start":{"line":82,"column":19},"end":{"line":237,"column":9}},"28":{"start":{"line":239,"column":2},"end":{"line":247,"column":5}},"29":{"start":{"line":251,"column":0},"end":{"line":258,"column":3}},"30":{"start":{"line":252,"column":2},"end":{"line":252,"column":31}},"31":{"start":{"line":253,"column":2},"end":{"line":257,"column":5}},"32":{"start":{"line":261,"column":0},"end":{"line":267,"column":3}},"33":{"start":{"line":262,"column":2},"end":{"line":266,"column":5}},"34":{"start":{"line":270,"column":0},"end":{"line":279,"column":3}},"35":{"start":{"line":271,"column":2},"end":{"line":271,"column":31}},"36":{"start":{"line":272,"column":2},"end":{"line":272,"column":49}},"37":{"start":{"line":273,"column":2},"end":{"line":273,"column":65}},"38":{"start":{"line":274,"column":2},"end":{"line":274,"column":32}},"39":{"start":{"line":275,"column":2},"end":{"line":275,"column":58}},"40":{"start":{"line":276,"column":2},"end":{"line":276,"column":71}},"41":{"start":{"line":277,"column":2},"end":{"line":277,"column":69}},"42":{"start":{"line":278,"column":2},"end":{"line":278,"column":79}}},"fnMap":{"0":{"name":"(anonymous_1)","decl":{"start":{"line":21,"column":19},"end":{"line":21,"column":20}},"loc":{"start":{"line":21,"column":32},"end":{"line":28,"column":1}}},"1":{"name":"(anonymous_2)","decl":{"start":{"line":31,"column":33},"end":{"line":31,"column":34}},"loc":{"start":{"line":31,"column":46},"end":{"line":47,"column":1}}},"2":{"name":"(anonymous_3)","decl":{"start":{"line":50,"column":31},"end":{"line":50,"column":32}},"loc":{"start":{"line":50,"column":44},"end":{"line":75,"column":1}}},"3":{"name":"(anonymous_4)","decl":{"start":{"line":64,"column":13},"end":{"line":64,"column":16}},"loc":{"start":{"line":64,"column":18},"end":{"line":67,"column":3}}},"4":{"name":"(anonymous_5)","decl":{"start":{"line":78,"column":40},"end":{"line":78,"column":41}},"loc":{"start":{"line":78,"column":53},"end":{"line":248,"column":1}}},"5":{"name":"(anonymous_6)","decl":{"start":{"line":251,"column":8},"end":{"line":251,"column":9}},"loc":{"start":{"line":251,"column":52},"end":{"line":258,"column":1}}},"6":{"name":"(anonymous_7)","decl":{"start":{"line":261,"column":8},"end":{"line":261,"column":9}},"loc":{"start":{"line":261,"column":21},"end":{"line":267,"column":1}}},"7":{"name":"(anonymous_8)","decl":{"start":{"line":270,"column":17},"end":{"line":270,"column":20}},"loc":{"start":{"line":270,"column":22},"end":{"line":279,"column":1}}}},"branchMap":{"0":{"loc":{"start":{"line":10,"column":13},"end":{"line":10,"column":37}},"type":"binary-expr","locations":[{"start":{"line":10,"column":13},"end":{"line":10,"column":29}},{"start":{"line":10,"column":33},"end":{"line":10,"column":37}}]},"1":{"loc":{"start":{"line":14,"column":10},"end":{"line":14,"column":60}},"type":"binary-expr","locations":[{"start":{"line":14,"column":10},"end":{"line":14,"column":33}},{"start":{"line":14,"column":37},"end":{"line":14,"column":60}}]},"2":{"loc":{"start":{"line":26,"column":17},"end":{"line":26,"column":54}},"type":"binary-expr","locations":[{"start":{"line":26,"column":17},"end":{"line":26,"column":37}},{"start":{"line":26,"column":41},"end":{"line":26,"column":54}}]},"3":{"loc":{"start":{"line":34,"column":2},"end":{"line":39,"column":3}},"type":"if","locations":[{"start":{"line":34,"column":2},"end":{"line":39,"column":3}}]},"4":{"loc":{"start":{"line":53,"column":2},"end":{"line":58,"column":3}},"type":"if","locations":[{"start":{"line":53,"column":2},"end":{"line":58,"column":3}}]},"5":{"loc":{"start":{"line":53,"column":6},"end":{"line":53,"column":31}},"type":"binary-expr","locations":[{"start":{"line":53,"column":6},"end":{"line":53,"column":18}},{"start":{"line":53,"column":22},"end":{"line":53,"column":31}}]},"6":{"loc":{"start":{"line":256,"column":11},"end":{"line":256,"column":75}},"type":"cond-expr","locations":[{"start":{"line":256,"column":52},"end":{"line":256,"column":63}},{"start":{"line":256,"column":66},"end":{"line":256,"column":75}}]},"7":{"loc":{"start":{"line":273,"column":24},"end":{"line":273,"column":61}},"type":"binary-expr","locations":[{"start":{"line":273,"column":24},"end":{"line":273,"column":44}},{"start":{"line":273,"column":48},"end":{"line":273,"column":61}}]}},"s":{"0":0,"1":0,"2":0,"3":0,"4":0,"5":0,"6":0,"7":0,"8":0,"9":0,"10":0,"11":0,"12":0,"13":0,"14":0,"15":0,"16":0,"17":0,"18":0,"19":0,"20":0,"21":0,"22":0,"23":0,"24":0,"25":0,"26":0,"27":0,"28":0,"29":0,"30":0,"31":0,"32":0,"33":0,"34":0,"35":0,"36":0,"37":0,"38":0,"39":0,"40":0,"41":0,"42":0},"f":{"0":0,"1":0,"2":0,"3":0,"4":0,"5":0,"6":0,"7":0},"b":{"0":[0,0],"1":[0,0],"2":[0,0],"3":[0],"4":[0],"5":[0,0],"6":[0,0],"7":[0,0]}}
,"/Users/mac/千逐数字资产/刷题网站开发/backend/src/config/database.ts": {"path":"/Users/mac/千逐数字资产/刷题网站开发/backend/src/config/database.ts","statementMap":{"0":{"start":{"line":1,"column":0},"end":{"line":1,"column":32}},"1":{"start":{"line":2,"column":0},"end":{"line":2,"column":41}},"2":{"start":{"line":9,"column":26},"end":{"line":22,"column":1}},"3":{"start":{"line":10,"column":14},"end":{"line":12,"column":72}},"4":{"start":{"line":14,"column":43},"end":{"line":19,"column":4}},"5":{"start":{"line":21,"column":2},"end":{"line":21,"column":26}},"6":{"start":{"line":24,"column":31},"end":{"line":54,"column":1}},"7":{"start":{"line":25,"column":2},"end":{"line":53,"column":3}},"8":{"start":{"line":26,"column":29},"end":{"line":26,"column":48}},"9":{"start":{"line":28,"column":4},"end":{"line":28,"column":41}},"10":{"start":{"line":30,"column":4},"end":{"line":34,"column":7}},"11":{"start":{"line":37,"column":4},"end":{"line":39,"column":7}},"12":{"start":{"line":38,"column":6},"end":{"line":38,"column":38}},"13":{"start":{"line":41,"column":4},"end":{"line":43,"column":7}},"14":{"start":{"line":42,"column":6},"end":{"line":42,"column":29}},"15":{"start":{"line":45,"column":4},"end":{"line":47,"column":7}},"16":{"start":{"line":46,"column":6},"end":{"line":46,"column":31}},"17":{"start":{"line":50,"column":4},"end":{"line":50,"column":36}},"18":{"start":{"line":51,"column":4},"end":{"line":51,"column":38}},"19":{"start":{"line":24,"column":13},"end":{"line":24,"column":31}},"20":{"start":{"line":56,"column":34},"end":{"line":63,"column":1}},"21":{"start":{"line":57,"column":2},"end":{"line":62,"column":3}},"22":{"start":{"line":58,"column":4},"end":{"line":58,"column":32}},"23":{"start":{"line":59,"column":4},"end":{"line":59,"column":28}},"24":{"start":{"line":61,"column":4},"end":{"line":61,"column":39}},"25":{"start":{"line":56,"column":13},"end":{"line":56,"column":34}},"26":{"start":{"line":66,"column":0},"end":{"line":69,"column":3}},"27":{"start":{"line":67,"column":2},"end":{"line":67,"column":29}},"28":{"start":{"line":68,"column":2},"end":{"line":68,"column":18}},"29":{"start":{"line":71,"column":0},"end":{"line":74,"column":3}},"30":{"start":{"line":72,"column":2},"end":{"line":72,"column":29}},"31":{"start":{"line":73,"column":2},"end":{"line":73,"column":18}}},"fnMap":{"0":{"name":"(anonymous_1)","decl":{"start":{"line":9,"column":26},"end":{"line":9,"column":45}},"loc":{"start":{"line":9,"column":47},"end":{"line":22,"column":1}}},"1":{"name":"(anonymous_2)","decl":{"start":{"line":24,"column":31},"end":{"line":24,"column":36}},"loc":{"start":{"line":24,"column":57},"end":{"line":54,"column":1}}},"2":{"name":"(anonymous_3)","decl":{"start":{"line":37,"column":36},"end":{"line":37,"column":37}},"loc":{"start":{"line":37,"column":46},"end":{"line":39,"column":5}}},"3":{"name":"(anonymous_4)","decl":{"start":{"line":41,"column":43},"end":{"line":41,"column":46}},"loc":{"start":{"line":41,"column":48},"end":{"line":43,"column":5}}},"4":{"name":"(anonymous_5)","decl":{"start":{"line":45,"column":42},"end":{"line":45,"column":45}},"loc":{"start":{"line":45,"column":47},"end":{"line":47,"column":5}}},"5":{"name":"(anonymous_6)","decl":{"start":{"line":56,"column":34},"end":{"line":56,"column":39}},"loc":{"start":{"line":56,"column":60},"end":{"line":63,"column":1}}},"6":{"name":"(anonymous_7)","decl":{"start":{"line":66,"column":21},"end":{"line":66,"column":26}},"loc":{"start":{"line":66,"column":32},"end":{"line":69,"column":1}}},"7":{"name":"(anonymous_8)","decl":{"start":{"line":71,"column":22},"end":{"line":71,"column":27}},"loc":{"start":{"line":71,"column":33},"end":{"line":74,"column":1}}}},"branchMap":{"0":{"loc":{"start":{"line":10,"column":14},"end":{"line":12,"column":72}},"type":"cond-expr","locations":[{"start":{"line":11,"column":6},"end":{"line":11,"column":82}},{"start":{"line":12,"column":6},"end":{"line":12,"column":72}}]},"1":{"loc":{"start":{"line":11,"column":6},"end":{"line":11,"column":82}},"type":"binary-expr","locations":[{"start":{"line":11,"column":6},"end":{"line":11,"column":34}},{"start":{"line":11,"column":38},"end":{"line":11,"column":82}}]},"2":{"loc":{"start":{"line":12,"column":6},"end":{"line":12,"column":72}},"type":"binary-expr","locations":[{"start":{"line":12,"column":6},"end":{"line":12,"column":29}},{"start":{"line":12,"column":33},"end":{"line":12,"column":72}}]}},"s":{"0":0,"1":0,"2":0,"3":0,"4":0,"5":0,"6":0,"7":0,"8":0,"9":0,"10":0,"11":0,"12":0,"13":0,"14":0,"15":0,"16":0,"17":0,"18":0,"19":0,"20":0,"21":0,"22":0,"23":0,"24":0,"25":0,"26":0,"27":0,"28":0,"29":0,"30":0,"31":0},"f":{"0":0,"1":0,"2":0,"3":0,"4":0,"5":0,"6":0,"7":0},"b":{"0":[0,0],"1":[0,0],"2":[0,0]}}
,"/Users/mac/千逐数字资产/刷题网站开发/backend/src/config/prisma.ts": {"path":"/Users/mac/千逐数字资产/刷题网站开发/backend/src/config/prisma.ts","statementMap":{"0":{"start":{"line":1,"column":0},"end":{"line":1,"column":51}},"1":{"start":{"line":2,"column":0},"end":{"line":2,"column":41}},"2":{"start":{"line":5,"column":13},"end":{"line":24,"column":3}},"3":{"start":{"line":27,"column":0},"end":{"line":35,"column":3}},"4":{"start":{"line":28,"column":2},"end":{"line":34,"column":3}},"5":{"start":{"line":29,"column":4},"end":{"line":33,"column":7}},"6":{"start":{"line":37,"column":0},"end":{"line":39,"column":3}},"7":{"start":{"line":38,"column":2},"end":{"line":38,"column":35}},"8":{"start":{"line":41,"column":0},"end":{"line":43,"column":3}},"9":{"start":{"line":42,"column":2},"end":{"line":42,"column":41}},"10":{"start":{"line":45,"column":0},"end":{"line":47,"column":3}},"11":{"start":{"line":46,"column":2},"end":{"line":46,"column":44}},"12":{"start":{"line":50,"column":26},"end":{"line":58,"column":1}},"13":{"start":{"line":51,"column":2},"end":{"line":57,"column":3}},"14":{"start":{"line":52,"column":4},"end":{"line":52,"column":28}},"15":{"start":{"line":53,"column":4},"end":{"line":53,"column":33}},"16":{"start":{"line":55,"column":4},"end":{"line":55,"column":42}},"17":{"start":{"line":56,"column":4},"end":{"line":56,"column":16}},"18":{"start":{"line":50,"column":13},"end":{"line":50,"column":26}},"19":{"start":{"line":61,"column":32},"end":{"line":68,"column":1}},"20":{"start":{"line":62,"column":2},"end":{"line":67,"column":3}},"21":{"start":{"line":63,"column":4},"end":{"line":63,"column":31}},"22":{"start":{"line":64,"column":4},"end":{"line":64,"column":34}},"23":{"start":{"line":66,"column":4},"end":{"line":66,"column":44}},"24":{"start":{"line":61,"column":13},"end":{"line":61,"column":32}},"25":{"start":{"line":71,"column":35},"end":{"line":79,"column":1}},"26":{"start":{"line":72,"column":2},"end":{"line":78,"column":3}},"27":{"start":{"line":73,"column":4},"end":{"line":73,"column":37}},"28":{"start":{"line":74,"column":4},"end":{"line":74,"column":16}},"29":{"start":{"line":76,"column":4},"end":{"line":76,"column":38}},"30":{"start":{"line":77,"column":4},"end":{"line":77,"column":17}},"31":{"start":{"line":71,"column":13},"end":{"line":71,"column":35}}},"fnMap":{"0":{"name":"(anonymous_0)","decl":{"start":{"line":27,"column":20},"end":{"line":27,"column":21}},"loc":{"start":{"line":27,"column":26},"end":{"line":35,"column":1}}},"1":{"name":"(anonymous_1)","decl":{"start":{"line":37,"column":20},"end":{"line":37,"column":21}},"loc":{"start":{"line":37,"column":26},"end":{"line":39,"column":1}}},"2":{"name":"(anonymous_2)","decl":{"start":{"line":41,"column":19},"end":{"line":41,"column":20}},"loc":{"start":{"line":41,"column":25},"end":{"line":43,"column":1}}},"3":{"name":"(anonymous_3)","decl":{"start":{"line":45,"column":19},"end":{"line":45,"column":20}},"loc":{"start":{"line":45,"column":25},"end":{"line":47,"column":1}}},"4":{"name":"(anonymous_4)","decl":{"start":{"line":50,"column":26},"end":{"line":50,"column":31}},"loc":{"start":{"line":50,"column":52},"end":{"line":58,"column":1}}},"5":{"name":"(anonymous_5)","decl":{"start":{"line":61,"column":32},"end":{"line":61,"column":37}},"loc":{"start":{"line":61,"column":58},"end":{"line":68,"column":1}}},"6":{"name":"(anonymous_6)","decl":{"start":{"line":71,"column":35},"end":{"line":71,"column":40}},"loc":{"start":{"line":71,"column":64},"end":{"line":79,"column":1}}}},"branchMap":{"0":{"loc":{"start":{"line":28,"column":2},"end":{"line":34,"column":3}},"type":"if","locations":[{"start":{"line":28,"column":2},"end":{"line":34,"column":3}}]}},"s":{"0":0,"1":0,"2":0,"3":0,"4":0,"5":0,"6":0,"7":0,"8":0,"9":0,"10":0,"11":0,"12":0,"13":0,"14":0,"15":0,"16":0,"17":0,"18":0,"19":0,"20":0,"21":0,"22":0,"23":0,"24":0,"25":0,"26":0,"27":0,"28":0,"29":0,"30":0,"31":0},"f":{"0":0,"1":0,"2":0,"3":0,"4":0,"5":0,"6":0},"b":{"0":[0]}}
,"/Users/mac/千逐数字资产/刷题网站开发/backend/src/config/queue.ts": {"path":"/Users/mac/千逐数字资产/刷题网站开发/backend/src/config/queue.ts","statementMap":{"0":{"start":{"line":1,"column":0},"end":{"line":1,"column":68}},"1":{"start":{"line":2,"column":0},"end":{"line":2,"column":37}},"2":{"start":{"line":3,"column":0},"end":{"line":3,"column":41}},"3":{"start":{"line":6,"column":20},"end":{"line":11,"column":2}},"4":{"start":{"line":14,"column":13},"end":{"line":16,"column":3}},"5":{"start":{"line":19,"column":0},"end":{"line":21,"column":3}},"6":{"start":{"line":20,"column":2},"end":{"line":20,"column":29}},"7":{"start":{"line":23,"column":0},"end":{"line":25,"column":3}},"8":{"start":{"line":24,"column":2},"end":{"line":24,"column":34}},"9":{"start":{"line":28,"column":25},"end":{"line":36,"column":1}},"10":{"start":{"line":29,"column":2},"end":{"line":35,"column":3}},"11":{"start":{"line":30,"column":4},"end":{"line":30,"column":32}},"12":{"start":{"line":31,"column":4},"end":{"line":31,"column":32}},"13":{"start":{"line":33,"column":4},"end":{"line":33,"column":41}},"14":{"start":{"line":34,"column":4},"end":{"line":34,"column":16}},"15":{"start":{"line":28,"column":13},"end":{"line":28,"column":25}},"16":{"start":{"line":39,"column":35},"end":{"line":50,"column":2}},"17":{"start":{"line":53,"column":37},"end":{"line":56,"column":2}},"18":{"start":{"line":80,"column":9},"end":{"line":80,"column":22}},"19":{"start":{"line":59,"column":13},"end":{"line":59,"column":68}},"20":{"start":{"line":62,"column":0},"end":{"line":64,"column":3}},"21":{"start":{"line":63,"column":2},"end":{"line":63,"column":37}},"22":{"start":{"line":83,"column":30},"end":{"line":106,"column":1}},"23":{"start":{"line":84,"column":2},"end":{"line":105,"column":3}},"24":{"start":{"line":85,"column":20},"end":{"line":85,"column":48}},"25":{"start":{"line":86,"column":19},"end":{"line":86,"column":46}},"26":{"start":{"line":87,"column":22},"end":{"line":87,"column":52}},"27":{"start":{"line":88,"column":19},"end":{"line":88,"column":46}},"28":{"start":{"line":90,"column":4},"end":{"line":98,"column":6}},"29":{"start":{"line":100,"column":4},"end":{"line":100,"column":37}},"30":{"start":{"line":101,"column":4},"end":{"line":104,"column":6}},"31":{"start":{"line":83,"column":13},"end":{"line":83,"column":30}},"32":{"start":{"line":109,"column":26},"end":{"line":117,"column":1}},"33":{"start":{"line":110,"column":2},"end":{"line":116,"column":3}},"34":{"start":{"line":111,"column":4},"end":{"line":111,"column":65}},"35":{"start":{"line":112,"column":4},"end":{"line":112,"column":61}},"36":{"start":{"line":113,"column":4},"end":{"line":113,"column":26}},"37":{"start":{"line":115,"column":4},"end":{"line":115,"column":35}},"38":{"start":{"line":109,"column":13},"end":{"line":109,"column":26}}},"fnMap":{"0":{"name":"(anonymous_0)","decl":{"start":{"line":19,"column":26},"end":{"line":19,"column":29}},"loc":{"start":{"line":19,"column":31},"end":{"line":21,"column":1}}},"1":{"name":"(anonymous_1)","decl":{"start":{"line":23,"column":24},"end":{"line":23,"column":25}},"loc":{"start":{"line":23,"column":32},"end":{"line":25,"column":1}}},"2":{"name":"(anonymous_2)","decl":{"start":{"line":28,"column":25},"end":{"line":28,"column":30}},"loc":{"start":{"line":28,"column":51},"end":{"line":36,"column":1}}},"3":{"name":"(anonymous_3)","decl":{"start":{"line":62,"column":24},"end":{"line":62,"column":25}},"loc":{"start":{"line":62,"column":37},"end":{"line":64,"column":1}}},"4":{"name":"(anonymous_4)","decl":{"start":{"line":83,"column":30},"end":{"line":83,"column":35}},"loc":{"start":{"line":83,"column":41},"end":{"line":106,"column":1}}},"5":{"name":"(anonymous_5)","decl":{"start":{"line":109,"column":26},"end":{"line":109,"column":31}},"loc":{"start":{"line":109,"column":37},"end":{"line":117,"column":1}}}},"branchMap":{"0":{"loc":{"start":{"line":7,"column":8},"end":{"line":7,"column":45}},"type":"binary-expr","locations":[{"start":{"line":7,"column":8},"end":{"line":7,"column":30}},{"start":{"line":7,"column":34},"end":{"line":7,"column":45}}]},"1":{"loc":{"start":{"line":8,"column":17},"end":{"line":8,"column":49}},"type":"binary-expr","locations":[{"start":{"line":8,"column":17},"end":{"line":8,"column":39}},{"start":{"line":8,"column":43},"end":{"line":8,"column":49}}]},"2":{"loc":{"start":{"line":10,"column":15},"end":{"line":10,"column":42}},"type":"binary-expr","locations":[{"start":{"line":10,"column":15},"end":{"line":10,"column":35}},{"start":{"line":10,"column":39},"end":{"line":10,"column":42}}]},"3":{"loc":{"start":{"line":15,"column":7},"end":{"line":15,"column":81}},"type":"binary-expr","locations":[{"start":{"line":15,"column":7},"end":{"line":15,"column":28}},{"start":{"line":15,"column":32},"end":{"line":15,"column":81}}]},"4":{"loc":{"start":{"line":44,"column":23},"end":{"line":44,"column":56}},"type":"binary-expr","locations":[{"start":{"line":44,"column":23},"end":{"line":44,"column":49}},{"start":{"line":44,"column":53},"end":{"line":44,"column":56}}]},"5":{"loc":{"start":{"line":47,"column":22},"end":{"line":47,"column":55}},"type":"binary-expr","locations":[{"start":{"line":47,"column":22},"end":{"line":47,"column":45}},{"start":{"line":47,"column":49},"end":{"line":47,"column":55}}]},"6":{"loc":{"start":{"line":55,"column":24},"end":{"line":55,"column":60}},"type":"binary-expr","locations":[{"start":{"line":55,"column":24},"end":{"line":55,"column":53}},{"start":{"line":55,"column":57},"end":{"line":55,"column":60}}]},"7":{"loc":{"start":{"line":103,"column":13},"end":{"line":103,"column":69}},"type":"cond-expr","locations":[{"start":{"line":103,"column":38},"end":{"line":103,"column":51}},{"start":{"line":103,"column":54},"end":{"line":103,"column":69}}]}},"s":{"0":0,"1":0,"2":0,"3":0,"4":0,"5":0,"6":0,"7":0,"8":0,"9":0,"10":0,"11":0,"12":0,"13":0,"14":0,"15":0,"16":0,"17":0,"18":0,"19":0,"20":0,"21":0,"22":0,"23":0,"24":0,"25":0,"26":0,"27":0,"28":0,"29":0,"30":0,"31":0,"32":0,"33":0,"34":0,"35":0,"36":0,"37":0,"38":0},"f":{"0":0,"1":0,"2":0,"3":0,"4":0,"5":0},"b":{"0":[0,0],"1":[0,0],"2":[0,0],"3":[0,0],"4":[0,0],"5":[0,0],"6":[0,0],"7":[0,0]}}
[...]
ecl":{"start":{"line":22,"column":2},"end":{"line":22,"column":null}},"loc":{"start":{"line":22,"column":2},"end":{"line":26,"column":3}}},"2":{"name":"(anonymous_3)","decl":{"start":{"line":28,"column":10},"end":{"line":28,"column":21}},"loc":{"start":{"line":28,"column":21},"end":{"line":37,"column":3}}},"3":{"name":"(anonymous_4)","decl":{"start":{"line":39,"column":10},"end":{"line":39,"column":28}},"loc":{"start":{"line":39,"column":28},"end":{"line":46,"column":3}}},"4":{"name":"(anonymous_5)","decl":{"start":{"line":48,"column":10},"end":{"line":48,"column":23}},"loc":{"start":{"line":48,"column":66},"end":{"line":57,"column":3}}},"5":{"name":"(anonymous_6)","decl":{"start":{"line":59,"column":10},"end":{"line":59,"column":18}},"loc":{"start":{"line":59,"column":61},"end":{"line":72,"column":3}}},"6":{"name":"(anonymous_7)","decl":{"start":{"line":74,"column":10},"end":{"line":74,"column":22}},"loc":{"start":{"line":74,"column":36},"end":{"line":83,"column":3}}},"7":{"name":"(anonymous_8)","decl":{"start":{"line":85,"column":2},"end":{"line":85,"column":7}},"loc":{"start":{"line":85,"column":35},"end":{"line":89,"column":3}}},"8":{"name":"(anonymous_9)","decl":{"start":{"line":91,"column":2},"end":{"line":91,"column":6}},"loc":{"start":{"line":91,"column":34},"end":{"line":95,"column":3}}},"9":{"name":"(anonymous_10)","decl":{"start":{"line":97,"column":2},"end":{"line":97,"column":6}},"loc":{"start":{"line":97,"column":34},"end":{"line":101,"column":3}}},"10":{"name":"(anonymous_11)","decl":{"start":{"line":103,"column":2},"end":{"line":103,"column":7}},"loc":{"start":{"line":103,"column":35},"end":{"line":107,"column":3}}}},"branchMap":{"0":{"loc":{"start":{"line":4,"column":12},"end":{"line":4,"column":null}},"type":"binary-expr","locations":[{"start":{"line":4,"column":12},"end":{"line":4,"column":20}},{"start":{"line":4,"column":20},"end":{"line":4,"column":null}}]},"1":{"loc":{"start":{"line":29,"column":18},"end":{"line":29,"column":64}},"type":"binary-expr","locations":[{"start":{"line":29,"column":18},"end":{"line":29,"column":54}},{"start":{"line":29,"column":58},"end":{"line":29,"column":64}}]},"2":{"loc":{"start":{"line":30,"column":4},"end":{"line":36,"column":5}},"type":"switch","locations":[{"start":{"line":31,"column":6},"end":{"line":31,"column":42}},{"start":{"line":32,"column":6},"end":{"line":32,"column":40}},{"start":{"line":33,"column":6},"end":{"line":33,"column":40}},{"start":{"line":34,"column":6},"end":{"line":34,"column":42}},{"start":{"line":35,"column":6},"end":{"line":35,"column":36}}]},"3":{"loc":{"start":{"line":40,"column":4},"end":{"line":45,"column":5}},"type":"if","locations":[{"start":{"line":40,"column":4},"end":{"line":45,"column":5}}]},"4":{"loc":{"start":{"line":42,"column":6},"end":{"line":44,"column":7}},"type":"if","locations":[{"start":{"line":42,"column":6},"end":{"line":44,"column":7}}]},"5":{"loc":{"start":{"line":54,"column":10},"end":{"line":54,"column":26}},"type":"binary-expr","locations":[{"start":{"line":54,"column":10},"end":{"line":54,"column":14}},{"start":{"line":54,"column":18},"end":{"line":54,"column":26}}]},"6":{"loc":{"start":{"line":63,"column":4},"end":{"line":66,"column":5}},"type":"if","locations":[{"start":{"line":63,"column":4},"end":{"line":66,"column":5}}]},"7":{"loc":{"start":{"line":65,"column":98},"end":{"line":65,"column":108}},"type":"binary-expr","locations":[{"start":{"line":65,"column":98},"end":{"line":65,"column":102}},{"start":{"line":65,"column":106},"end":{"line":65,"column":108}}]},"8":{"loc":{"start":{"line":69,"column":4},"end":{"line":71,"column":5}},"type":"if","locations":[{"start":{"line":69,"column":4},"end":{"line":71,"column":5}}]},"9":{"loc":{"start":{"line":82,"column":11},"end":{"line":82,"column":40}},"type":"binary-expr","locations":[{"start":{"line":82,"column":11},"end":{"line":82,"column":24}},{"start":{"line":82,"column":28},"end":{"line":82,"column":40}}]},"10":{"loc":{"start":{"line":86,"column":4},"end":{"line":88,"column":5}},"type":"if","locations":[{"start":{"line":86,"column":4},"end":{"line":88,"column":5}}]},"11":{"loc":{"start":{"line":92,"column":4},"end":{"line":94,"column":5}},"type":"if","locations":[{"start":{"line":92,"column":4},"end":{"line":94,"column":5}}]},"12":{"loc":{"start":{"line":98,"column":4},"end":{"line":100,"column":5}},"type":"if","locations":[{"start":{"line":98,"column":4},"end":{"line":100,"column":5}}]},"13":{"loc":{"start":{"line":104,"column":4},"end":{"line":106,"column":5}},"type":"if","locations":[{"start":{"line":104,"column":4},"end":{"line":106,"column":5}}]}},"s":{"0":1,"1":1,"2":1,"3":1,"4":1,"5":1,"6":1,"7":1,"8":1,"9":1,"10":1,"11":1,"12":0,"13":0,"14":1,"15":0,"16":0,"17":1,"18":0,"19":0,"20":0,"21":50,"22":50,"23":50,"24":50,"25":50,"26":0,"27":0,"28":50,"29":0,"30":0,"31":0,"32":19,"33":19,"34":0,"35":0,"36":31,"37":31,"38":0,"39":0,"40":1},"f":{"0":1,"1":1,"2":1,"3":1,"4":50,"5":50,"6":0,"7":19,"8":0,"9":31,"10":0},"b":{"0":[1,1],"1":[1,1],"2":[0,0,1,0,0],"3":[0],"4":[0],"5":[50,19],"6":[0],"7":[0,0],"8":[0],"9":[0,0],"10":[19],"11":[0],"12":[31],"13":[0]}}
,"/Users/mac/千逐数字资产/刷题网站开发/backend/src/utils/performanceMonitor.ts": {"path":"/Users/mac/千逐数字资产/刷题网站开发/backend/src/utils/performanceMonitor.ts","statementMap":{"0":{"start":{"line":172,"column":0},"end":{"line":172,"column":16}},"1":{"start":{"line":212,"column":0},"end":{"line":212,"column":7}},"2":{"start":{"line":1,"column":0},"end":{"line":1,"column":34}},"3":{"start":{"line":19,"column":22},"end":{"line":19,"column":32}},"4":{"start":{"line":20,"column":24},"end":{"line":20,"column":45}},"5":{"start":{"line":22,"column":4},"end":{"line":27,"column":7}},"6":{"start":{"line":29,"column":4},"end":{"line":35,"column":7}},"7":{"start":{"line":42,"column":19},"end":{"line":42,"column":48}},"8":{"start":{"line":43,"column":4},"end":{"line":46,"column":5}},"9":{"start":{"line":44,"column":6},"end":{"line":44,"column":53}},"10":{"start":{"line":45,"column":6},"end":{"line":45,"column":18}},"11":{"start":{"line":48,"column":20},"end":{"line":48,"column":30}},"12":{"start":{"line":49,"column":21},"end":{"line":49,"column":47}},"13":{"start":{"line":50,"column":27},"end":{"line":50,"column":48}},"14":{"start":{"line":52,"column":48},"end":{"line":61,"column":6}},"15":{"start":{"line":64,"column":4},"end":{"line":64,"column":57}},"16":{"start":{"line":67,"column":4},"end":{"line":67,"column":37}},"17":{"start":{"line":69,"column":4},"end":{"line":69,"column":27}},"18":{"start":{"line":76,"column":20},"end":{"line":83,"column":6}},"19":{"start":{"line":86,"column":4},"end":{"line":92,"column":5}},"20":{"start":{"line":87,"column":6},"end":{"line":87,"column":44}},"21":{"start":{"line":88,"column":11},"end":{"line":92,"column":5}},"22":{"start":{"line":89,"column":6},"end":{"line":89,"column":42}},"23":{"start":{"line":91,"column":6},"end":{"line":91,"column":43}},"24":{"start":{"line":102,"column":4},"end":{"line":107,"column":6}},"25":{"start":{"line":114,"column":4},"end":{"line":119,"column":6}},"26":{"start":{"line":126,"column":4},"end":{"line":126,"column":34}},"27":{"start":{"line":126,"column":21},"end":{"line":126,"column":34}},"28":{"start":{"line":128,"column":14},"end":{"line":128,"column":18}},"29":{"start":{"line":129,"column":18},"end":{"line":129,"column":41}},"30":{"start":{"line":130,"column":14},"end":{"line":130,"column":65}},"31":{"start":{"line":131,"column":17},"end":{"line":131,"column":37}},"32":{"start":{"line":133,"column":4},"end":{"line":133,"column":93}},"33":{"start":{"line":140,"column":4},"end":{"line":140,"column":45}},"34":{"start":{"line":147,"column":4},"end":{"line":147,"column":25}},"35":{"start":{"line":154,"column":24},"end":{"line":154,"column":45}},"36":{"start":{"line":155,"column":21},"end":{"line":155,"column":39}},"37":{"start":{"line":157,"column":4},"end":{"line":165,"column":6}},"38":{"start":{"line":12,"column":0},"end":{"line":12,"column":13}},"39":{"start":{"line":13,"column":17},"end":{"line":13,"column":70}},"40":{"start":{"line":173,"column":2},"end":{"line":206,"column":4}},"41":{"start":{"line":174,"column":19},"end":{"line":174,"column":35}},"42":{"start":{"line":175,"column":26},"end":{"line":175,"column":83}},"43":{"start":{"line":177,"column":4},"end":{"line":203,"column":6}},"44":{"start":{"line":178,"column":26},"end":{"line":178,"column":101}},"45":{"start":{"line":180,"column":6},"end":{"line":184,"column":9}},"46":{"start":{"line":186,"column":6},"end":{"line":202,"column":7}},"47":{"start":{"line":187,"column":23},"end":{"line":187,"column":53}},"48":{"start":{"line":189,"column":8},"end":{"line":192,"column":11}},"49":{"start":{"line":194,"column":8},"end":{"line":194,"column":22}},"50":{"start":{"line":196,"column":8},"end":{"line":199,"column":11}},"51":{"start":{"line":201,"column":8},"end":{"line":201,"column":20}},"52":{"start":{"line":205,"column":4},"end":{"line":205,"column":22}},"53":{"start":{"line":217,"column":22},"end":{"line":217,"column":93}},"54":{"start":{"line":219,"column":2},"end":{"line":219,"column":61}},"55":{"start":{"line":221,"column":2},"end":{"line":231,"column":3}},"56":{"start":{"line":222,"column":19},"end":{"line":222,"column":29}},"57":{"start":{"line":223,"column":4},"end":{"line":223,"column":59}},"58":{"start":{"line":224,"column":4},"end":{"line":224,"column":18}},"59":{"start":{"line":226,"column":4},"end":{"line":229,"column":7}},"60":{"start":{"line":230,"column":4},"end":{"line":230,"column":16}},"61":{"start":{"line":234,"column":0},"end":{"line":234,"column":34}}},"fnMap":{"0":{"name":"(anonymous_0)","decl":{"start":{"line":18,"column":2},"end":{"line":18,"column":8}},"loc":{"start":{"line":18,"column":85},"end":{"line":36,"column":3}}},"1":{"name":"(anonymous_1)","decl":{"start":{"line":41,"column":2},"end":{"line":41,"column":8}},"loc":{"start":{"line":41,"column":74},"end":{"line":70,"column":3}}},"2":{"name":"(anonymous_2)","decl":{"start":{"line":75,"column":10},"end":{"line":75,"column":16}},"loc":{"start":{"line":75,"column":94},"end":{"line":93,"column":3}}},"3":{"name":"(anonymous_3)","decl":{"start":{"line":98,"column":10},"end":{"line":98,"column":16}},"loc":{"start":{"line":100,"column":33},"end":{"line":108,"column":3}}},"4":{"name":"(anonymous_4)","decl":{"start":{"line":113,"column":10},"end":{"line":113,"column":16}},"loc":{"start":{"line":113,"column":66},"end":{"line":120,"column":3}}},"5":{"name":"(anonymous_5)","decl":{"start":{"line":125,"column":10},"end":{"line":125,"column":16}},"loc":{"start":{"line":125,"column":42},"end":{"line":134,"column":3}}},"6":{"name":"(anonymous_6)","decl":{"start":{"line":139,"column":2},"end":{"line":139,"column":8}},"loc":{"start":{"line":139,"column":25},"end":{"line":141,"column":3}}},"7":{"name":"(anonymous_7)","decl":{"start":{"line":146,"column":2},"end":{"line":146,"column":8}},"loc":{"start":{"line":146,"column":14},"end":{"line":148,"column":3}}},"8":{"name":"(anonymous_8)","decl":{"start":{"line":153,"column":2},"end":{"line":153,"column":8}},"loc":{"start":{"line":153,"column":23},"end":{"line":166,"column":3}}},"9":{"name":"monitor","decl":{"start":{"line":172,"column":16},"end":{"line":172,"column":23}},"loc":{"start":{"line":172,"column":42},"end":{"line":207,"column":1}}},"10":{"name":"(anonymous_10)","decl":{"start":{"line":173,"column":9},"end":{"line":173,"column":19}},"loc":{"start":{"line":173,"column":84},"end":{"line":206,"column":3}}},"11":{"name":"(anonymous_11)","decl":{"start":{"line":177,"column":23},"end":{"line":177,"column":28}},"loc":{"start":{"line":177,"column":53},"end":{"line":203,"column":5}}},"12":{"name":"measurePerformance","decl":{"start":{"line":212,"column":22},"end":{"line":212,"column":40}},"loc":{"start":{"line":215,"column":32},"end":{"line":232,"column":1}}}},"branchMap":{"0":{"loc":{"start":{"line":43,"column":4},"end":{"line":46,"column":5}},"type":"if","locations":[{"start":{"line":43,"column":4},"end":{"line":46,"column":5}}]},"1":{"loc":{"start":{"line":86,"column":4},"end":{"line":92,"column":5}},"type":"if","locations":[{"start":{"line":86,"column":4},"end":{"line":92,"column":5}},{"start":{"line":88,"column":11},"end":{"line":92,"column":5}}]},"2":{"loc":{"start":{"line":88,"column":11},"end":{"line":92,"column":5}},"type":"if","locations":[{"start":{"line":88,"column":11},"end":{"line":92,"column":5}},{"start":{"line":90,"column":11},"end":{"line":92,"column":5}}]},"3":{"loc":{"start":{"line":126,"column":4},"end":{"line":126,"column":34}},"type":"if","locations":[{"start":{"line":126,"column":4},"end":{"line":126,"column":34}}]},"4":{"loc":{"start":{"line":131,"column":17},"end":{"line":131,"column":37}},"type":"cond-expr","locations":[{"start":{"line":131,"column":29},"end":{"line":131,"column":32}},{"start":{"line":131,"column":35},"end":{"line":131,"column":37}}]},"5":{"loc":{"start":{"line":175,"column":26},"end":{"line":175,"column":83}},"type":"binary-expr","locations":[{"start":{"line":175,"column":26},"end":{"line":175,"column":35}},{"start":{"line":175,"column":39},"end":{"line":175,"column":83}}]},"6":{"loc":{"start":{"line":198,"column":17},"end":{"line":198,"column":73}},"type":"cond-expr","locations":[{"start":{"line":198,"column":42},"end":{"line":198,"column":55}},{"start":{"line":198,"column":58},"end":{"line":198,"column":73}}]},"7":{"loc":{"start":{"line":228,"column":13},"end":{"line":228,"column":69}},"type":"cond-expr","locations":[{"start":{"line":228,"column":38},"end":{"line":228,"column":51}},{"start":{"line":228,"column":54},"end":{"line":228,"column":69}}]}},"s":{"0":0,"1":0,"2":0,"3":0,"4":0,"5":0,"6":0,"7":0,"8":0,"9":0,"10":0,"11":0,"12":0,"13":0,"14":0,"15":0,"16":0,"17":0,"18":0,"19":0,"20":0,"21":0,"22":0,"23":0,"24":0,"25":0,"26":0,"27":0,"28":0,"29":0,"30":0,"31":0,"32":0,"33":0,"34":0,"35":0,"36":0,"37":0,"38":0,"39":0,"40":0,"41":0,"42":0,"43":0,"44":0,"45":0,"46":0,"47":0,"48":0,"49":0,"50":0,"51":0,"52":0,"53":0,"54":0,"55":0,"56":0,"57":0,"58":0,"59":0,"60":0,"61":0},"f":{"0":0,"1":0,"2":0,"3":0,"4":0,"5":0,"6":0,"7":0,"8":0,"9":0,"10":0,"11":0,"12":0},"b":{"0":[0],"1":[0,0],"2":[0,0],"3":[0],"4":[0,0],"5":[0,0],"6":[0,0],"7":[0,0]}}
,"/Users/mac/千逐数字资产/刷题网站开发/backend/src/workers/quizWorker.ts": {"path":"/Users/mac/千逐数字资产/刷题网站开发/backend/src/workers/quizWorker.ts","statementMap":{"0":{"start":{"line":1,"column":0},"end":{"line":1,"column":37}},"1":{"start":{"line":2,"column":0},"end":{"line":2,"column":48}},"2":{"start":{"line":3,"column":0},"end":{"line":3,"column":42}},"3":{"start":{"line":4,"column":0},"end":{"line":4,"column":41}},"4":{"start":{"line":5,"column":0},"end":{"line":5,"column":53}},"5":{"start":{"line":6,"column":0},"end":{"line":6,"column":54}},"6":{"start":{"line":7,"column":0},"end":{"line":7,"column":29}},"7":{"start":{"line":20,"column":13},"end":{"line":104,"column":2}},"8":{"start":{"line":23,"column":65},"end":{"line":23,"column":73}},"9":{"start":{"line":25,"column":4},"end":{"line":25,"column":62}},"10":{"start":{"line":27,"column":4},"end":{"line":101,"column":5}},"11":{"start":{"line":29,"column":6},"end":{"line":29,"column":52}},"12":{"start":{"line":34,"column":6},"end":{"line":42,"column":7}},"13":{"start":{"line":36,"column":8},"end":{"line":36,"column":55}},"14":{"start":{"line":37,"column":13},"end":{"line":42,"column":7}},"15":{"start":{"line":39,"column":8},"end":{"line":39,"column":30}},"16":{"start":{"line":41,"column":8},"end":{"line":41,"column":40}},"17":{"start":{"line":45,"column":6},"end":{"line":45,"column":52}},"18":{"start":{"line":48,"column":25},"end":{"line":48,"column":65}},"19":{"start":{"line":51,"column":6},"end":{"line":51,"column":56}},"20":{"start":{"line":54,"column":19},"end":{"line":54,"column":64}},"21":{"start":{"line":57,"column":6},"end":{"line":57,"column":50}},"22":{"start":{"line":60,"column":6},"end":{"line":67,"column":9}},"23":{"start":{"line":70,"column":6},"end":{"line":70,"column":48}},"24":{"start":{"line":72,"column":6},"end":{"line":72,"column":53}},"25":{"start":{"line":74,"column":6},"end":{"line":78,"column":8}},"26":{"start":{"line":81,"column":27},"end":{"line":81,"column":74}},"27":{"start":{"line":83,"column":6},"end":{"line":87,"column":9}},"28":{"start":{"line":90,"column":6},"end":{"line":97,"column":9}},"29":{"start":{"line":100,"column":6},"end":{"line":100,"column":18}},"30":{"start":{"line":108,"column":2},"end":{"line":127,"column":3}},"31":{"start":{"line":109,"column":4},"end":{"line":109,"column":39}},"32":{"start":{"line":112,"column":4},"end":{"line":122,"column":7}},"33":{"start":{"line":124,"column":4},"end":{"line":124,"column":61}},"34":{"start":{"line":126,"column":4},"end":{"line":126,"column":47}},"35":{"start":{"line":131,"column":0},"end":{"line":133,"column":3}},"36":{"start":{"line":132,"column":2},"end":{"line":132,"column":39}},"37":{"start":{"line":135,"column":0},"end":{"line":137,"column":3}},"38":{"start":{"line":136,"column":2},"end":{"line":136,"column":46}},"39":{"start":{"line":139,"column":0},"end":{"line":141,"column":3}},"40":{"start":{"line":140,"column":2},"end":{"line":140,"column":33}},"41":{"start":{"line":144,"column":27},"end":{"line":151,"column":1}},"42":{"start":{"line":145,"column":2},"end":{"line":150,"column":3}},"43":{"start":{"line":146,"column":4},"end":{"line":146,"column":29}},"44":{"start":{"line":147,"column":4},"end":{"line":147,"column":34}},"45":{"start":{"line":149,"column":4},"end":{"line":149,"column":44}},"46":{"start":{"line":144,"column":13},"end":{"line":144,"column":27}},"47":{"start":{"line":153,"column":0},"end":{"line":153,"column":30}}},"fnMap":{"0":{"name":"(anonymous_1)","decl":{"start":{"line":22,"column":2},"end":{"line":22,"column":7}},"loc":{"start":{"line":22,"column":34},"end":{"line":102,"column":3}}},"1":{"name":"updateJobProgress","decl":{"start":{"line":107,"column":15},"end":{"line":107,"column":32}},"loc":{"start":{"line":107,"column":76},"end":{"line":128,"column":1}}},"2":{"name":"(anonymous_3)","decl":{"start":{"line":131,"column":27},"end":{"line":131,"column":28}},"loc":{"start":{"line":131,"column":35},"end":{"line":133,"column":1}}},"3":{"name":"(anonymous_4)","decl":{"start":{"line":135,"column":24},"end":{"line":135,"column":25}},"loc":{"start":{"line":135,"column":37},"end":{"line":137,"column":1}}},"4":{"name":"(anonymous_5)","decl":{"start":{"line":139,"column":23},"end":{"line":139,"column":24}},"loc":{"start":{"line":139,"column":31},"end":{"line":141,"column":1}}},"5":{"name":"(anonymous_6)","decl":{"start":{"line":144,"column":27},"end":{"line":144,"column":32}},"loc":{"start":{"line":144,"column":38},"end":{"line":151,"column":1}}}},"branchMap":{"0":{"loc":{"start":{"line":34,"column":6},"end":{"line":42,"column":7}},"type":"if","locations":[{"start":{"line":34,"column":6},"end":{"line":42,"column":7}},{"start":{"line":37,"column":13},"end":{"line":42,"column":7}}]},"1":{"loc":{"start":{"line":37,"column":13},"end":{"line":42,"column":7}},"type":"if","locations":[{"start":{"line":37,"column":13},"end":{"line":42,"column":7}},{"start":{"line":40,"column":13},"end":{"line":42,"column":7}}]},"2":{"loc":{"start":{"line":81,"column":27},"end":{"line":81,"column":74}},"type":"cond-expr","locations":[{"start":{"line":81,"column":52},"end":{"line":81,"column":65}},{"start":{"line":81,"column":68},"end":{"line":81,"column":74}}]},"3":{"loc":{"start":{"line":86,"column":15},"end":{"line":86,"column":63}},"type":"cond-expr","locations":[{"start":{"line":86,"column":40},"end":{"line":86,"column":51}},{"start":{"line":86,"column":54},"end":{"line":86,"column":63}}]}},"s":{"0":0,"1":0,"2":0,"3":0,"4":0,"5":0,"6":0,"7":0,"8":0,"9":0,"10":0,"11":0,"12":0,"13":0,"14":0,"15":0,"16":0,"17":0,"18":0,"19":0,"20":0,"21":0,"22":0,"23":0,"24":0,"25":0,"26":0,"27":0,"28":0,"29":0,"30":0,"31":0,"32":0,"33":0,"34":0,"35":0,"36":0,"37":0,"38":0,"39":0,"40":0,"41":0,"42":0,"43":0,"44":0,"45":0,"46":0,"47":0},"f":{"0":0,"1":0,"2":0,"3":0,"4":0,"5":0},"b":{"0":[0,0],"1":[0,0],"2":[0,0],"3":[0,0]}}
}
