TN:
SF:src/app-v2.ts
FN:50,(anonymous_1)
FN:60,(anonymous_2)
FN:104,(anonymous_3)
FN:128,(anonymous_4)
FN:145,(anonymous_5)
FN:168,startServer
FN:206,(anonymous_7)
FN:240,(anonymous_8)
FN:243,(anonymous_9)
FN:254,(anonymous_10)
FN:260,(anonymous_11)
FN:261,(anonymous_12)
FNF:12
FNH:0
FNDA:0,(anonymous_1)
FNDA:0,(anonymous_2)
FNDA:0,(anonymous_3)
FNDA:0,(anonymous_4)
FNDA:0,(anonymous_5)
FNDA:0,startServer
FNDA:0,(anonymous_7)
FNDA:0,(anonymous_8)
FNDA:0,(anonymous_9)
FNDA:0,(anonymous_10)
FNDA:0,(anonymous_11)
FNDA:0,(anonymous_12)
DA:1,0
DA:2,0
DA:5,0
DA:7,0
DA:8,0
DA:9,0
DA:10,0
DA:11,0
DA:12,0
DA:15,0
DA:16,0
DA:17,0
DA:18,0
DA:19,0
DA:22,0
DA:23,0
DA:24,0
DA:25,0
DA:26,0
DA:29,0
DA:30,0
DA:34,0
DA:36,0
DA:37,0
DA:38,0
DA:41,0
DA:44,0
DA:45,0
DA:49,0
DA:50,0
DA:52,0
DA:53,0
DA:54,0
DA:57,0
DA:60,0
DA:61,0
DA:62,0
DA:67,0
DA:79,0
DA:80,0
DA:82,0
DA:83,0
DA:92,0
DA:93,0
DA:94,0
DA:95,0
DA:96,0
DA:99,0
DA:100,0
DA:104,0
DA:105,0
DA:128,0
DA:129,0
DA:145,0
DA:146,0
DA:155,0
DA:168,0
DA:169,0
DA:170,0
DA:173,0
DA:174,0
DA:175,0
DA:177,0
DA:178,0
DA:179,0
DA:180,0
DA:181,0
DA:182,0
DA:186,0
DA:189,0
DA:190,0
DA:194,0
DA:195,0
DA:198,0
DA:199,0
DA:202,0
DA:203,0
DA:206,0
DA:207,0
DA:215,0
DA:216,0
DA:217,0
DA:218,0
DA:220,0
DA:221,0
DA:222,0
DA:224,0
DA:225,0
DA:226,0
DA:227,0
DA:229,0
DA:230,0
DA:231,0
DA:232,0
DA:234,0
DA:235,0
DA:236,0
DA:240,0
DA:241,0
DA:243,0
DA:244,0
DA:247,0
DA:248,0
DA:250,0
DA:254,0
DA:255,0
DA:256,0
DA:260,0
DA:261,0
DA:263,0
DA:266,0
DA:267,0
DA:272,0
DA:273,0
DA:276,0
LF:115
LH:0
BRDA:37,0,0,0
BRDA:37,0,1,0
BRDA:38,1,0,0
BRDA:38,1,1,0
BRDA:46,2,0,0
BRDA:46,2,1,0
BRDA:70,3,0,0
BRDA:70,3,1,0
BRDA:71,4,0,0
BRDA:71,4,1,0
BRDA:73,5,0,0
BRDA:73,5,1,0
BRDA:79,6,0,0
BRDA:79,6,1,0
BRDA:79,7,0,0
BRDA:79,7,1,0
BRDA:86,8,0,0
BRDA:86,8,1,0
BRDA:155,9,0,0
BRDA:155,9,1,0
BRDA:157,10,0,0
BRDA:157,10,1,0
BRDA:160,11,0,0
BRDA:160,11,1,0
BRDA:177,12,0,0
BRDA:189,13,0,0
BRDA:210,14,0,0
BRDA:210,14,1,0
BRDA:272,15,0,0
BRF:29
BRH:0
end_of_record
TN:
SF:src/app.ts
FN:38,(anonymous_1)
FN:67,(anonymous_2)
FN:99,(anonymous_3)
FN:115,(anonymous_4)
FN:120,(anonymous_5)
FN:148,(anonymous_6)
FN:172,(anonymous_7)
FN:177,(anonymous_8)
FNF:8
FNH:0
FNDA:0,(anonymous_1)
FNDA:0,(anonymous_2)
FNDA:0,(anonymous_3)
FNDA:0,(anonymous_4)
FNDA:0,(anonymous_5)
FNDA:0,(anonymous_6)
FNDA:0,(anonymous_7)
FNDA:0,(anonymous_8)
DA:1,0
DA:2,0
DA:3,0
DA:4,0
DA:5,0
DA:6,0
DA:7,0
DA:9,0
DA:10,0
DA:13,0
DA:14,0
DA:15,0
DA:16,0
DA:18,0
DA:21,0
DA:24,0
DA:37,0
DA:39,0
DA:46,0
DA:48,0
DA:49,0
DA:51,0
DA:59,0
DA:62,0
DA:63,0
DA:65,0
DA:68,0
DA:75,0
DA:78,0
DA:79,0
DA:82,0
DA:85,0
DA:96,0
DA:99,0
DA:100,0
DA:109,0
DA:110,0
DA:111,0
DA:112,0
DA:115,0
DA:116,0
DA:120,0
DA:121,0
DA:122,0
DA:125,0
DA:135,0
DA:136,0
DA:137,0
DA:141,0
DA:142,0
DA:143,0
DA:147,0
DA:148,0
DA:149,0
DA:153,0
DA:154,0
DA:155,0
DA:158,0
DA:159,0
DA:160,0
DA:164,0
DA:172,0
DA:173,0
DA:174,0
DA:177,0
DA:178,0
DA:179,0
DA:182,0
LF:68
LH:0
BRDA:40,0,0,0
BRDA:40,0,1,0
BRDA:46,1,0,0
BRDA:48,2,0,0
BRDA:48,2,1,0
BRDA:62,3,0,0
BRDA:62,3,1,0
BRDA:86,4,0,0
BRDA:86,4,1,0
BRDA:87,5,0,0
BRDA:87,5,1,0
BRDA:104,6,0,0
BRDA:104,6,1,0
BRDA:135,7,0,0
BRDA:141,8,0,0
BRDA:147,9,0,0
BRDA:153,10,0,0
BRDA:158,11,0,0
BRDA:164,12,0,0
BRDA:164,12,1,0
BRDA:166,13,0,0
BRDA:166,13,1,0
BRDA:167,14,0,0
BRDA:167,14,1,0
BRF:24
BRH:0
end_of_record
TN:
SF:src/enhanced-server.ts
FN:23,(anonymous_1)
FN:44,(anonymous_2)
FN:54,(anonymous_3)
FN:73,(anonymous_4)
FN:127,(anonymous_5)
FN:138,(anonymous_6)
FN:183,(anonymous_7)
FN:205,generateDemoQuizHtml
FN:724,(anonymous_9)
FN:734,(anonymous_10)
FN:743,(anonymous_11)
FNF:11
FNH:0
FNDA:0,(anonymous_1)
FNDA:0,(anonymous_2)
FNDA:0,(anonymous_3)
FNDA:0,(anonymous_4)
FNDA:0,(anonymous_5)
FNDA:0,(anonymous_6)
FNDA:0,(anonymous_7)
FNDA:0,generateDemoQuizHtml
FNDA:0,(anonymous_9)
FNDA:0,(anonymous_10)
FNDA:0,(anonymous_11)
DA:1,0
DA:2,0
DA:3,0
DA:4,0
DA:5,0
DA:6,0
DA:9,0
DA:11,0
DA:12,0
DA:15,0
DA:18,0
DA:24,0
DA:25,0
DA:27,0
DA:33,0
DA:37,0
DA:38,0
DA:41,0
DA:44,0
DA:45,0
DA:54,0
DA:55,0
DA:57,0
DA:58,0
DA:65,0
DA:73,0
DA:74,0
DA:75,0
DA:76,0
DA:78,0
DA:79,0
DA:81,0
DA:83,0
DA:85,0
DA:91,0
DA:92,0
DA:94,0
DA:95,0
DA:97,0
DA:98,0
DA:100,0
DA:106,0
DA:107,0
DA:114,0
DA:117,0
DA:127,0
DA:128,0
DA:130,0
DA:131,0
DA:132,0
DA:133,0
DA:134,0
DA:138,0
DA:140,0
DA:143,0
DA:144,0
DA:145,0
DA:146,0
DA:147,0
DA:152,0
DA:155,0
DA:157,0
DA:158,0
DA:159,0
DA:160,0
DA:161,0
DA:162,0
DA:167,0
DA:174,0
DA:175,0
DA:183,0
DA:184,0
DA:186,0
DA:188,0
DA:189,0
DA:195,0
DA:206,0
DA:207,0
DA:208,0
DA:210,0
DA:724,0
DA:725,0
DA:726,0
DA:734,0
DA:735,0
DA:743,0
DA:744,0
DA:745,0
DA:746,0
DA:747,0
DA:748,0
DA:749,0
DA:750,0
DA:751,0
DA:752,0
DA:753,0
LF:96
LH:0
BRDA:12,0,0,0
BRDA:12,0,1,0
BRDA:24,1,0,0
BRDA:24,1,1,0
BRDA:34,2,0,0
BRDA:34,2,1,0
BRDA:49,3,0,0
BRDA:49,3,1,0
BRDA:57,4,0,0
BRDA:79,5,0,0
BRDA:79,5,1,0
BRDA:81,6,0,0
BRDA:81,6,1,0
BRDA:95,7,0,0
BRDA:95,7,1,0
BRDA:106,8,0,0
BRDA:131,9,0,0
BRDA:144,10,0,0
BRDA:159,11,0,0
BRDA:161,12,0,0
BRDA:161,12,1,0
BRDA:177,13,0,0
BRDA:177,13,1,0
BRDA:188,14,0,0
BRDA:728,15,0,0
BRDA:728,15,1,0
BRDA:729,16,0,0
BRDA:729,16,1,0
BRDA:746,17,0,0
BRDA:746,17,1,0
BRF:30
BRH:0
end_of_record
TN:
SF:src/index.ts
FN:14,startServer
FN:20,(anonymous_2)
FN:61,(anonymous_3)
FN:64,(anonymous_4)
FN:70,(anonymous_5)
FN:76,(anonymous_6)
FN:77,(anonymous_7)
FNF:7
FNH:0
FNDA:0,startServer
FNDA:0,(anonymous_2)
FNDA:0,(anonymous_3)
FNDA:0,(anonymous_4)
FNDA:0,(anonymous_5)
FNDA:0,(anonymous_6)
FNDA:0,(anonymous_7)
DA:1,0
DA:2,0
DA:5,0
DA:7,0
DA:8,0
DA:9,0
DA:11,0
DA:12,0
DA:15,0
DA:17,0
DA:20,0
DA:21,0
DA:28,0
DA:29,0
DA:30,0
DA:31,0
DA:32,0
DA:33,0
DA:34,0
DA:36,0
DA:37,0
DA:38,0
DA:39,0
DA:40,0
DA:41,0
DA:43,0
DA:44,0
DA:45,0
DA:46,0
DA:47,0
DA:48,0
DA:50,0
DA:51,0
DA:52,0
DA:53,0
DA:54,0
DA:56,0
DA:57,0
DA:61,0
DA:62,0
DA:64,0
DA:65,0
DA:66,0
DA:70,0
DA:71,0
DA:72,0
DA:76,0
DA:77,0
DA:80,0
DA:81,0
DA:86,0
LF:51
LH:0
BRDA:11,0,0,0
BRDA:11,0,1,0
BRDA:12,1,0,0
BRDA:12,1,1,0
BRDA:24,2,0,0
BRDA:24,2,1,0
BRF:6
BRH:0
end_of_record
TN:
SF:src/server.ts
FN:40,(anonymous_1)
FN:50,(anonymous_2)
FN:86,(anonymous_3)
FN:94,(anonymous_4)
FN:113,startServer
FN:128,(anonymous_6)
FN:158,(anonymous_7)
FN:161,(anonymous_8)
FN:172,(anonymous_9)
FN:178,(anonymous_10)
FN:179,(anonymous_11)
FNF:11
FNH:0
FNDA:0,(anonymous_1)
FNDA:0,(anonymous_2)
FNDA:0,(anonymous_3)
FNDA:0,(anonymous_4)
FNDA:0,startServer
FNDA:0,(anonymous_6)
FNDA:0,(anonymous_7)
FNDA:0,(anonymous_8)
FNDA:0,(anonymous_9)
FNDA:0,(anonymous_10)
FNDA:0,(anonymous_11)
DA:1,0
DA:2,0
DA:5,0
DA:7,0
DA:8,0
DA:9,0
DA:10,0
DA:11,0
DA:12,0
DA:15,0
DA:16,0
DA:17,0
DA:20,0
DA:21,0
DA:22,0
DA:23,0
DA:26,0
DA:28,0
DA:29,0
DA:30,0
DA:33,0
DA:34,0
DA:35,0
DA:39,0
DA:40,0
DA:42,0
DA:43,0
DA:44,0
DA:47,0
DA:50,0
DA:51,0
DA:52,0
DA:57,0
DA:67,0
DA:68,0
DA:70,0
DA:71,0
DA:80,0
DA:81,0
DA:82,0
DA:83,0
DA:86,0
DA:87,0
DA:94,0
DA:95,0
DA:104,0
DA:114,0
DA:116,0
DA:117,0
DA:120,0
DA:121,0
DA:124,0
DA:125,0
DA:128,0
DA:129,0
DA:136,0
DA:137,0
DA:138,0
DA:139,0
DA:141,0
DA:142,0
DA:143,0
DA:145,0
DA:146,0
DA:147,0
DA:148,0
DA:150,0
DA:151,0
DA:153,0
DA:154,0
DA:158,0
DA:159,0
DA:161,0
DA:162,0
DA:165,0
DA:166,0
DA:168,0
DA:172,0
DA:173,0
DA:174,0
DA:178,0
DA:179,0
DA:182,0
DA:183,0
DA:188,0
LF:85
LH:0
BRDA:29,0,0,0
BRDA:29,0,1,0
BRDA:30,1,0,0
BRDA:30,1,1,0
BRDA:36,2,0,0
BRDA:36,2,1,0
BRDA:61,3,0,0
BRDA:61,3,1,0
BRDA:67,4,0,0
BRDA:67,4,1,0
BRDA:67,5,0,0
BRDA:67,5,1,0
BRDA:74,6,0,0
BRDA:74,6,1,0
BRDA:104,7,0,0
BRDA:104,7,1,0
BRDA:106,8,0,0
BRDA:106,8,1,0
BRDA:109,9,0,0
BRDA:109,9,1,0
BRDA:132,10,0,0
BRDA:132,10,1,0
BRF:22
BRH:0
end_of_record
TN:
SF:src/setupTests.ts
FNF:0
FNH:0
DA:4,0
DA:5,0
DA:6,0
DA:7,0
DA:8,0
LF:5
LH:0
BRF:0
BRH:0
end_of_record
TN:
SF:src/simple-server.ts
FN:21,(anonymous_1)
FN:31,(anonymous_2)
FN:50,(anonymous_3)
FN:64,(anonymous_4)
FN:78,(anonymous_5)
FN:251,(anonymous_6)
FN:261,(anonymous_7)
FN:270,(anonymous_8)
FNF:8
FNH:0
FNDA:0,(anonymous_1)
FNDA:0,(anonymous_2)
FNDA:0,(anonymous_3)
FNDA:0,(anonymous_4)
FNDA:0,(anonymous_5)
FNDA:0,(anonymous_6)
FNDA:0,(anonymous_7)
FNDA:0,(anonymous_8)
DA:1,0
DA:2,0
DA:3,0
DA:4,0
DA:7,0
DA:9,0
DA:10,0
DA:13,0
DA:17,0
DA:18,0
DA:21,0
DA:22,0
DA:31,0
DA:32,0
DA:34,0
DA:35,0
DA:42,0
DA:50,0
DA:51,0
DA:53,0
DA:54,0
DA:61,0
DA:64,0
DA:66,0
DA:69,0
DA:78,0
DA:79,0
DA:82,0
DA:239,0
DA:251,0
DA:252,0
DA:253,0
DA:261,0
DA:262,0
DA:270,0
DA:271,0
DA:272,0
DA:273,0
DA:274,0
DA:275,0
DA:276,0
DA:277,0
DA:278,0
LF:43
LH:0
BRDA:10,0,0,0
BRDA:10,0,1,0
BRDA:14,1,0,0
BRDA:14,1,1,0
BRDA:26,2,0,0
BRDA:26,2,1,0
BRDA:34,3,0,0
BRDA:53,4,0,0
BRDA:53,5,0,0
BRDA:53,5,1,0
BRDA:256,6,0,0
BRDA:256,6,1,0
BRDA:273,7,0,0
BRDA:273,7,1,0
BRF:14
BRH:0
end_of_record
TN:
SF:src/config/database.ts
FN:9,(anonymous_1)
FN:24,(anonymous_2)
FN:37,(anonymous_3)
FN:41,(anonymous_4)
FN:45,(anonymous_5)
FN:56,(anonymous_6)
FN:66,(anonymous_7)
FN:71,(anonymous_8)
FNF:8
FNH:0
FNDA:0,(anonymous_1)
FNDA:0,(anonymous_2)
FNDA:0,(anonymous_3)
FNDA:0,(anonymous_4)
FNDA:0,(anonymous_5)
FNDA:0,(anonymous_6)
FNDA:0,(anonymous_7)
FNDA:0,(anonymous_8)
DA:1,0
DA:2,0
DA:9,0
DA:10,0
DA:14,0
DA:21,0
DA:24,0
DA:25,0
DA:26,0
DA:28,0
DA:30,0
DA:37,0
DA:38,0
DA:41,0
DA:42,0
DA:45,0
DA:46,0
DA:50,0
DA:51,0
DA:56,0
DA:57,0
DA:58,0
DA:59,0
DA:61,0
DA:66,0
DA:67,0
DA:68,0
DA:71,0
DA:72,0
DA:73,0
LF:30
LH:0
BRDA:10,0,0,0
BRDA:10,0,1,0
BRDA:11,1,0,0
BRDA:11,1,1,0
BRDA:12,2,0,0
BRDA:12,2,1,0
BRF:6
BRH:0
end_of_record
TN:
SF:src/config/prisma.ts
FN:27,(anonymous_0)
FN:37,(anonymous_1)
FN:41,(anonymous_2)
FN:45,(anonymous_3)
FN:50,(anonymous_4)
FN:61,(anonymous_5)
FN:71,(anonymous_6)
FNF:7
FNH:0
FNDA:0,(anonymous_0)
FNDA:0,(anonymous_1)
FNDA:0,(anonymous_2)
FNDA:0,(anonymous_3)
FNDA:0,(anonymous_4)
FNDA:0,(anonymous_5)
FNDA:0,(anonymous_6)
DA:1,0
DA:2,0
DA:5,0
DA:27,0
DA:28,0
DA:29,0
DA:37,0
DA:38,0
DA:41,0
DA:42,0
DA:45,0
DA:46,0
DA:50,0
DA:51,0
DA:52,0
DA:53,0
DA:55,0
DA:56,0
DA:61,0
DA:62,0
DA:63,0
DA:64,0
DA:66,0
DA:71,0
DA:72,0
DA:73,0
DA:74,0
DA:76,0
DA:77,0
LF:29
LH:0
BRDA:28,0,0,0
BRF:1
BRH:0
end_of_record
TN:
SF:src/config/queue.ts
FN:19,(anonymous_0)
FN:23,(anonymous_1)
FN:28,(anonymous_2)
FN:62,(anonymous_3)
FN:83,(anonymous_4)
FN:109,(anonymous_5)
FNF:6
FNH:0
FNDA:0,(anonymous_0)
FNDA:0,(anonymous_1)
FNDA:0,(anonymous_2)
FNDA:0,(anonymous_3)
FNDA:0,(anonymous_4)
FNDA:0,(anonymous_5)
DA:1,0
DA:2,0
DA:3,0
DA:6,0
DA:14,0
DA:19,0
DA:20,0
DA:23,0
DA:24,0
DA:28,0
DA:29,0
DA:30,0
DA:31,0
DA:33,0
DA:34,0
DA:39,0
DA:53,0
DA:59,0
DA:62,0
DA:63,0
DA:80,0
DA:83,0
DA:84,0
DA:85,0
DA:86,0
DA:87,0
DA:88,0
DA:90,0
DA:100,0
DA:101,0
DA:109,0
DA:110,0
DA:111,0
DA:112,0
DA:113,0
DA:115,0
LF:36
LH:0
BRDA:7,0,0,0
BRDA:7,0,1,0
BRDA:8,1,0,0
BRDA:8,1,1,0
BRDA:10,2,0,0
BRDA:10,2,1,0
BRDA:15,3,0,0
BRDA:15,3,1,0
BRDA:44,4,0,0
BRDA:44,4,1,0
BRDA:47,5,0,0
BRDA:47,5,1,0
BRDA:55,6,0,0
BRDA:55,6,1,0
BRDA:103,7,0,0
BRDA:103,7,1,0
BRF:16
BRH:0
end_of_record
TN:
SF:src/config/settings.ts
FN:60,(anonymous_0)
FN:64,(anonymous_1)
FN:74,(anonymous_2)
FN:124,(anonymous_3)
FN:137,(anonymous_4)
FN:194,(anonymous_5)
FN:201,(anonymous_6)
FN:208,(anonymous_7)
FN:220,(anonymous_8)
FN:227,(anonymous_9)
FN:248,(anonymous_10)
FN:261,(anonymous_11)
FNF:12
FNH:0
FNDA:0,(anonymous_0)
FNDA:0,(anonymous_1)
FNDA:0,(anonymous_2)
FNDA:0,(anonymous_3)
FNDA:0,(anonymous_4)
FNDA:0,(anonymous_5)
FNDA:0,(anonymous_6)
FNDA:0,(anonymous_7)
FNDA:0,(anonymous_8)
FNDA:0,(anonymous_9)
FNDA:0,(anonymous_10)
FNDA:0,(anonymous_11)
DA:1,0
DA:58,0
DA:61,0
DA:65,0
DA:66,0
DA:68,0
DA:75,0
DA:125,0
DA:126,0
DA:127,0
DA:128,0
DA:129,0
DA:131,0
DA:138,0
DA:139,0
DA:141,0
DA:144,0
DA:145,0
DA:146,0
DA:148,0
DA:153,0
DA:154,0
DA:155,0
DA:157,0
DA:162,0
DA:163,0
DA:167,0
DA:168,0
DA:172,0
DA:173,0
DA:176,0
DA:178,0
DA:184,0
DA:195,0
DA:202,0
DA:209,0
DA:210,0
DA:213,0
DA:214,0
DA:221,0
DA:228,0
DA:242,0
DA:249,0
DA:251,0
DA:252,0
DA:253,0
DA:255,0
DA:262,0
DA:308,0
DA:309,0
LF:50
LH:0
BRDA:65,0,0,0
BRDA:77,1,0,0
BRDA:77,1,1,0
BRDA:78,2,0,0
BRDA:78,2,1,0
BRDA:79,3,0,0
BRDA:79,3,1,0
BRDA:83,4,0,0
BRDA:83,4,1,0
BRDA:88,5,0,0
BRDA:88,5,1,0
BRDA:89,6,0,0
BRDA:89,6,1,0
BRDA:90,7,0,0
BRDA:90,7,1,0
BRDA:96,8,0,0
BRDA:96,8,1,0
BRDA:97,9,0,0
BRDA:97,9,1,0
BRDA:98,10,0,0
BRDA:98,10,1,0
BRDA:99,11,0,0
BRDA:99,11,1,0
BRDA:103,12,0,0
BRDA:103,12,1,0
BRDA:104,13,0,0
BRDA:104,13,1,0
BRDA:108,14,0,0
BRDA:108,14,1,0
BRDA:110,15,0,0
BRDA:110,15,1,0
BRDA:114,16,0,0
BRDA:114,16,1,0
BRDA:115,17,0,0
BRDA:115,17,1,0
BRDA:116,18,0,0
BRDA:116,18,1,0
BRDA:125,19,0,0
BRDA:125,19,1,0
BRDA:126,20,0,0
BRDA:126,20,1,0
BRDA:126,21,0,0
BRDA:126,21,1,0
BRDA:128,22,0,0
BRDA:144,23,0,0
BRDA:144,24,0,0
BRDA:144,24,1,0
BRDA:145,25,0,0
BRDA:145,25,1,0
BRDA:153,26,0,0
BRDA:154,27,0,0
BRDA:154,27,1,0
BRDA:162,28,0,0
BRDA:162,29,0,0
BRDA:162,29,1,0
BRDA:167,30,0,0
BRDA:172,31,0,0
BRDA:209,32,0,0
BRDA:235,33,0,0
BRDA:235,33,1,0
BRDA:249,34,0,0
BRF:61
BRH:0
end_of_record
TN:
SF:src/controllers/aiController-v2.ts
FN:11,(anonymous_0)
FN:19,(anonymous_1)
FN:164,(anonymous_2)
FN:212,(anonymous_3)
FN:292,(anonymous_4)
FNF:5
FNH:0
FNDA:0,(anonymous_0)
FNDA:0,(anonymous_1)
FNDA:0,(anonymous_2)
FNDA:0,(anonymous_3)
FNDA:0,(anonymous_4)
DA:2,0
DA:3,0
DA:4,0
DA:5,0
DA:6,0
DA:8,0
DA:12,0
DA:20,0
DA:21,0
DA:22,0
DA:24,0
DA:25,0
DA:30,0
DA:34,0
DA:35,0
DA:36,0
DA:41,0
DA:45,0
DA:46,0
DA:47,0
DA:48,0
DA:56,0
DA:59,0
DA:62,0
DA:67,0
DA:69,0
DA:70,0
DA:73,0
DA:78,0
DA:81,0
DA:83,0
DA:88,0
DA:91,0
DA:96,0
DA:98,0
DA:105,0
DA:107,0
DA:108,0
DA:109,0
DA:110,0
DA:112,0
DA:113,0
DA:114,0
DA:116,0
DA:117,0
DA:118,0
DA:120,0
DA:121,0
DA:122,0
DA:123,0
DA:125,0
DA:126,0
DA:127,0
DA:128,0
DA:130,0
DA:131,0
DA:132,0
DA:133,0
DA:135,0
DA:136,0
DA:137,0
DA:138,0
DA:140,0
DA:144,0
DA:145,0
DA:146,0
DA:149,0
DA:165,0
DA:166,0
DA:168,0
DA:177,0
DA:178,0
DA:179,0
DA:184,0
DA:185,0
DA:187,0
DA:188,0
DA:189,0
DA:192,0
DA:193,0
DA:197,0
DA:200,0
DA:201,0
DA:213,0
DA:214,0
DA:216,0
DA:217,0
DA:221,0
DA:225,0
DA:228,0
DA:229,0
DA:230,0
DA:235,0
DA:238,0
DA:240,0
DA:243,0
DA:244,0
DA:250,0
DA:255,0
DA:260,0
DA:261,0
DA:269,0
DA:278,0
DA:279,0
DA:293,0
DA:294,0
DA:296,0
DA:297,0
DA:301,0
DA:304,0
DA:305,0
DA:306,0
DA:311,0
DA:315,0
DA:316,0
DA:320,0
DA:324,0
DA:328,0
DA:330,0
DA:331,0
DA:335,0
DA:339,0
DA:340,0
DA:349,0
DA:357,0
DA:358,0
DA:367,0
LF:127
LH:0
BRDA:22,0,0,0
BRDA:22,0,1,0
BRDA:24,1,0,0
BRDA:35,2,0,0
BRDA:46,3,0,0
BRDA:50,4,0,0
BRDA:50,4,1,0
BRDA:69,5,0,0
BRDA:69,5,1,0
BRDA:112,6,0,0
BRDA:114,7,0,0
BRDA:114,7,1,0
BRDA:114,7,2,0
BRDA:114,7,3,0
BRDA:114,7,4,0
BRDA:144,8,0,0
BRDA:155,9,0,0
BRDA:155,9,1,0
BRDA:177,10,0,0
BRDA:177,11,0,0
BRDA:177,11,1,0
BRDA:187,12,0,0
BRDA:214,13,0,0
BRDA:216,14,0,0
BRDA:229,15,0,0
BRDA:243,16,0,0
BRDA:243,16,1,0
BRDA:243,17,0,0
BRDA:243,17,1,0
BRDA:260,18,0,0
BRDA:260,18,1,0
BRDA:282,19,0,0
BRDA:282,19,1,0
BRDA:296,20,0,0
BRDA:305,21,0,0
BRDA:315,22,0,0
BRDA:315,23,0,0
BRDA:315,23,1,0
BRDA:325,24,0,0
BRDA:325,24,1,0
BRDA:330,25,0,0
BRDA:330,26,0,0
BRDA:330,26,1,0
BRDA:339,27,0,0
BRDA:344,28,0,0
BRDA:344,28,1,0
BRDA:361,29,0,0
BRDA:361,29,1,0
BRF:48
BRH:0
end_of_record
TN:
SF:src/controllers/authController.ts
FN:14,(anonymous_1)
FN:24,(anonymous_2)
FN:56,(anonymous_3)
FN:124,(anonymous_4)
FN:178,(anonymous_5)
FN:195,(anonymous_6)
FN:257,(anonymous_7)
FN:317,(anonymous_8)
FN:357,(anonymous_9)
FNF:9
FNH:0
FNDA:0,(anonymous_1)
FNDA:0,(anonymous_2)
FNDA:0,(anonymous_3)
FNDA:0,(anonymous_4)
FNDA:0,(anonymous_5)
FNDA:0,(anonymous_6)
FNDA:0,(anonymous_7)
FNDA:0,(anonymous_8)
FNDA:0,(anonymous_9)
DA:2,0
DA:3,0
DA:4,0
DA:5,0
DA:6,0
DA:7,0
DA:14,0
DA:15,0
DA:16,0
DA:17,0
DA:19,0
DA:24,0
DA:25,0
DA:27,0
DA:36,0
DA:39,0
DA:41,0
DA:56,0
DA:57,0
DA:58,0
DA:61,0
DA:62,0
DA:63,0
DA:67,0
DA:81,0
DA:82,0
DA:85,0
DA:86,0
DA:88,0
DA:106,0
DA:108,0
DA:112,0
DA:114,0
DA:115,0
DA:124,0
DA:125,0
DA:126,0
DA:129,0
DA:130,0
DA:134,0
DA:135,0
DA:137,0
DA:151,0
DA:155,0
DA:157,0
DA:158,0
DA:162,0
DA:163,0
DA:165,0
DA:166,0
DA:168,0
DA:169,0
DA:178,0
DA:179,0
DA:184,0
DA:195,0
DA:196,0
DA:197,0
DA:200,0
DA:201,0
DA:202,0
DA:206,0
DA:207,0
DA:210,0
DA:211,0
DA:213,0
DA:232,0
DA:237,0
DA:239,0
DA:240,0
DA:241,0
DA:243,0
DA:244,0
DA:247,0
DA:248,0
DA:257,0
DA:258,0
DA:259,0
DA:260,0
DA:263,0
DA:268,0
DA:273,0
DA:274,0
DA:278,0
DA:279,0
DA:280,0
DA:281,0
DA:284,0
DA:285,0
DA:301,0
DA:304,0
DA:305,0
DA:307,0
DA:308,0
DA:317,0
DA:318,0
DA:319,0
DA:322,0
DA:327,0
DA:331,0
DA:332,0
DA:336,0
DA:337,0
DA:338,0
DA:340,0
DA:342,0
DA:347,0
DA:348,0
DA:357,0
DA:358,0
LF:110
LH:0
BRDA:16,0,0,0
BRDA:20,1,0,0
BRDA:20,1,1,0
BRDA:29,2,0,0
BRDA:29,2,1,0
BRDA:43,3,0,0
BRDA:43,3,1,0
BRDA:62,4,0,0
BRDA:129,5,0,0
BRDA:129,6,0,0
BRDA:129,6,1,0
BRDA:134,7,0,0
BRDA:134,8,0,0
BRDA:134,8,1,0
BRDA:134,8,2,0
BRDA:157,9,0,0
BRDA:157,10,0,0
BRDA:157,10,1,0
BRDA:201,11,0,0
BRDA:273,12,0,0
BRDA:331,13,0,0
BRF:21
BRH:0
end_of_record
TN:
SF:src/controllers/practiceController.ts
FN:17,(anonymous_0)
FN:88,(anonymous_1)
FN:157,(anonymous_2)
FN:189,(anonymous_3)
FN:253,(anonymous_4)
FN:332,(anonymous_5)
FN:406,shuffleArray
FNF:7
FNH:0
FNDA:0,(anonymous_0)
FNDA:0,(anonymous_1)
FNDA:0,(anonymous_2)
FNDA:0,(anonymous_3)
FNDA:0,(anonymous_4)
FNDA:0,(anonymous_5)
FNDA:0,shuffleArray
DA:2,0
DA:3,0
DA:4,0
DA:5,0
DA:6,0
DA:17,0
DA:18,0
DA:19,0
DA:20,0
DA:23,0
DA:24,0
DA:50,0
DA:58,0
DA:62,0
DA:68,0
DA:69,0
DA:72,0
DA:73,0
DA:77,0
DA:83,0
DA:84,0
DA:88,0
DA:89,0
DA:90,0
DA:94,0
DA:101,0
DA:122,0
DA:130,0
DA:147,0
DA:148,0
DA:157,0
DA:158,0
DA:159,0
DA:166,0
DA:167,0
DA:169,0
DA:175,0
DA:176,0
DA:180,0
DA:181,0
DA:185,0
DA:186,0
DA:189,0
DA:191,0
DA:193,0
DA:202,0
DA:213,0
DA:214,0
DA:216,0
DA:217,0
DA:220,0
DA:222,0
DA:229,0
DA:243,0
DA:244,0
DA:253,0
DA:254,0
DA:255,0
DA:256,0
DA:257,0
DA:259,0
DA:265,0
DA:266,0
DA:270,0
DA:271,0
DA:275,0
DA:276,0
DA:280,0
DA:281,0
DA:282,0
DA:285,0
DA:294,0
DA:299,0
DA:307,0
DA:322,0
DA:323,0
DA:332,0
DA:333,0
DA:334,0
DA:342,0
DA:345,0
DA:347,0
DA:348,0
DA:351,0
DA:352,0
DA:356,0
DA:357,0
DA:358,0
DA:361,0
DA:362,0
DA:365,0
DA:376,0
DA:378,0
DA:385,0
DA:400,0
DA:401,0
DA:407,0
DA:408,0
DA:409,0
DA:410,0
DA:412,0
LF:101
LH:0
BRDA:19,0,0,0
BRDA:23,1,0,0
BRDA:23,2,0,0
BRDA:23,2,1,0
BRDA:68,3,0,0
BRDA:72,4,0,0
BRDA:83,5,0,0
BRDA:89,6,0,0
BRDA:96,7,0,0
BRDA:96,7,1,0
BRDA:175,8,0,0
BRDA:180,9,0,0
BRDA:185,10,0,0
BRDA:186,11,0,0
BRDA:191,12,0,0
BRDA:191,12,1,0
BRDA:197,13,0,0
BRDA:197,13,1,0
BRDA:206,14,0,0
BRDA:206,14,1,0
BRDA:213,15,0,0
BRDA:216,16,0,0
BRDA:265,17,0,0
BRDA:270,18,0,0
BRDA:270,19,0,0
BRDA:270,19,1,0
BRDA:275,20,0,0
BRDA:336,21,0,0
BRDA:337,22,0,0
BRDA:340,23,0,0
BRDA:341,24,0,0
BRDA:347,25,0,0
BRDA:351,26,0,0
BRDA:362,27,0,0
BRDA:362,27,1,0
BRF:35
BRH:0
end_of_record
TN:
SF:src/controllers/quizController.ts
FN:16,(anonymous_0)
FN:91,(anonymous_1)
FN:171,(anonymous_2)
FN:207,(anonymous_3)
FN:273,(anonymous_4)
FNF:5
FNH:0
FNDA:0,(anonymous_0)
FNDA:0,(anonymous_1)
FNDA:0,(anonymous_2)
FNDA:0,(anonymous_3)
FNDA:0,(anonymous_4)
DA:2,0
DA:3,0
DA:4,0
DA:5,0
DA:16,0
DA:17,0
DA:18,0
DA:19,0
DA:22,0
DA:23,0
DA:27,0
DA:32,0
DA:33,0
DA:37,0
DA:59,0
DA:65,0
DA:81,0
DA:82,0
DA:91,0
DA:92,0
DA:93,0
DA:101,0
DA:104,0
DA:106,0
DA:107,0
DA:110,0
DA:111,0
DA:118,0
DA:119,0
DA:120,0
DA:123,0
DA:124,0
DA:127,0
DA:137,0
DA:139,0
DA:146,0
DA:161,0
DA:162,0
DA:171,0
DA:172,0
DA:173,0
DA:174,0
DA:176,0
DA:181,0
DA:182,0
DA:185,0
DA:190,0
DA:197,0
DA:198,0
DA:207,0
DA:208,0
DA:209,0
DA:210,0
DA:211,0
DA:213,0
DA:218,0
DA:219,0
DA:223,0
DA:224,0
DA:230,0
DA:231,0
DA:236,0
DA:237,0
DA:238,0
DA:240,0
DA:242,0
DA:247,0
DA:263,0
DA:264,0
DA:273,0
DA:274,0
DA:275,0
DA:276,0
DA:278,0
DA:283,0
DA:284,0
DA:288,0
DA:291,0
DA:295,0
DA:301,0
DA:306,0
DA:307,0
LF:82
LH:0
BRDA:22,0,0,0
BRDA:22,1,0,0
BRDA:22,1,1,0
BRDA:32,2,0,0
BRDA:95,3,0,0
BRDA:96,4,0,0
BRDA:99,5,0,0
BRDA:100,6,0,0
BRDA:106,7,0,0
BRDA:110,8,0,0
BRDA:124,9,0,0
BRDA:124,9,1,0
BRDA:181,10,0,0
BRDA:218,11,0,0
BRDA:223,12,0,0
BRDA:223,13,0,0
BRDA:223,13,1,0
BRDA:230,14,0,0
BRDA:236,15,0,0
BRDA:237,16,0,0
BRDA:238,17,0,0
BRDA:283,18,0,0
BRF:22
BRH:0
end_of_record
TN:
SF:src/interfaces/IAiProvider.ts
FN:111,(anonymous_0)
FNF:1
FNH:0
FNDA:0,(anonymous_0)
DA:110,1
DA:113,0
DA:114,0
DA:115,0
DA:117,0
DA:118,0
DA:125,1
LF:7
LH:2
BRDA:115,0,0,0
BRF:1
BRH:0
end_of_record
TN:
SF:src/middleware/auth.ts
FN:20,(anonymous_1)
FN:81,(anonymous_2)
FN:82,(anonymous_3)
FN:99,(anonymous_4)
FN:133,(anonymous_5)
FN:148,(anonymous_6)
FN:149,(anonymous_7)
FNF:7
FNH:0
FNDA:0,(anonymous_1)
FNDA:0,(anonymous_2)
FNDA:0,(anonymous_3)
FNDA:0,(anonymous_4)
FNDA:0,(anonymous_5)
FNDA:0,(anonymous_6)
FNDA:0,(anonymous_7)
DA:2,0
DA:3,0
DA:4,0
DA:5,0
DA:20,0
DA:21,0
DA:25,0
DA:26,0
DA:27,0
DA:28,0
DA:31,0
DA:32,0
DA:36,0
DA:39,0
DA:40,0
DA:48,0
DA:49,0
DA:53,0
DA:54,0
DA:55,0
DA:59,0
DA:60,0
DA:64,0
DA:65,0
DA:67,0
DA:68,0
DA:69,0
DA:70,0
DA:73,0
DA:74,0
DA:81,0
DA:82,0
DA:83,0
DA:84,0
DA:92,0
DA:99,0
DA:100,0
DA:103,0
DA:104,0
DA:105,0
DA:106,0
DA:109,0
DA:110,0
DA:111,0
DA:112,0
DA:114,0
DA:115,0
DA:119,0
DA:123,0
DA:125,0
DA:126,0
DA:133,0
DA:134,0
DA:135,0
DA:138,0
DA:139,0
DA:142,0
DA:148,0
DA:149,0
DA:150,0
DA:151,0
DA:156,0
LF:62
LH:0
BRDA:25,0,0,0
BRDA:25,0,1,0
BRDA:25,1,0,0
BRDA:25,1,1,0
BRDA:27,2,0,0
BRDA:31,3,0,0
BRDA:39,4,0,0
BRDA:39,5,0,0
BRDA:39,5,1,0
BRDA:54,6,0,0
BRDA:59,7,0,0
BRDA:59,8,0,0
BRDA:59,8,1,0
BRDA:67,9,0,0
BRDA:67,9,1,0
BRDA:69,10,0,0
BRDA:83,11,0,0
BRDA:103,12,0,0
BRDA:103,12,1,0
BRDA:103,13,0,0
BRDA:103,13,1,0
BRDA:105,14,0,0
BRDA:109,15,0,0
BRDA:114,16,0,0
BRDA:134,17,0,0
BRDA:138,18,0,0
BRDA:148,19,0,0
BRDA:150,20,0,0
BRF:28
BRH:0
end_of_record
TN:
SF:src/middleware/authV2.ts
FN:17,(anonymous_1)
FNF:1
FNH:0
FNDA:0,(anonymous_1)
DA:2,0
DA:3,0
DA:4,0
DA:5,0
DA:17,0
DA:18,0
DA:22,0
DA:23,0
DA:26,0
DA:27,0
DA:31,0
DA:32,0
DA:33,0
DA:36,0
DA:39,0
DA:43,0
DA:44,0
DA:48,0
DA:49,0
DA:53,0
DA:55,0
DA:60,0
DA:62,0
DA:64,0
DA:65,0
DA:66,0
DA:67,0
DA:70,0
DA:76,0
LF:29
LH:0
BRDA:22,0,0,0
BRDA:22,1,0,0
BRDA:22,1,1,0
BRDA:26,2,0,0
BRDA:32,3,0,0
BRDA:43,4,0,0
BRDA:48,5,0,0
BRDA:64,6,0,0
BRDA:64,6,1,0
BRDA:66,7,0,0
BRF:10
BRH:0
end_of_record
TN:
SF:src/middleware/deprecation.ts
FN:8,(anonymous_0)
FN:26,(anonymous_1)
FN:50,(anonymous_2)
FNF:3
FNH:0
FNDA:0,(anonymous_0)
FNDA:0,(anonymous_1)
FNDA:0,(anonymous_2)
DA:2,0
DA:8,0
DA:10,0
DA:11,0
DA:12,0
DA:13,0
DA:16,0
DA:25,0
DA:26,0
DA:27,0
DA:37,0
DA:38,0
DA:41,0
DA:44,0
DA:50,0
DA:52,0
DA:54,0
LF:17
LH:0
BRDA:37,0,0,0
BRDA:37,1,0,0
BRDA:37,1,1,0
BRF:3
BRH:0
end_of_record
TN:
SF:src/middleware/validation.ts
FN:8,(anonymous_0)
FN:12,(anonymous_1)
FNF:2
FNH:0
FNDA:0,(anonymous_0)
FNDA:0,(anonymous_1)
DA:2,0
DA:3,0
DA:8,0
DA:9,0
DA:11,0
DA:12,0
DA:13,0
DA:14,0
DA:16,0
DA:19,0
DA:22,0
LF:11
LH:0
BRDA:11,0,0,0
BRDA:13,1,0,0
BRF:2
BRH:0
end_of_record
TN:
SF:src/models/PracticeSession.ts
FN:162,(anonymous_9)
FN:177,(anonymous_10)
FN:180,(anonymous_11)
FN:185,(anonymous_12)
FN:197,(anonymous_13)
FN:203,(anonymous_14)
FN:208,(anonymous_15)
FN:214,(anonymous_16)
FN:220,(anonymous_17)
FN:227,(anonymous_18)
FN:233,(anonymous_19)
FNF:11
FNH:0
FNDA:0,(anonymous_9)
FNDA:0,(anonymous_10)
FNDA:0,(anonymous_11)
FNDA:0,(anonymous_12)
FNDA:0,(anonymous_13)
FNDA:0,(anonymous_14)
FNDA:0,(anonymous_15)
FNDA:0,(anonymous_16)
FNDA:0,(anonymous_17)
FNDA:0,(anonymous_18)
FNDA:0,(anonymous_19)
DA:1,0
DA:53,0
DA:78,0
DA:163,0
DA:164,0
DA:170,0
DA:171,0
DA:172,0
DA:173,0
DA:174,0
DA:177,0
DA:178,0
DA:179,0
DA:180,0
DA:182,0
DA:183,0
DA:185,0
DA:186,0
DA:188,0
DA:189,0
DA:193,0
DA:197,0
DA:198,0
DA:199,0
DA:203,0
DA:204,0
DA:208,0
DA:209,0
DA:210,0
DA:214,0
DA:215,0
DA:216,0
DA:220,0
DA:221,0
DA:222,0
DA:223,0
DA:227,0
DA:228,0
DA:229,0
DA:233,0
DA:234,0
DA:235,0
DA:238,0
LF:43
LH:0
BRDA:178,0,0,0
BRDA:182,1,0,0
BRDA:182,1,1,0
BRDA:198,2,0,0
BRF:4
BRH:0
end_of_record
TN:
SF:src/models/Quiz.ts
FN:182,(anonymous_9)
FN:196,(anonymous_10)
FN:209,(anonymous_11)
FN:229,(anonymous_12)
FN:230,(anonymous_13)
FN:233,(anonymous_14)
FN:242,(anonymous_15)
FNF:7
FNH:0
FNDA:0,(anonymous_9)
FNDA:0,(anonymous_10)
FNDA:0,(anonymous_11)
FNDA:0,(anonymous_12)
FNDA:0,(anonymous_13)
FNDA:0,(anonymous_14)
FNDA:0,(anonymous_15)
DA:1,0
DA:53,0
DA:92,0
DA:183,0
DA:184,0
DA:190,0
DA:191,0
DA:192,0
DA:193,0
DA:196,0
DA:197,0
DA:198,0
DA:201,0
DA:209,0
DA:210,0
DA:212,0
DA:213,0
DA:215,0
DA:216,0
DA:218,0
DA:219,0
DA:221,0
DA:222,0
DA:227,0
DA:228,0
DA:229,0
DA:230,0
DA:232,0
DA:233,0
DA:234,0
DA:235,0
DA:236,0
DA:237,0
DA:238,0
DA:242,0
DA:244,0
DA:245,0
DA:246,0
DA:247,0
DA:249,0
DA:255,0
DA:258,0
LF:42
LH:0
BRDA:197,0,0,0
BRDA:210,1,0,0
BRDA:210,1,1,0
BRDA:210,1,2,0
BRDA:210,1,3,0
BRDA:227,2,0,0
BRDA:232,3,0,0
BRDA:234,4,0,0
BRDA:234,4,1,0
BRDA:234,4,2,0
BRDA:234,4,3,0
BRDA:244,5,0,0
BRDA:244,5,1,0
BRDA:246,6,0,0
BRDA:246,6,1,0
BRF:15
BRH:0
end_of_record
TN:
SF:src/models/User.ts
FN:113,(anonymous_10)
FN:130,(anonymous_11)
FN:143,(anonymous_12)
FN:148,(anonymous_13)
FN:163,(anonymous_14)
FN:176,(anonymous_15)
FNF:6
FNH:0
FNDA:0,(anonymous_10)
FNDA:0,(anonymous_11)
FNDA:0,(anonymous_12)
FNDA:0,(anonymous_13)
FNDA:0,(anonymous_14)
FNDA:0,(anonymous_15)
DA:1,0
DA:2,0
DA:35,0
DA:114,0
DA:115,0
DA:116,0
DA:117,0
DA:118,0
DA:119,0
DA:125,0
DA:126,0
DA:127,0
DA:130,0
DA:131,0
DA:133,0
DA:134,0
DA:135,0
DA:136,0
DA:138,0
DA:143,0
DA:144,0
DA:148,0
DA:149,0
DA:150,0
DA:152,0
DA:157,0
DA:159,0
DA:163,0
DA:164,0
DA:165,0
DA:167,0
DA:172,0
DA:176,0
DA:177,0
DA:178,0
DA:179,0
DA:181,0
DA:184,0
LF:38
LH:0
BRDA:131,0,0,0
BRDA:134,1,0,0
BRDA:134,1,1,0
BRDA:177,2,0,0
BRF:4
BRH:0
end_of_record
TN:
SF:src/providers/AiProviderFactory.ts
FN:14,(anonymous_0)
FN:16,(anonymous_1)
FN:26,(anonymous_2)
FN:80,(anonymous_3)
FN:87,(anonymous_4)
FN:95,(anonymous_5)
FN:111,(anonymous_6)
FN:118,(anonymous_7)
FN:154,(anonymous_8)
FN:188,(anonymous_9)
FN:211,(anonymous_10)
FNF:11
FNH:0
FNDA:0,(anonymous_0)
FNDA:0,(anonymous_1)
FNDA:0,(anonymous_2)
FNDA:0,(anonymous_3)
FNDA:0,(anonymous_4)
FNDA:0,(anonymous_5)
FNDA:0,(anonymous_6)
FNDA:0,(anonymous_7)
FNDA:0,(anonymous_8)
FNDA:0,(anonymous_9)
FNDA:0,(anonymous_10)
DA:1,0
DA:2,0
DA:3,0
DA:4,0
DA:10,0
DA:12,0
DA:17,0
DA:18,0
DA:20,0
DA:27,0
DA:30,0
DA:31,0
DA:32,0
DA:37,0
DA:39,0
DA:45,0
DA:48,0
DA:52,0
DA:56,0
DA:63,0
DA:71,0
DA:72,0
DA:74,0
DA:81,0
DA:88,0
DA:89,0
DA:96,0
DA:106,0
DA:108,0
DA:109,0
DA:112,0
DA:122,0
DA:124,0
DA:130,0
DA:131,0
DA:132,0
DA:136,0
DA:137,0
DA:141,0
DA:144,0
DA:146,0
DA:147,0
DA:155,0
DA:156,0
DA:164,0
DA:166,0
DA:167,0
DA:171,0
DA:172,0
DA:173,0
DA:175,0
DA:176,0
DA:181,0
DA:182,0
DA:189,0
DA:190,0
DA:191,0
DA:194,0
DA:195,0
DA:197,0
DA:198,0
DA:199,0
DA:201,0
DA:202,0
DA:205,0
DA:215,0
DA:217,0
DA:218,0
DA:224,0
DA:225,0
DA:231,0
DA:236,0
LF:72
LH:0
BRDA:17,0,0,0
BRDA:30,1,0,0
BRDA:37,2,0,0
BRDA:37,2,1,0
BRDA:37,2,2,0
BRDA:37,2,3,0
BRDA:41,3,0,0
BRDA:41,3,1,0
BRDA:42,4,0,0
BRDA:42,4,1,0
BRDA:43,5,0,0
BRDA:43,5,1,0
BRDA:131,6,0,0
BRDA:136,7,0,0
BRDA:155,8,0,0
BRDA:166,9,0,0
BRDA:171,10,0,0
BRDA:175,11,0,0
BRDA:189,12,0,0
BRDA:195,13,0,0
BRDA:217,14,0,0
BRDA:224,15,0,0
BRF:22
BRH:0
end_of_record
TN:
SF:src/providers/GeminiProvider.ts
FN:22,(anonymous_0)
FN:44,(anonymous_1)
FN:58,(anonymous_2)
FN:71,(anonymous_3)
FN:72,(anonymous_4)
FN:123,(anonymous_5)
FN:146,(anonymous_6)
FN:147,(anonymous_7)
FN:201,(anonymous_8)
FN:211,(anonymous_9)
FN:221,(anonymous_10)
FN:235,(anonymous_11)
FN:250,(anonymous_12)
FN:256,(anonymous_13)
FN:264,(anonymous_14)
FNF:15
FNH:9
FNDA:12,(anonymous_0)
FNDA:12,(anonymous_1)
FNDA:7,(anonymous_2)
FNDA:7,(anonymous_3)
FNDA:0,(anonymous_4)
FNDA:4,(anonymous_5)
FNDA:12,(anonymous_6)
FNDA:0,(anonymous_7)
FNDA:8,(anonymous_8)
FNDA:2,(anonymous_9)
FNDA:0,(anonymous_10)
FNDA:12,(anonymous_11)
FNDA:0,(anonymous_12)
FNDA:0,(anonymous_13)
FNDA:0,(anonymous_14)
DA:1,1
DA:2,1
DA:10,1
DA:12,1
DA:13,12
DA:14,12
DA:16,12
DA:28,12
DA:29,12
DA:30,12
DA:31,12
DA:33,12
DA:34,0
DA:41,12
DA:45,12
DA:46,12
DA:47,12
DA:49,0
DA:50,0
DA:59,7
DA:61,7
DA:62,7
DA:65,7
DA:66,7
DA:69,7
DA:72,7
DA:76,7
DA:77,0
DA:79,0
DA:80,0
DA:81,0
DA:90,0
DA:94,7
DA:96,7
DA:97,7
DA:99,7
DA:100,0
DA:101,0
DA:102,7
DA:103,0
DA:104,0
DA:105,7
DA:106,0
DA:107,0
DA:108,7
DA:109,0
DA:110,0
DA:111,7
DA:112,0
DA:113,0
DA:116,7
DA:124,4
DA:125,0
DA:132,4
DA:133,4
DA:135,4
DA:136,12
DA:137,12
DA:138,12
DA:140,12
DA:142,12
DA:144,12
DA:147,12
DA:151,12
DA:152,0
DA:154,0
DA:155,0
DA:158,0
DA:159,0
DA:161,0
DA:167,0
DA:178,12
DA:180,12
DA:181,4
DA:183,4
DA:184,0
DA:185,4
DA:186,0
DA:187,4
DA:188,0
DA:189,4
DA:190,0
DA:193,4
DA:200,8
DA:201,8
DA:205,0
DA:212,2
DA:213,2
DA:214,2
DA:216,0
DA:217,0
DA:228,0
DA:236,12
DA:252,0
DA:253,0
DA:258,0
DA:266,0
LF:97
LH:59
BRDA:29,0,0,12
BRDA:29,0,1,0
BRDA:30,1,0,12
BRDA:30,1,1,0
BRDA:31,2,0,12
BRDA:31,2,1,12
BRDA:33,3,0,0
BRDA:59,4,0,7
BRDA:59,4,1,2
BRDA:79,5,0,0
BRDA:79,5,1,0
BRDA:79,6,0,0
BRDA:79,6,1,0
BRDA:99,7,0,0
BRDA:99,7,1,7
BRDA:102,8,0,0
BRDA:102,8,1,7
BRDA:105,9,0,0
BRDA:105,9,1,7
BRDA:108,10,0,0
BRDA:108,10,1,7
BRDA:111,11,0,0
BRDA:111,12,0,7
BRDA:111,12,1,7
BRDA:124,13,0,0
BRDA:154,14,0,0
BRDA:154,15,0,0
BRDA:154,15,1,0
BRDA:180,16,0,4
BRDA:183,17,0,0
BRDA:183,17,1,4
BRDA:185,18,0,0
BRDA:185,18,1,4
BRDA:187,19,0,0
BRDA:187,19,1,4
BRDA:189,20,0,0
BRDA:253,21,0,0
BRDA:253,21,1,0
BRF:38
BRH:16
end_of_record
TN:
SF:src/providers/MockProvider.ts
FN:19,(anonymous_0)
FN:27,(anonymous_1)
FN:49,(anonymous_2)
FN:75,(anonymous_3)
FN:80,(anonymous_4)
FN:92,(anonymous_5)
FN:94,(anonymous_6)
FN:97,(anonymous_7)
FN:228,(anonymous_8)
FNF:9
FNH:0
FNDA:0,(anonymous_0)
FNDA:0,(anonymous_1)
FNDA:0,(anonymous_2)
FNDA:0,(anonymous_3)
FNDA:0,(anonymous_4)
FNDA:0,(anonymous_5)
FNDA:0,(anonymous_6)
FNDA:0,(anonymous_7)
FNDA:0,(anonymous_8)
DA:7,0
DA:12,0
DA:13,0
DA:14,0
DA:23,0
DA:24,0
DA:28,0
DA:30,0
DA:32,0
DA:33,0
DA:39,0
DA:50,0
DA:52,0
DA:54,0
DA:55,0
DA:61,0
DA:62,0
DA:64,0
DA:76,0
DA:77,0
DA:85,0
DA:93,0
DA:94,0
DA:98,0
DA:100,0
DA:230,0
DA:231,0
DA:233,0
DA:234,0
DA:237,0
DA:241,0
LF:31
LH:0
BRDA:19,0,0,0
BRDA:23,1,0,0
BRDA:23,1,1,0
BRDA:24,2,0,0
BRDA:24,2,1,0
BRDA:32,3,0,0
BRDA:54,4,0,0
BRDA:88,5,0,0
BRDA:88,5,1,0
BRDA:93,6,0,0
BRDA:93,6,1,0
BRDA:234,7,0,0
BRDA:234,8,0,0
BRDA:234,8,1,0
BRDA:234,8,2,0
BRF:15
BRH:0
end_of_record
TN:
SF:src/routes/aiRoutes.ts
FN:19,(anonymous_1)
FN:20,(anonymous_2)
FNF:2
FNH:0
FNDA:0,(anonymous_1)
FNDA:0,(anonymous_2)
DA:8,0
DA:9,0
DA:11,0
DA:14,0
DA:19,0
DA:20,0
DA:21,0
DA:33,0
DA:34,0
DA:35,0
DA:36,0
DA:37,0
DA:38,0
DA:40,0
LF:14
LH:0
BRF:0
BRH:0
end_of_record
TN:
SF:src/routes/authRoutes.ts
FNF:0
FNH:0
DA:8,0
DA:9,0
DA:10,0
DA:19,0
DA:20,0
DA:21,0
DA:23,0
DA:26,0
DA:29,0
DA:49,0
DA:60,0
DA:67,0
DA:76,0
DA:77,0
DA:78,0
DA:79,0
DA:80,0
DA:83,0
DA:84,0
DA:86,0
LF:20
LH:0
BRF:0
BRH:0
end_of_record
TN:
SF:src/routes/v2/ai.ts
FN:6,(anonymous_0)
FN:58,(anonymous_1)
FN:84,(anonymous_2)
FN:112,(anonymous_3)
FN:135,(anonymous_4)
FN:168,(anonymous_5)
FN:229,(anonymous_6)
FNF:7
FNH:0
FNDA:0,(anonymous_0)
FNDA:0,(anonymous_1)
FNDA:0,(anonymous_2)
FNDA:0,(anonymous_3)
FNDA:0,(anonymous_4)
FNDA:0,(anonymous_5)
FNDA:0,(anonymous_6)
DA:1,0
DA:2,0
DA:3,0
DA:6,0
DA:8,0
DA:11,0
DA:14,0
DA:27,0
DA:58,0
DA:59,0
DA:84,0
DA:85,0
DA:112,0
DA:113,0
DA:135,0
DA:136,0
DA:168,0
DA:169,0
DA:202,0
DA:229,0
DA:230,0
DA:232,0
DA:243,0
DA:245,0
DA:246,0
DA:254,0
LF:26
LH:0
BRF:0
BRH:0
end_of_record
TN:
SF:src/routes/v2/auth.ts
FN:42,(anonymous_1)
FN:124,(anonymous_2)
FNF:2
FNH:0
FNDA:0,(anonymous_1)
FNDA:0,(anonymous_2)
DA:1,0
DA:2,0
DA:3,0
DA:4,0
DA:5,0
DA:6,0
DA:7,0
DA:8,0
DA:10,0
DA:13,0
DA:27,0
DA:38,0
DA:43,0
DA:44,0
DA:47,0
DA:51,0
DA:52,0
DA:59,0
DA:60,0
DA:63,0
DA:80,0
DA:81,0
DA:82,0
DA:84,0
DA:95,0
DA:100,0
DA:110,0
DA:111,0
DA:120,0
DA:125,0
DA:126,0
DA:129,0
DA:133,0
DA:134,0
DA:141,0
DA:142,0
DA:143,0
DA:150,0
DA:151,0
DA:158,0
DA:159,0
DA:160,0
DA:162,0
DA:174,0
DA:183,0
DA:188,0
DA:198,0
DA:199,0
DA:207,0
LF:49
LH:0
BRDA:51,0,0,0
BRDA:68,1,0,0
BRDA:68,1,1,0
BRDA:81,2,0,0
BRDA:91,3,0,0
BRDA:91,3,1,0
BRDA:113,4,0,0
BRDA:113,4,1,0
BRDA:133,5,0,0
BRDA:142,6,0,0
BRDA:150,7,0,0
BRDA:159,8,0,0
BRDA:169,9,0,0
BRDA:169,9,1,0
BRDA:201,10,0,0
BRDA:201,10,1,0
BRF:16
BRH:0
end_of_record
TN:
SF:src/routes/v2/job.ts
FN:39,(anonymous_0)
FN:136,(anonymous_1)
FN:172,(anonymous_2)
FN:213,(anonymous_3)
FNF:4
FNH:0
FNDA:0,(anonymous_0)
FNDA:0,(anonymous_1)
FNDA:0,(anonymous_2)
FNDA:0,(anonymous_3)
DA:1,0
DA:2,0
DA:3,0
DA:4,0
DA:5,0
DA:6,0
DA:7,0
DA:9,0
DA:12,0
DA:18,0
DA:34,0
DA:40,0
DA:41,0
DA:42,0
DA:45,0
DA:65,0
DA:66,0
DA:73,0
DA:74,0
DA:75,0
DA:76,0
DA:77,0
DA:90,0
DA:94,0
DA:108,0
DA:114,0
DA:120,0
DA:122,0
DA:131,0
DA:137,0
DA:138,0
DA:139,0
DA:140,0
DA:141,0
DA:142,0
DA:145,0
DA:146,0
DA:147,0
DA:151,0
DA:172,0
DA:183,0
DA:197,0
DA:199,0
DA:208,0
DA:214,0
DA:215,0
DA:216,0
DA:219,0
DA:226,0
DA:227,0
DA:234,0
DA:235,0
DA:236,0
DA:237,0
DA:238,0
DA:241,0
DA:245,0
DA:254,0
DA:256,0
DA:262,0
DA:264,0
DA:272,0
LF:62
LH:0
BRDA:65,0,0,0
BRDA:76,1,0,0
BRDA:99,2,0,0
BRDA:99,2,1,0
BRDA:100,3,0,0
BRDA:100,3,1,0
BRDA:124,4,0,0
BRDA:124,4,1,0
BRDA:139,5,0,0
BRDA:139,5,1,0
BRDA:140,6,0,0
BRDA:140,6,1,0
BRDA:146,7,0,0
BRDA:201,8,0,0
BRDA:201,8,1,0
BRDA:226,9,0,0
BRDA:236,10,0,0
BRDA:236,11,0,0
BRDA:236,11,1,0
BRDA:266,12,0,0
BRDA:266,12,1,0
BRF:21
BRH:0
end_of_record
TN:
SF:src/routes/v2/quiz.ts
FN:38,(anonymous_0)
FN:115,(anonymous_1)
FN:153,(anonymous_2)
FN:195,(anonymous_3)
FNF:4
FNH:0
FNDA:0,(anonymous_0)
FNDA:0,(anonymous_1)
FNDA:0,(anonymous_2)
FNDA:0,(anonymous_3)
DA:1,0
DA:2,0
DA:3,0
DA:4,0
DA:5,0
DA:6,0
DA:8,0
DA:11,0
DA:17,0
DA:33,0
DA:39,0
DA:40,0
DA:41,0
DA:44,0
DA:66,0
DA:67,0
DA:74,0
DA:87,0
DA:93,0
DA:99,0
DA:101,0
DA:110,0
DA:116,0
DA:117,0
DA:118,0
DA:119,0
DA:120,0
DA:121,0
DA:124,0
DA:125,0
DA:126,0
DA:130,0
DA:153,0
DA:165,0
DA:179,0
DA:181,0
DA:190,0
DA:196,0
DA:197,0
DA:198,0
DA:201,0
DA:208,0
DA:209,0
DA:216,0
DA:221,0
DA:222,0
DA:223,0
DA:224,0
DA:225,0
DA:227,0
DA:231,0
DA:233,0
DA:239,0
DA:241,0
DA:249,0
LF:55
LH:0
BRDA:66,0,0,0
BRDA:84,1,0,0
BRDA:84,1,1,0
BRDA:103,2,0,0
BRDA:103,2,1,0
BRDA:118,3,0,0
BRDA:118,3,1,0
BRDA:119,4,0,0
BRDA:119,4,1,0
BRDA:125,5,0,0
BRDA:161,6,0,0
BRDA:161,6,1,0
BRDA:183,7,0,0
BRDA:183,7,1,0
BRDA:208,8,0,0
BRDA:221,9,0,0
BRDA:243,10,0,0
BRDA:243,10,1,0
BRF:18
BRH:0
end_of_record
TN:
SF:src/routes/v2/upload.ts
FN:18,(anonymous_1)
FN:27,(anonymous_2)
FN:38,(anonymous_3)
FN:70,(anonymous_4)
FN:199,(anonymous_5)
FNF:5
FNH:0
FNDA:0,(anonymous_1)
FNDA:0,(anonymous_2)
FNDA:0,(anonymous_3)
FNDA:0,(anonymous_4)
FNDA:0,(anonymous_5)
DA:1,0
DA:2,0
DA:3,0
DA:4,0
DA:5,0
DA:6,0
DA:7,0
DA:8,0
DA:9,0
DA:10,0
DA:11,0
DA:12,0
DA:14,0
DA:17,0
DA:19,0
DA:20,0
DA:21,0
DA:22,0
DA:24,0
DA:28,0
DA:29,0
DA:33,0
DA:40,0
DA:41,0
DA:43,0
DA:49,0
DA:64,0
DA:71,0
DA:72,0
DA:73,0
DA:74,0
DA:76,0
DA:77,0
DA:83,0
DA:91,0
DA:92,0
DA:105,0
DA:106,0
DA:124,0
DA:142,0
DA:149,0
DA:159,0
DA:162,0
DA:163,0
DA:164,0
DA:166,0
DA:170,0
DA:179,0
DA:200,0
DA:201,0
DA:202,0
DA:204,0
DA:211,0
DA:212,0
DA:224,0
DA:225,0
DA:242,0
DA:260,0
DA:266,0
DA:276,0
DA:278,0
DA:286,0
LF:62
LH:0
BRDA:36,0,0,0
BRDA:36,0,1,0
BRDA:40,1,0,0
BRDA:40,1,1,0
BRDA:76,2,0,0
BRDA:95,3,0,0
BRDA:95,3,1,0
BRDA:96,4,0,0
BRDA:96,4,1,0
BRDA:162,5,0,0
BRDA:172,6,0,0
BRDA:172,6,1,0
BRDA:215,7,0,0
BRDA:215,7,1,0
BRDA:216,8,0,0
BRDA:216,8,1,0
BRDA:280,9,0,0
BRDA:280,9,1,0
BRF:18
BRH:0
end_of_record
TN:
SF:src/scripts/setup-config.ts
FN:11,(anonymous_10)
FN:21,(anonymous_11)
FN:61,(anonymous_12)
FN:84,(anonymous_13)
FN:118,(anonymous_14)
FN:210,(anonymous_15)
FN:239,(anonymous_16)
FN:261,(anonymous_17)
FN:283,(anonymous_18)
FN:293,(anonymous_19)
FN:376,(anonymous_20)
FN:384,(anonymous_21)
FN:385,(anonymous_22)
FN:392,runConfigSetup
FNF:14
FNH:0
FNDA:0,(anonymous_10)
FNDA:0,(anonymous_11)
FNDA:0,(anonymous_12)
FNDA:0,(anonymous_13)
FNDA:0,(anonymous_14)
FNDA:0,(anonymous_15)
FNDA:0,(anonymous_16)
FNDA:0,(anonymous_17)
FNDA:0,(anonymous_18)
FNDA:0,(anonymous_19)
FNDA:0,(anonymous_20)
FNDA:0,(anonymous_21)
FNDA:0,(anonymous_22)
FNDA:0,runConfigSetup
DA:1,0
DA:2,0
DA:4,0
DA:5,0
DA:6,0
DA:12,0
DA:22,0
DA:23,0
DA:24,0
DA:26,0
DA:28,0
DA:31,0
DA:34,0
DA:37,0
DA:40,0
DA:42,0
DA:43,0
DA:44,0
DA:45,0
DA:46,0
DA:47,0
DA:48,0
DA:51,0
DA:52,0
DA:54,0
DA:62,0
DA:64,0
DA:66,0
DA:67,0
DA:68,0
DA:70,0
DA:71,0
DA:72,0
DA:73,0
DA:74,0
DA:77,0
DA:85,0
DA:86,0
DA:88,0
DA:89,0
DA:91,0
DA:92,0
DA:93,0
DA:94,0
DA:96,0
DA:97,0
DA:98,0
DA:101,0
DA:102,0
DA:103,0
DA:104,0
DA:105,0
DA:106,0
DA:108,0
DA:109,0
DA:110,0
DA:119,0
DA:120,0
DA:121,0
DA:123,0
DA:126,0
DA:127,0
DA:129,0
DA:130,0
DA:131,0
DA:132,0
DA:133,0
DA:134,0
DA:138,0
DA:139,0
DA:140,0
DA:141,0
DA:142,0
DA:143,0
DA:144,0
DA:146,0
DA:147,0
DA:148,0
DA:150,0
DA:154,0
DA:155,0
DA:156,0
DA:158,0
DA:159,0
DA:160,0
DA:164,0
DA:165,0
DA:166,0
DA:168,0
DA:169,0
DA:170,0
DA:172,0
DA:173,0
DA:177,0
DA:178,0
DA:179,0
DA:181,0
DA:182,0
DA:183,0
DA:184,0
DA:185,0
DA:188,0
DA:192,0
DA:193,0
DA:194,0
DA:196,0
DA:197,0
DA:198,0
DA:202,0
DA:205,0
DA:211,0
DA:212,0
DA:215,0
DA:216,0
DA:218,0
DA:219,0
DA:222,0
DA:223,0
DA:225,0
DA:226,0
DA:229,0
DA:230,0
DA:232,0
DA:233,0
DA:240,0
DA:241,0
DA:244,0
DA:246,0
DA:247,0
DA:249,0
DA:250,0
DA:252,0
DA:253,0
DA:254,0
DA:262,0
DA:270,0
DA:283,0
DA:284,0
DA:287,0
DA:294,0
DA:377,0
DA:378,0
DA:385,0
DA:386,0
DA:393,0
DA:394,0
DA:398,0
DA:399,0
DA:402,0
LF:149
LH:0
BRDA:71,0,0,0
BRDA:91,1,0,0
BRDA:91,1,1,0
BRDA:97,2,0,0
BRDA:109,3,0,0
BRDA:130,4,0,0
BRDA:133,5,0,0
BRDA:138,6,0,0
BRDA:147,7,0,0
BRDA:159,8,0,0
BRDA:169,9,0,0
BRDA:169,9,1,0
BRDA:182,10,0,0
BRDA:182,10,1,0
BRDA:184,11,0,0
BRDA:197,12,0,0
BRDA:249,13,0,0
BRDA:249,13,1,0
BRDA:398,14,0,0
BRF:19
BRH:0
end_of_record
TN:
SF:src/services/aiService.ts
FN:34,(anonymous_1)
FN:40,(anonymous_2)
FN:53,(anonymous_3)
FN:72,(anonymous_4)
FN:134,(anonymous_5)
FN:192,(anonymous_6)
FN:206,(anonymous_7)
FN:263,(anonymous_8)
FN:302,(anonymous_9)
FN:328,(anonymous_10)
FN:339,(anonymous_11)
FN:357,(anonymous_12)
FN:365,(anonymous_13)
FN:374,(anonymous_14)
FN:395,(anonymous_15)
FN:403,(anonymous_16)
FN:425,(anonymous_17)
FNF:17
FNH:0
FNDA:0,(anonymous_1)
FNDA:0,(anonymous_2)
FNDA:0,(anonymous_3)
FNDA:0,(anonymous_4)
FNDA:0,(anonymous_5)
FNDA:0,(anonymous_6)
FNDA:0,(anonymous_7)
FNDA:0,(anonymous_8)
FNDA:0,(anonymous_9)
FNDA:0,(anonymous_10)
FNDA:0,(anonymous_11)
FNDA:0,(anonymous_12)
FNDA:0,(anonymous_13)
FNDA:0,(anonymous_14)
FNDA:0,(anonymous_15)
FNDA:0,(anonymous_16)
FNDA:0,(anonymous_17)
DA:1,0
DA:2,0
DA:3,0
DA:5,0
DA:6,0
DA:35,0
DA:41,0
DA:42,0
DA:43,0
DA:45,0
DA:46,0
DA:54,0
DA:55,0
DA:56,0
DA:59,0
DA:60,0
DA:62,0
DA:64,0
DA:65,0
DA:73,0
DA:75,0
DA:77,0
DA:78,0
DA:81,0
DA:84,0
DA:86,0
DA:91,0
DA:94,0
DA:95,0
DA:96,0
DA:99,0
DA:102,0
DA:105,0
DA:107,0
DA:112,0
DA:114,0
DA:121,0
DA:122,0
DA:135,0
DA:137,0
DA:139,0
DA:140,0
DA:142,0
DA:145,0
DA:147,0
DA:150,0
DA:152,0
DA:157,0
DA:160,0
DA:161,0
DA:162,0
DA:164,0
DA:167,0
DA:168,0
DA:171,0
DA:173,0
DA:175,0
DA:181,0
DA:182,0
DA:193,0
DA:194,0
DA:195,0
DA:196,0
DA:198,0
DA:199,0
DA:208,0
DA:257,0
DA:264,0
DA:303,0
DA:305,0
DA:308,0
DA:311,0
DA:312,0
DA:314,0
DA:315,0
DA:318,0
DA:321,0
DA:323,0
DA:324,0
DA:328,0
DA:329,0
DA:339,0
DA:341,0
DA:346,0
DA:349,0
DA:350,0
DA:358,0
DA:359,0
DA:366,0
DA:367,0
DA:375,0
DA:378,0
DA:379,0
DA:383,0
DA:384,0
DA:385,0
DA:387,0
DA:388,0
DA:389,0
DA:391,0
DA:392,0
DA:396,0
DA:397,0
DA:401,0
DA:403,0
DA:407,0
DA:410,0
DA:414,0
DA:426,0
DA:427,0
DA:428,0
DA:430,0
DA:431,0
DA:432,0
DA:433,0
DA:435,0
DA:439,0
DA:440,0
DA:443,0
DA:448,0
LF:120
LH:0
BRDA:126,0,0,0
BRDA:126,0,1,0
BRDA:167,1,0,0
BRDA:167,2,0,0
BRDA:167,2,1,0
BRDA:184,3,0,0
BRDA:184,3,1,0
BRDA:222,4,0,0
BRDA:222,4,1,0
BRDA:314,5,0,0
BRDA:314,6,0,0
BRDA:314,6,1,0
BRDA:323,7,0,0
BRDA:330,8,0,0
BRDA:330,8,1,0
BRDA:331,9,0,0
BRDA:331,9,1,0
BRDA:333,10,0,0
BRDA:333,10,1,0
BRDA:333,11,0,0
BRDA:333,11,1,0
BRDA:334,12,0,0
BRDA:334,12,1,0
BRDA:335,13,0,0
BRDA:335,13,1,0
BRDA:337,14,0,0
BRDA:337,14,1,0
BRDA:339,15,0,0
BRDA:339,15,1,0
BRDA:359,16,0,0
BRDA:359,16,1,0
BRDA:367,17,0,0
BRDA:367,17,1,0
BRDA:378,18,0,0
BRDA:401,19,0,0
BRDA:418,20,0,0
BRDA:418,20,1,0
BRDA:431,21,0,0
BRDA:431,21,1,0
BRDA:431,22,0,0
BRDA:431,22,1,0
BRDA:435,23,0,0
BRDA:435,23,1,0
BRDA:439,24,0,0
BRF:44
BRH:0
end_of_record
TN:
SF:src/services/cacheService.ts
FN:8,(anonymous_0)
FN:10,(anonymous_1)
FN:20,(anonymous_2)
FN:33,(anonymous_3)
FN:51,(anonymous_4)
FN:64,(anonymous_5)
FN:82,(anonymous_6)
FN:100,(anonymous_7)
FN:114,(anonymous_8)
FN:131,(anonymous_9)
FN:144,(anonymous_10)
FN:157,(anonymous_11)
FN:174,(anonymous_12)
FN:187,(anonymous_13)
FN:192,(anonymous_14)
FN:196,(anonymous_15)
FN:200,(anonymous_16)
FN:204,(anonymous_17)
FN:213,(anonymous_18)
FNF:19
FNH:0
FNDA:0,(anonymous_0)
FNDA:0,(anonymous_1)
FNDA:0,(anonymous_2)
FNDA:0,(anonymous_3)
FNDA:0,(anonymous_4)
FNDA:0,(anonymous_5)
FNDA:0,(anonymous_6)
FNDA:0,(anonymous_7)
FNDA:0,(anonymous_8)
FNDA:0,(anonymous_9)
FNDA:0,(anonymous_10)
FNDA:0,(anonymous_11)
FNDA:0,(anonymous_12)
FNDA:0,(anonymous_13)
FNDA:0,(anonymous_14)
FNDA:0,(anonymous_15)
FNDA:0,(anonymous_16)
FNDA:0,(anonymous_17)
FNDA:0,(anonymous_18)
DA:1,0
DA:2,0
DA:4,0
DA:6,0
DA:11,0
DA:12,0
DA:14,0
DA:21,0
DA:22,0
DA:23,0
DA:24,0
DA:26,0
DA:34,0
DA:35,0
DA:36,0
DA:37,0
DA:38,0
DA:39,0
DA:41,0
DA:43,0
DA:44,0
DA:52,0
DA:53,0
DA:54,0
DA:55,0
DA:57,0
DA:65,0
DA:66,0
DA:67,0
DA:68,0
DA:69,0
DA:70,0
DA:72,0
DA:74,0
DA:75,0
DA:83,0
DA:84,0
DA:85,0
DA:90,0
DA:91,0
DA:93,0
DA:101,0
DA:102,0
DA:103,0
DA:104,0
DA:106,0
DA:107,0
DA:115,0
DA:116,0
DA:117,0
DA:118,0
DA:119,0
DA:121,0
DA:123,0
DA:124,0
DA:132,0
DA:133,0
DA:134,0
DA:135,0
DA:137,0
DA:145,0
DA:146,0
DA:147,0
DA:148,0
DA:150,0
DA:158,0
DA:159,0
DA:160,0
DA:161,0
DA:162,0
DA:164,0
DA:166,0
DA:167,0
DA:175,0
DA:176,0
DA:177,0
DA:178,0
DA:179,0
DA:182,0
DA:188,0
DA:189,0
DA:193,0
DA:197,0
DA:201,0
DA:206,0
DA:207,0
DA:214,0
DA:215,0
DA:216,0
DA:220,0
LF:90
LH:0
BRDA:11,0,0,0
BRDA:20,1,0,0
BRDA:37,2,0,0
BRDA:51,3,0,0
BRDA:68,4,0,0
BRDA:82,5,0,0
BRDA:118,6,0,0
BRDA:144,7,0,0
BRDA:161,8,0,0
BRDA:177,9,0,0
BRF:10
BRH:0
end_of_record
TN:
SF:src/services/emailService.ts
FN:14,(anonymous_1)
FN:18,(anonymous_2)
FN:46,(anonymous_3)
FN:55,(anonymous_4)
FN:84,(anonymous_5)
FN:123,(anonymous_6)
FN:157,(anonymous_7)
FNF:7
FNH:0
FNDA:0,(anonymous_1)
FNDA:0,(anonymous_2)
FNDA:0,(anonymous_3)
FNDA:0,(anonymous_4)
FNDA:0,(anonymous_5)
FNDA:0,(anonymous_6)
FNDA:0,(anonymous_7)
DA:1,0
DA:2,0
DA:15,0
DA:19,0
DA:21,0
DA:31,0
DA:46,0
DA:47,0
DA:48,0
DA:50,0
DA:56,0
DA:57,0
DA:65,0
DA:67,0
DA:68,0
DA:73,0
DA:79,0
DA:80,0
DA:85,0
DA:86,0
DA:115,0
DA:124,0
DA:125,0
DA:144,0
DA:154,0
DA:157,0
DA:158,0
LF:27
LH:0
BRDA:19,0,0,0
BRDA:19,0,1,0
BRDA:33,1,0,0
BRDA:33,1,1,0
BRDA:47,2,0,0
BRDA:47,2,1,0
BRDA:58,3,0,0
BRDA:58,3,1,0
BRDA:58,4,0,0
BRDA:58,4,1,0
BRDA:62,5,0,0
BRDA:62,5,1,0
BRDA:67,6,0,0
BRDA:67,6,1,0
BRDA:102,7,0,0
BRDA:102,7,1,0
BRDA:118,8,0,0
BRDA:118,8,1,0
BRF:18
BRH:0
end_of_record
TN:
SF:src/services/enhancedFileParser.ts
FN:42,(anonymous_12)
FN:147,(anonymous_13)
FN:175,(anonymous_14)
FN:191,(anonymous_15)
FN:202,(anonymous_16)
FN:205,(anonymous_17)
FN:238,(anonymous_18)
FN:266,(anonymous_19)
FN:270,(anonymous_20)
FN:279,(anonymous_21)
FN:286,(anonymous_22)
FN:289,(anonymous_23)
FN:312,(anonymous_24)
FN:323,(anonymous_25)
FN:336,(anonymous_26)
FN:351,(anonymous_27)
FN:359,(anonymous_28)
FN:370,(anonymous_29)
FN:382,(anonymous_30)
FN:393,(anonymous_31)
FN:401,(anonymous_32)
FN:414,(anonymous_33)
FN:421,(anonymous_34)
FNF:23
FNH:0
FNDA:0,(anonymous_12)
FNDA:0,(anonymous_13)
FNDA:0,(anonymous_14)
FNDA:0,(anonymous_15)
FNDA:0,(anonymous_16)
FNDA:0,(anonymous_17)
FNDA:0,(anonymous_18)
FNDA:0,(anonymous_19)
FNDA:0,(anonymous_20)
FNDA:0,(anonymous_21)
FNDA:0,(anonymous_22)
FNDA:0,(anonymous_23)
FNDA:0,(anonymous_24)
FNDA:0,(anonymous_25)
FNDA:0,(anonymous_26)
FNDA:0,(anonymous_27)
FNDA:0,(anonymous_28)
FNDA:0,(anonymous_29)
FNDA:0,(anonymous_30)
FNDA:0,(anonymous_31)
FNDA:0,(anonymous_32)
FNDA:0,(anonymous_33)
FNDA:0,(anonymous_34)
DA:1,0
DA:2,0
DA:3,0
DA:4,0
DA:5,0
DA:6,0
DA:7,0
DA:32,0
DA:33,0
DA:34,0
DA:42,0
DA:48,0
DA:50,0
DA:52,0
DA:54,0
DA:55,0
DA:64,0
DA:65,0
DA:68,0
DA:71,0
DA:72,0
DA:73,0
DA:74,0
DA:78,0
DA:79,0
DA:80,0
DA:81,0
DA:82,0
DA:85,0
DA:86,0
DA:87,0
DA:88,0
DA:89,0
DA:92,0
DA:93,0
DA:94,0
DA:95,0
DA:98,0
DA:99,0
DA:102,0
DA:103,0
DA:106,0
DA:110,0
DA:111,0
DA:114,0
DA:116,0
DA:117,0
DA:120,0
DA:128,0
DA:135,0
DA:140,0
DA:151,0
DA:152,0
DA:156,0
DA:157,0
DA:160,0
DA:168,0
DA:180,0
DA:181,0
DA:187,0
DA:188,0
DA:191,0
DA:192,0
DA:193,0
DA:199,0
DA:202,0
DA:203,0
DA:204,0
DA:205,0
DA:207,0
DA:208,0
DA:213,0
DA:219,0
DA:222,0
DA:231,0
DA:243,0
DA:244,0
DA:249,0
DA:259,0
DA:270,0
DA:271,0
DA:272,0
DA:274,0
DA:280,0
DA:281,0
DA:282,0
DA:285,0
DA:286,0
DA:287,0
DA:288,0
DA:289,0
DA:291,0
DA:292,0
DA:297,0
DA:313,0
DA:314,0
DA:316,0
DA:324,0
DA:325,0
DA:327,0
DA:329,0
DA:337,0
DA:339,0
DA:340,0
DA:343,0
DA:344,0
DA:352,0
DA:353,0
DA:360,0
DA:361,0
DA:362,0
DA:364,0
DA:371,0
DA:383,0
DA:386,0
DA:389,0
DA:393,0
DA:395,0
DA:402,0
DA:404,0
DA:405,0
DA:406,0
DA:408,0
DA:415,0
DA:422,0
DA:423,0
DA:427,0
LF:127
LH:0
BRDA:46,0,0,0
BRDA:60,1,0,0
BRDA:60,1,1,0
BRDA:68,2,0,0
BRDA:68,2,1,0
BRDA:68,2,2,0
BRDA:68,2,3,0
BRDA:68,2,4,0
BRDA:68,2,5,0
BRDA:68,2,6,0
BRDA:68,2,7,0
BRDA:68,2,8,0
BRDA:116,3,0,0
BRDA:131,4,0,0
BRDA:131,4,1,0
BRDA:138,5,0,0
BRDA:138,5,1,0
BRDA:140,6,0,0
BRDA:140,6,1,0
BRDA:156,7,0,0
BRDA:156,8,0,0
BRDA:156,8,1,0
BRDA:168,9,0,0
BRDA:168,9,1,0
BRDA:203,10,0,0
BRDA:203,11,0,0
BRDA:203,11,1,0
BRDA:205,12,0,0
BRDA:205,12,1,0
BRDA:205,12,2,0
BRDA:207,13,0,0
BRDA:231,14,0,0
BRDA:231,14,1,0
BRDA:259,15,0,0
BRDA:259,15,1,0
BRDA:272,16,0,0
BRDA:272,16,1,0
BRDA:275,17,0,0
BRDA:275,17,1,0
BRDA:280,18,0,0
BRDA:287,19,0,0
BRDA:287,20,0,0
BRDA:287,20,1,0
BRDA:289,21,0,0
BRDA:289,21,1,0
BRDA:289,21,2,0
BRDA:291,22,0,0
BRDA:301,23,0,0
BRDA:301,23,1,0
BRDA:302,24,0,0
BRDA:302,24,1,0
BRDA:314,25,0,0
BRDA:314,25,1,0
BRDA:316,26,0,0
BRDA:316,26,1,0
BRDA:325,27,0,0
BRDA:325,27,1,0
BRDA:329,28,0,0
BRDA:329,28,1,0
BRDA:337,29,0,0
BRDA:337,29,1,0
BRDA:339,30,0,0
BRDA:343,31,0,0
BRDA:361,32,0,0
BRDA:383,33,0,0
BRDA:386,34,0,0
BRDA:386,34,1,0
BRDA:402,35,0,0
BRF:68
BRH:0
end_of_record
TN:
SF:src/services/fileParserService.ts
FN:22,(anonymous_10)
FN:85,(anonymous_11)
FN:97,(anonymous_12)
FN:103,(anonymous_13)
FN:108,(anonymous_14)
FN:110,(anonymous_15)
FN:127,(anonymous_16)
FN:142,(anonymous_17)
FN:143,(anonymous_18)
FN:150,(anonymous_19)
FN:157,(anonymous_20)
FN:160,(anonymous_21)
FN:176,(anonymous_22)
FN:187,(anonymous_23)
FN:188,(anonymous_24)
FN:194,(anonymous_25)
FN:215,(anonymous_26)
FN:222,(anonymous_27)
FN:229,(anonymous_28)
FNF:19
FNH:0
FNDA:0,(anonymous_10)
FNDA:0,(anonymous_11)
FNDA:0,(anonymous_12)
FNDA:0,(anonymous_13)
FNDA:0,(anonymous_14)
FNDA:0,(anonymous_15)
FNDA:0,(anonymous_16)
FNDA:0,(anonymous_17)
FNDA:0,(anonymous_18)
FNDA:0,(anonymous_19)
FNDA:0,(anonymous_20)
FNDA:0,(anonymous_21)
FNDA:0,(anonymous_22)
FNDA:0,(anonymous_23)
FNDA:0,(anonymous_24)
FNDA:0,(anonymous_25)
FNDA:0,(anonymous_26)
FNDA:0,(anonymous_27)
FNDA:0,(anonymous_28)
DA:1,0
DA:2,0
DA:3,0
DA:4,0
DA:18,0
DA:23,0
DA:25,0
DA:26,0
DA:27,0
DA:33,0
DA:36,0
DA:37,0
DA:38,0
DA:39,0
DA:43,0
DA:44,0
DA:45,0
DA:48,0
DA:49,0
DA:50,0
DA:51,0
DA:52,0
DA:55,0
DA:56,0
DA:57,0
DA:60,0
DA:61,0
DA:62,0
DA:65,0
DA:66,0
DA:67,0
DA:70,0
DA:73,0
DA:78,0
DA:86,0
DA:87,0
DA:88,0
DA:90,0
DA:98,0
DA:99,0
DA:100,0
DA:103,0
DA:104,0
DA:105,0
DA:108,0
DA:109,0
DA:110,0
DA:111,0
DA:112,0
DA:118,0
DA:120,0
DA:128,0
DA:129,0
DA:130,0
DA:135,0
DA:143,0
DA:144,0
DA:146,0
DA:151,0
DA:152,0
DA:153,0
DA:156,0
DA:157,0
DA:158,0
DA:159,0
DA:160,0
DA:162,0
DA:163,0
DA:168,0
DA:177,0
DA:178,0
DA:179,0
DA:181,0
DA:188,0
DA:195,0
DA:196,0
DA:208,0
DA:209,0
DA:216,0
DA:223,0
DA:230,0
DA:232,0
DA:233,0
DA:234,0
DA:236,0
DA:240,0
LF:86
LH:0
BRDA:33,0,0,0
BRDA:33,0,1,0
BRDA:33,0,2,0
BRDA:33,0,3,0
BRDA:33,0,4,0
BRDA:33,0,5,0
BRDA:33,0,6,0
BRDA:33,0,7,0
BRDA:33,0,8,0
BRDA:78,1,0,0
BRDA:78,1,1,0
BRDA:109,2,0,0
BRDA:110,3,0,0
BRDA:110,3,1,0
BRDA:111,4,0,0
BRDA:151,5,0,0
BRDA:158,6,0,0
BRDA:158,7,0,0
BRDA:158,7,1,0
BRDA:160,8,0,0
BRDA:160,8,1,0
BRDA:160,8,2,0
BRDA:162,9,0,0
BRDA:178,10,0,0
BRDA:209,11,0,0
BRDA:209,11,1,0
BRDA:209,12,0,0
BRDA:209,12,1,0
BRDA:230,13,0,0
BRF:29
BRH:0
end_of_record
TN:
SF:src/services/gemini.ts
FN:11,generateQuizHTML
FNF:1
FNH:0
FNDA:0,generateQuizHTML
DA:1,0
DA:2,0
DA:3,0
DA:11,0
DA:12,0
DA:13,0
DA:18,0
DA:19,0
DA:23,0
DA:24,0
DA:31,0
DA:32,0
DA:37,0
DA:42,0
DA:43,0
DA:46,0
DA:52,0
DA:55,0
DA:56,0
LF:19
LH:0
BRDA:23,0,0,0
BRDA:23,0,1,0
BRDA:23,1,0,0
BRDA:23,1,1,0
BRDA:42,2,0,0
BRDA:43,3,0,0
BRDA:43,3,1,0
BRDA:48,4,0,0
BRDA:48,4,1,0
BRDA:52,5,0,0
BRDA:52,5,1,0
BRDA:56,6,0,0
BRDA:56,6,1,0
BRF:13
BRH:0
end_of_record
TN:
SF:src/services/parser.ts
FN:14,parseFileToJSON
FN:52,getMimeType
FNF:2
FNH:0
FNDA:0,parseFileToJSON
FNDA:0,getMimeType
DA:1,0
DA:2,0
DA:3,0
DA:4,0
DA:6,0
DA:14,0
DA:15,0
DA:18,0
DA:20,0
DA:21,0
DA:22,0
DA:24,0
DA:25,0
DA:27,0
DA:35,0
DA:37,0
DA:42,0
DA:44,0
DA:45,0
DA:53,0
DA:55,0
DA:65,0
LF:22
LH:0
BRDA:18,0,0,0
BRDA:18,0,1,0
BRDA:45,1,0,0
BRDA:45,1,1,0
BRDA:65,2,0,0
BRDA:65,2,1,0
BRF:6
BRH:0
end_of_record
TN:
SF:src/utils/ApiError.ts
FN:5,(anonymous_0)
FN:14,(anonymous_1)
FNF:2
FNH:0
FNDA:0,(anonymous_0)
FNDA:0,(anonymous_1)
DA:1,0
DA:6,0
DA:7,0
DA:8,0
DA:10,0
DA:14,0
DA:15,0
LF:7
LH:0
BRDA:5,0,0,0
BRDA:14,1,0,0
BRF:2
BRH:0
end_of_record
TN:
SF:src/utils/configValidator.ts
FN:15,(anonymous_10)
FN:21,(anonymous_11)
FN:41,(anonymous_12)
FN:47,(anonymous_13)
FN:48,(anonymous_14)
FN:57,(anonymous_15)
FN:107,(anonymous_16)
FN:132,(anonymous_17)
FN:171,(anonymous_18)
FN:229,(anonymous_19)
FN:231,(anonymous_20)
FN:232,(anonymous_21)
FN:270,(anonymous_22)
FN:286,(anonymous_23)
FN:289,(anonymous_24)
FN:290,(anonymous_25)
FN:291,(anonymous_26)
FN:300,(anonymous_27)
FN:303,(anonymous_28)
FN:315,(anonymous_29)
FN:318,(anonymous_30)
FN:327,(anonymous_31)
FN:330,(anonymous_32)
FN:343,(anonymous_33)
FN:344,(anonymous_34)
FN:358,(anonymous_35)
FNF:26
FNH:0
FNDA:0,(anonymous_10)
FNDA:0,(anonymous_11)
FNDA:0,(anonymous_12)
FNDA:0,(anonymous_13)
FNDA:0,(anonymous_14)
FNDA:0,(anonymous_15)
FNDA:0,(anonymous_16)
FNDA:0,(anonymous_17)
FNDA:0,(anonymous_18)
FNDA:0,(anonymous_19)
FNDA:0,(anonymous_20)
FNDA:0,(anonymous_21)
FNDA:0,(anonymous_22)
FNDA:0,(anonymous_23)
FNDA:0,(anonymous_24)
FNDA:0,(anonymous_25)
FNDA:0,(anonymous_26)
FNDA:0,(anonymous_27)
FNDA:0,(anonymous_28)
FNDA:0,(anonymous_29)
FNDA:0,(anonymous_30)
FNDA:0,(anonymous_31)
FNDA:0,(anonymous_32)
FNDA:0,(anonymous_33)
FNDA:0,(anonymous_34)
FNDA:0,(anonymous_35)
DA:1,0
DA:2,0
DA:3,0
DA:4,0
DA:5,0
DA:15,0
DA:16,0
DA:22,0
DA:24,0
DA:27,0
DA:30,0
DA:33,0
DA:36,0
DA:39,0
DA:41,0
DA:42,0
DA:44,0
DA:47,0
DA:48,0
DA:51,0
DA:58,0
DA:61,0
DA:62,0
DA:63,0
DA:71,0
DA:80,0
DA:88,0
DA:89,0
DA:96,0
DA:108,0
DA:109,0
DA:110,0
DA:111,0
DA:113,0
DA:119,0
DA:133,0
DA:135,0
DA:136,0
DA:137,0
DA:145,0
DA:146,0
DA:148,0
DA:154,0
DA:162,0
DA:163,0
DA:172,0
DA:174,0
DA:175,0
DA:182,0
DA:185,0
DA:186,0
DA:187,0
DA:190,0
DA:191,0
DA:193,0
DA:194,0
DA:200,0
DA:203,0
DA:204,0
DA:206,0
DA:207,0
DA:208,0
DA:209,0
DA:210,0
DA:211,0
DA:212,0
DA:216,0
DA:230,0
DA:231,0
DA:232,0
DA:234,0
DA:236,0
DA:238,0
DA:239,0
DA:242,0
DA:246,0
DA:247,0
DA:248,0
DA:250,0
DA:257,0
DA:271,0
DA:273,0
DA:276,0
DA:287,0
DA:289,0
DA:290,0
DA:291,0
DA:293,0
DA:294,0
DA:295,0
DA:296,0
DA:297,0
DA:300,0
DA:301,0
DA:302,0
DA:303,0
DA:304,0
DA:305,0
DA:306,0
DA:308,0
DA:309,0
DA:311,0
DA:315,0
DA:316,0
DA:317,0
DA:318,0
DA:319,0
DA:320,0
DA:321,0
DA:323,0
DA:327,0
DA:328,0
DA:329,0
DA:330,0
DA:331,0
DA:335,0
DA:337,0
DA:344,0
DA:346,0
DA:347,0
DA:350,0
DA:358,0
DA:359,0
DA:360,0
DA:361,0
DA:362,0
DA:365,0
DA:367,0
DA:371,0
LF:129
LH:0
BRDA:61,0,0,0
BRDA:61,0,1,0
BRDA:61,1,0,0
BRDA:61,1,1,0
BRDA:62,2,0,0
BRDA:62,2,1,0
BRDA:88,3,0,0
BRDA:88,3,1,0
BRDA:88,4,0,0
BRDA:88,4,1,0
BRDA:123,5,0,0
BRDA:123,5,1,0
BRDA:158,6,0,0
BRDA:158,6,1,0
BRDA:162,7,0,0
BRDA:174,8,0,0
BRDA:193,9,0,0
BRDA:193,9,1,0
BRDA:206,10,0,0
BRDA:207,11,0,0
BRDA:207,11,1,0
BRDA:210,12,0,0
BRDA:220,13,0,0
BRDA:220,13,1,0
BRDA:261,14,0,0
BRDA:261,14,1,0
BRDA:273,15,0,0
BRDA:273,15,1,0
BRDA:274,16,0,0
BRDA:274,16,1,0
BRDA:301,17,0,0
BRDA:305,18,0,0
BRDA:308,19,0,0
BRDA:316,20,0,0
BRDA:320,21,0,0
BRDA:328,22,0,0
BRDA:344,23,0,0
BRDA:344,23,1,0
BRDA:346,24,0,0
BRF:39
BRH:0
end_of_record
TN:
SF:src/utils/logger.ts
FN:4,(anonymous_1)
FN:22,(anonymous_2)
FN:28,(anonymous_3)
FN:39,(anonymous_4)
FN:48,(anonymous_5)
FN:59,(anonymous_6)
FN:74,(anonymous_7)
FN:85,(anonymous_8)
FN:91,(anonymous_9)
FN:97,(anonymous_10)
FN:103,(anonymous_11)
FNF:11
FNH:8
FNDA:1,(anonymous_1)
FNDA:1,(anonymous_2)
FNDA:1,(anonymous_3)
FNDA:1,(anonymous_4)
FNDA:50,(anonymous_5)
FNDA:50,(anonymous_6)
FNDA:0,(anonymous_7)
FNDA:19,(anonymous_8)
FNDA:0,(anonymous_9)
FNDA:31,(anonymous_10)
FNDA:0,(anonymous_11)
DA:1,1
DA:2,1
DA:4,1
DA:5,1
DA:6,1
DA:7,1
DA:8,1
DA:23,1
DA:24,1
DA:25,1
DA:29,1
DA:30,1
DA:31,0
DA:32,0
DA:33,1
DA:34,0
DA:35,0
DA:40,1
DA:41,0
DA:42,0
DA:43,0
DA:49,50
DA:50,50
DA:56,50
DA:60,50
DA:63,50
DA:64,0
DA:65,0
DA:69,50
DA:70,0
DA:75,0
DA:82,0
DA:86,19
DA:87,19
DA:92,0
DA:93,0
DA:98,31
DA:99,31
DA:104,0
DA:105,0
DA:110,1
LF:41
LH:25
BRDA:4,0,0,1
BRDA:4,0,1,1
BRDA:29,1,0,1
BRDA:29,1,1,1
BRDA:30,2,0,0
BRDA:30,2,1,0
BRDA:30,2,2,1
BRDA:30,2,3,0
BRDA:30,2,4,0
BRDA:40,3,0,0
BRDA:42,4,0,0
BRDA:54,5,0,50
BRDA:54,5,1,19
BRDA:63,6,0,0
BRDA:65,7,0,0
BRDA:65,7,1,0
BRDA:69,8,0,0
BRDA:82,9,0,0
BRDA:82,9,1,0
BRDA:86,10,0,19
BRDA:92,11,0,0
BRDA:98,12,0,31
BRDA:104,13,0,0
BRF:23
BRH:9
end_of_record
TN:
SF:src/utils/performanceMonitor.ts
FN:18,(anonymous_0)
FN:41,(anonymous_1)
FN:75,(anonymous_2)
FN:98,(anonymous_3)
FN:113,(anonymous_4)
FN:125,(anonymous_5)
FN:139,(anonymous_6)
FN:146,(anonymous_7)
FN:153,(anonymous_8)
FN:172,monitor
FN:173,(anonymous_10)
FN:177,(anonymous_11)
FN:212,measurePerformance
FNF:13
FNH:0
FNDA:0,(anonymous_0)
FNDA:0,(anonymous_1)
FNDA:0,(anonymous_2)
FNDA:0,(anonymous_3)
FNDA:0,(anonymous_4)
FNDA:0,(anonymous_5)
FNDA:0,(anonymous_6)
FNDA:0,(anonymous_7)
FNDA:0,(anonymous_8)
FNDA:0,monitor
FNDA:0,(anonymous_10)
FNDA:0,(anonymous_11)
FNDA:0,measurePerformance
DA:1,0
DA:12,0
DA:13,0
DA:19,0
DA:20,0
DA:22,0
DA:29,0
DA:42,0
DA:43,0
DA:44,0
DA:45,0
DA:48,0
DA:49,0
DA:50,0
DA:52,0
DA:64,0
DA:67,0
DA:69,0
DA:76,0
DA:86,0
DA:87,0
DA:88,0
DA:89,0
DA:91,0
DA:102,0
DA:114,0
DA:126,0
DA:128,0
DA:129,0
DA:130,0
DA:131,0
DA:133,0
DA:140,0
DA:147,0
DA:154,0
DA:155,0
DA:157,0
DA:172,0
DA:173,0
DA:174,0
DA:175,0
DA:177,0
DA:178,0
DA:180,0
DA:186,0
DA:187,0
DA:189,0
DA:194,0
DA:196,0
DA:201,0
DA:205,0
DA:212,0
DA:217,0
DA:219,0
DA:221,0
DA:222,0
DA:223,0
DA:224,0
DA:226,0
DA:230,0
DA:234,0
LF:61
LH:0
BRDA:43,0,0,0
BRDA:86,1,0,0
BRDA:86,1,1,0
BRDA:88,2,0,0
BRDA:88,2,1,0
BRDA:126,3,0,0
BRDA:131,4,0,0
BRDA:131,4,1,0
BRDA:175,5,0,0
BRDA:175,5,1,0
BRDA:198,6,0,0
BRDA:198,6,1,0
BRDA:228,7,0,0
BRDA:228,7,1,0
BRF:14
BRH:0
end_of_record
TN:
SF:src/workers/quizWorker.ts
FN:22,(anonymous_1)
FN:107,updateJobProgress
FN:131,(anonymous_3)
FN:135,(anonymous_4)
FN:139,(anonymous_5)
FN:144,(anonymous_6)
FNF:6
FNH:0
FNDA:0,(anonymous_1)
FNDA:0,updateJobProgress
FNDA:0,(anonymous_3)
FNDA:0,(anonymous_4)
FNDA:0,(anonymous_5)
FNDA:0,(anonymous_6)
DA:1,0
DA:2,0
DA:3,0
DA:4,0
DA:5,0
DA:6,0
DA:7,0
DA:20,0
DA:23,0
DA:25,0
DA:27,0
DA:29,0
DA:34,0
DA:36,0
DA:37,0
DA:39,0
DA:41,0
DA:45,0
DA:48,0
DA:51,0
DA:54,0
DA:57,0
DA:60,0
DA:70,0
DA:72,0
DA:74,0
DA:81,0
DA:83,0
DA:90,0
DA:100,0
DA:108,0
DA:109,0
DA:112,0
DA:124,0
DA:126,0
DA:131,0
DA:132,0
DA:135,0
DA:136,0
DA:139,0
DA:140,0
DA:144,0
DA:145,0
DA:146,0
DA:147,0
DA:149,0
DA:153,0
LF:47
LH:0
BRDA:34,0,0,0
BRDA:34,0,1,0
BRDA:37,1,0,0
BRDA:37,1,1,0
BRDA:81,2,0,0
BRDA:81,2,1,0
BRDA:86,3,0,0
BRDA:86,3,1,0
BRF:8
BRH:0
end_of_record
